TimeQuest Timing Analyzer report for Lab2_4
Tue Aug 22 07:01:17 2017
Quartus II 64-Bit Version 13.0.1 Build 232 06/12/2013 Service Pack 1 SJ Web Edition


---------------------
; Table of Contents ;
---------------------
  1. Legal Notice
  2. TimeQuest Timing Analyzer Summary
  3. Parallel Compilation
  4. Clocks
  5. Slow Model Fmax Summary
  6. Slow Model Setup Summary
  7. Slow Model Hold Summary
  8. Slow Model Recovery Summary
  9. Slow Model Removal Summary
 10. Slow Model Minimum Pulse Width Summary
 11. Propagation Delay
 12. Minimum Propagation Delay
 13. Fast Model Setup Summary
 14. Fast Model Hold Summary
 15. Fast Model Recovery Summary
 16. Fast Model Removal Summary
 17. Fast Model Minimum Pulse Width Summary
 18. Propagation Delay
 19. Minimum Propagation Delay
 20. Multicorner Timing Analysis Summary
 21. Progagation Delay
 22. Minimum Progagation Delay
 23. Clock Transfers
 24. Report TCCS
 25. Report RSKM
 26. Unconstrained Paths
 27. TimeQuest Timing Analyzer Messages



----------------
; Legal Notice ;
----------------
Copyright (C) 1991-2013 Altera Corporation
Your use of Altera Corporation's design tools, logic functions 
and other software and tools, and its AMPP partner logic 
functions, and any output files from any of the foregoing 
(including device programming or simulation files), and any 
associated documentation or information are expressly subject 
to the terms and conditions of the Altera Program License 
Subscription Agreement, Altera MegaCore Function License 
Agreement, or other applicable license agreement, including, 
without limitation, that your use is for the sole purpose of 
programming logic devices manufactured by Altera and sold by 
Altera or its authorized distributors.  Please refer to the 
applicable agreement for further details.



+----------------------------------------------------------------------------------------+
; TimeQuest Timing Analyzer Summary                                                      ;
+--------------------+-------------------------------------------------------------------+
; Quartus II Version ; Version 13.0.1 Build 232 06/12/2013 Service Pack 1 SJ Web Edition ;
; Revision Name      ; Lab2_4                                                            ;
; Device Family      ; Cyclone II                                                        ;
; Device Name        ; EP2C70F896C6                                                      ;
; Timing Models      ; Final                                                             ;
; Delay Model        ; Combined                                                          ;
; Rise/Fall Delays   ; Unavailable                                                       ;
+--------------------+-------------------------------------------------------------------+


Parallel compilation was disabled, but you have multiple processors available. Enable parallel compilation to reduce compilation time.
+-------------------------------------+
; Parallel Compilation                ;
+----------------------------+--------+
; Processors                 ; Number ;
+----------------------------+--------+
; Number detected on machine ; 4      ;
; Maximum allowed            ; 1      ;
+----------------------------+--------+


----------
; Clocks ;
----------
No clocks to report.


---------------------------
; Slow Model Fmax Summary ;
---------------------------
No paths to report.


----------------------------
; Slow Model Setup Summary ;
----------------------------
No paths to report.


---------------------------
; Slow Model Hold Summary ;
---------------------------
No paths to report.


-------------------------------
; Slow Model Recovery Summary ;
-------------------------------
No paths to report.


------------------------------
; Slow Model Removal Summary ;
------------------------------
No paths to report.


------------------------------------------
; Slow Model Minimum Pulse Width Summary ;
------------------------------------------
No paths to report.


+--------------------------------------------------------------+
; Propagation Delay                                            ;
+------------+-------------+--------+--------+--------+--------+
; Input Port ; Output Port ; RR     ; RF     ; FR     ; FF     ;
+------------+-------------+--------+--------+--------+--------+
; SW_Cin     ; HEX_0[0]    ; 12.226 ; 12.226 ; 12.226 ; 12.226 ;
; SW_Cin     ; HEX_0[1]    ; 12.412 ; 12.412 ; 12.412 ; 12.412 ;
; SW_Cin     ; HEX_0[2]    ; 11.759 ; 11.759 ; 11.759 ; 11.759 ;
; SW_Cin     ; HEX_0[3]    ; 12.230 ; 12.230 ; 12.230 ; 12.230 ;
; SW_Cin     ; HEX_0[4]    ; 12.261 ; 12.261 ; 12.261 ; 12.261 ;
; SW_Cin     ; HEX_0[5]    ; 11.760 ; 11.760 ; 11.760 ; 11.760 ;
; SW_Cin     ; HEX_0[6]    ; 11.616 ; 11.616 ; 11.616 ; 11.616 ;
; SW_Cin     ; HEX_1[0]    ; 12.047 ; 12.047 ; 12.047 ; 12.047 ;
; SW_Cin     ; HEX_1[1]    ; 12.449 ; 12.449 ; 12.449 ; 12.449 ;
; SW_Cin     ; HEX_1[2]    ; 12.449 ; 12.449 ; 12.449 ; 12.449 ;
; SW_Cin     ; HEX_1[3]    ; 12.038 ; 12.038 ; 12.038 ; 12.038 ;
; SW_Cin     ; HEX_1[4]    ; 12.067 ; 12.067 ; 12.067 ; 12.067 ;
; SW_Cin     ; HEX_1[5]    ; 12.067 ; 12.067 ; 12.067 ; 12.067 ;
; SW_Cin     ; LED_R[0]    ; 10.311 ; 10.311 ; 10.311 ; 10.311 ;
; SW_Cin     ; LED_R[1]    ; 10.162 ; 10.162 ; 10.162 ; 10.162 ;
; SW_Cin     ; LED_R[2]    ; 10.450 ; 10.450 ; 10.450 ; 10.450 ;
; SW_Cin     ; LED_R[3]    ; 10.282 ; 10.282 ; 10.282 ; 10.282 ;
; SW_Cin     ; LED_R[4]    ; 10.432 ;        ;        ; 10.432 ;
; SW_Cin     ; cout        ; 10.689 ;        ;        ; 10.689 ;
; SW_X[0]    ; HEX_0[0]    ; 8.943  ; 8.943  ; 8.943  ; 8.943  ;
; SW_X[0]    ; HEX_0[1]    ; 9.129  ; 9.129  ; 9.129  ; 9.129  ;
; SW_X[0]    ; HEX_0[2]    ; 8.476  ; 8.476  ; 8.476  ; 8.476  ;
; SW_X[0]    ; HEX_0[3]    ; 8.947  ; 8.947  ; 8.947  ; 8.947  ;
; SW_X[0]    ; HEX_0[4]    ; 8.978  ; 8.978  ; 8.978  ; 8.978  ;
; SW_X[0]    ; HEX_0[5]    ; 8.477  ; 8.477  ; 8.477  ; 8.477  ;
; SW_X[0]    ; HEX_0[6]    ; 8.333  ; 8.333  ; 8.333  ; 8.333  ;
; SW_X[0]    ; HEX_1[0]    ; 8.764  ; 8.764  ; 8.764  ; 8.764  ;
; SW_X[0]    ; HEX_1[1]    ; 9.166  ; 9.166  ; 9.166  ; 9.166  ;
; SW_X[0]    ; HEX_1[2]    ; 9.166  ; 9.166  ; 9.166  ; 9.166  ;
; SW_X[0]    ; HEX_1[3]    ; 8.755  ; 8.755  ; 8.755  ; 8.755  ;
; SW_X[0]    ; HEX_1[4]    ; 8.784  ; 8.784  ; 8.784  ; 8.784  ;
; SW_X[0]    ; HEX_1[5]    ; 8.784  ; 8.784  ; 8.784  ; 8.784  ;
; SW_X[0]    ; HEX_5[0]    ; 6.780  ; 6.780  ; 6.780  ; 6.780  ;
; SW_X[0]    ; HEX_5[1]    ; 6.522  ; 6.522  ; 6.522  ; 6.522  ;
; SW_X[0]    ; HEX_5[2]    ; 6.520  ; 6.520  ; 6.520  ; 6.520  ;
; SW_X[0]    ; HEX_5[3]    ; 6.775  ; 6.775  ; 6.775  ; 6.775  ;
; SW_X[0]    ; HEX_5[4]    ;        ; 6.240  ; 6.240  ;        ;
; SW_X[0]    ; HEX_5[5]    ;        ; 6.802  ; 6.802  ;        ;
; SW_X[0]    ; HEX_5[6]    ; 6.553  ;        ;        ; 6.553  ;
; SW_X[0]    ; LED_R[0]    ; 6.713  ; 6.713  ; 6.713  ; 6.713  ;
; SW_X[0]    ; LED_R[1]    ; 6.879  ; 6.879  ; 6.879  ; 6.879  ;
; SW_X[0]    ; LED_R[2]    ; 7.167  ; 7.167  ; 7.167  ; 7.167  ;
; SW_X[0]    ; LED_R[3]    ; 6.999  ; 6.999  ; 6.999  ; 6.999  ;
; SW_X[0]    ; LED_R[4]    ; 7.149  ;        ;        ; 7.149  ;
; SW_X[0]    ; cout        ; 7.406  ;        ;        ; 7.406  ;
; SW_X[1]    ; HEX_0[0]    ; 8.780  ; 8.780  ; 8.780  ; 8.780  ;
; SW_X[1]    ; HEX_0[1]    ; 8.966  ; 8.966  ; 8.966  ; 8.966  ;
; SW_X[1]    ; HEX_0[2]    ; 8.313  ; 8.313  ; 8.313  ; 8.313  ;
; SW_X[1]    ; HEX_0[3]    ; 8.784  ; 8.784  ; 8.784  ; 8.784  ;
; SW_X[1]    ; HEX_0[4]    ; 8.815  ; 8.815  ; 8.815  ; 8.815  ;
; SW_X[1]    ; HEX_0[5]    ; 8.314  ; 8.314  ; 8.314  ; 8.314  ;
; SW_X[1]    ; HEX_0[6]    ; 8.170  ; 8.170  ; 8.170  ; 8.170  ;
; SW_X[1]    ; HEX_1[0]    ; 8.601  ; 8.601  ; 8.601  ; 8.601  ;
; SW_X[1]    ; HEX_1[1]    ; 9.003  ; 9.003  ; 9.003  ; 9.003  ;
; SW_X[1]    ; HEX_1[2]    ; 9.003  ; 9.003  ; 9.003  ; 9.003  ;
; SW_X[1]    ; HEX_1[3]    ; 8.592  ; 8.592  ; 8.592  ; 8.592  ;
; SW_X[1]    ; HEX_1[4]    ; 8.621  ; 8.621  ; 8.621  ; 8.621  ;
; SW_X[1]    ; HEX_1[5]    ; 8.621  ; 8.621  ; 8.621  ; 8.621  ;
; SW_X[1]    ; HEX_5[0]    ; 6.377  ; 6.377  ; 6.377  ; 6.377  ;
; SW_X[1]    ; HEX_5[1]    ; 6.120  ; 6.120  ; 6.120  ; 6.120  ;
; SW_X[1]    ; HEX_5[2]    ;        ; 6.117  ; 6.117  ;        ;
; SW_X[1]    ; HEX_5[3]    ; 6.375  ; 6.375  ; 6.375  ; 6.375  ;
; SW_X[1]    ; HEX_5[4]    ; 5.891  ; 5.891  ; 5.891  ; 5.891  ;
; SW_X[1]    ; HEX_5[5]    ;        ; 6.412  ; 6.412  ;        ;
; SW_X[1]    ; HEX_5[6]    ; 6.163  ; 6.163  ; 6.163  ; 6.163  ;
; SW_X[1]    ; LED_9       ; 6.197  ; 6.197  ; 6.197  ; 6.197  ;
; SW_X[1]    ; LED_R[1]    ; 6.401  ; 6.401  ; 6.401  ; 6.401  ;
; SW_X[1]    ; LED_R[2]    ; 7.004  ; 7.004  ; 7.004  ; 7.004  ;
; SW_X[1]    ; LED_R[3]    ; 6.836  ; 6.836  ; 6.836  ; 6.836  ;
; SW_X[1]    ; LED_R[4]    ; 6.986  ;        ;        ; 6.986  ;
; SW_X[1]    ; cout        ; 7.243  ;        ;        ; 7.243  ;
; SW_X[2]    ; HEX_0[0]    ; 12.011 ; 12.011 ; 12.011 ; 12.011 ;
; SW_X[2]    ; HEX_0[1]    ; 12.197 ; 12.197 ; 12.197 ; 12.197 ;
; SW_X[2]    ; HEX_0[2]    ; 11.235 ; 11.235 ; 11.235 ; 11.235 ;
; SW_X[2]    ; HEX_0[3]    ; 12.015 ; 12.015 ; 12.015 ; 12.015 ;
; SW_X[2]    ; HEX_0[4]    ; 12.046 ; 12.046 ; 12.046 ; 12.046 ;
; SW_X[2]    ; HEX_0[5]    ; 11.239 ; 11.239 ; 11.239 ; 11.239 ;
; SW_X[2]    ; HEX_0[6]    ; 11.097 ; 11.097 ; 11.097 ; 11.097 ;
; SW_X[2]    ; HEX_1[0]    ; 11.783 ; 11.783 ; 11.783 ; 11.783 ;
; SW_X[2]    ; HEX_1[1]    ; 11.978 ; 11.978 ; 11.978 ; 11.978 ;
; SW_X[2]    ; HEX_1[2]    ; 11.978 ; 11.978 ; 11.978 ; 11.978 ;
; SW_X[2]    ; HEX_1[3]    ; 11.774 ; 11.774 ; 11.774 ; 11.774 ;
; SW_X[2]    ; HEX_1[4]    ; 11.803 ; 11.803 ; 11.803 ; 11.803 ;
; SW_X[2]    ; HEX_1[5]    ; 11.803 ; 11.803 ; 11.803 ; 11.803 ;
; SW_X[2]    ; HEX_5[0]    ; 10.475 ; 10.475 ; 10.475 ; 10.475 ;
; SW_X[2]    ; HEX_5[1]    ; 10.213 ; 10.213 ; 10.213 ; 10.213 ;
; SW_X[2]    ; HEX_5[2]    ; 10.210 ; 10.210 ; 10.210 ; 10.210 ;
; SW_X[2]    ; HEX_5[3]    ; 10.471 ; 10.471 ; 10.471 ; 10.471 ;
; SW_X[2]    ; HEX_5[4]    ;        ; 9.942  ; 9.942  ;        ;
; SW_X[2]    ; HEX_5[5]    ; 10.499 ; 10.499 ; 10.499 ; 10.499 ;
; SW_X[2]    ; HEX_5[6]    ; 10.249 ; 10.249 ; 10.249 ; 10.249 ;
; SW_X[2]    ; LED_9       ; 9.869  ; 9.869  ; 9.869  ; 9.869  ;
; SW_X[2]    ; LED_R[2]    ; 9.919  ; 9.919  ; 9.919  ; 9.919  ;
; SW_X[2]    ; LED_R[3]    ; 10.067 ; 10.067 ; 10.067 ; 10.067 ;
; SW_X[2]    ; LED_R[4]    ; 10.217 ;        ;        ; 10.217 ;
; SW_X[2]    ; cout        ; 10.474 ;        ;        ; 10.474 ;
; SW_X[3]    ; HEX_0[0]    ; 11.744 ; 11.744 ; 11.744 ; 11.744 ;
; SW_X[3]    ; HEX_0[1]    ; 11.809 ; 11.809 ; 11.809 ; 11.809 ;
; SW_X[3]    ; HEX_0[2]    ; 11.088 ; 11.088 ; 11.088 ; 11.088 ;
; SW_X[3]    ; HEX_0[3]    ; 11.755 ; 11.755 ; 11.755 ; 11.755 ;
; SW_X[3]    ; HEX_0[4]    ; 11.786 ; 11.786 ; 11.786 ; 11.786 ;
; SW_X[3]    ; HEX_0[5]    ; 10.851 ; 10.851 ; 10.851 ; 10.851 ;
; SW_X[3]    ; HEX_0[6]    ; 10.951 ; 10.951 ; 10.951 ; 10.951 ;
; SW_X[3]    ; HEX_1[0]    ; 11.395 ; 11.542 ; 11.542 ; 11.395 ;
; SW_X[3]    ; HEX_1[1]    ; 11.590 ; 11.590 ; 11.590 ; 11.590 ;
; SW_X[3]    ; HEX_1[2]    ; 11.590 ; 11.590 ; 11.590 ; 11.590 ;
; SW_X[3]    ; HEX_1[3]    ; 11.386 ; 11.533 ; 11.533 ; 11.386 ;
; SW_X[3]    ; HEX_1[4]    ; 11.415 ; 11.562 ; 11.562 ; 11.415 ;
; SW_X[3]    ; HEX_1[5]    ; 11.415 ; 11.562 ; 11.562 ; 11.415 ;
; SW_X[3]    ; HEX_5[0]    ; 10.320 ; 10.320 ; 10.320 ; 10.320 ;
; SW_X[3]    ; HEX_5[1]    ; 10.062 ; 10.062 ; 10.062 ; 10.062 ;
; SW_X[3]    ; HEX_5[2]    ; 10.059 ; 10.059 ; 10.059 ; 10.059 ;
; SW_X[3]    ; HEX_5[3]    ; 10.318 ; 10.318 ; 10.318 ; 10.318 ;
; SW_X[3]    ; HEX_5[4]    ; 9.841  ; 9.841  ; 9.841  ; 9.841  ;
; SW_X[3]    ; HEX_5[5]    ; 10.363 ; 10.363 ; 10.363 ; 10.363 ;
; SW_X[3]    ; HEX_5[6]    ; 10.113 ; 10.113 ; 10.113 ; 10.113 ;
; SW_X[3]    ; LED_9       ; 10.047 ; 10.047 ; 10.047 ; 10.047 ;
; SW_X[3]    ; LED_R[3]    ; 9.679  ; 9.679  ; 9.679  ; 9.679  ;
; SW_X[3]    ; LED_R[4]    ; 10.141 ;        ;        ; 10.141 ;
; SW_X[3]    ; cout        ; 10.398 ;        ;        ; 10.398 ;
; SW_Y[0]    ; HEX_0[0]    ; 12.358 ; 12.358 ; 12.358 ; 12.358 ;
; SW_Y[0]    ; HEX_0[1]    ; 12.544 ; 12.544 ; 12.544 ; 12.544 ;
; SW_Y[0]    ; HEX_0[2]    ; 11.891 ; 11.891 ; 11.891 ; 11.891 ;
; SW_Y[0]    ; HEX_0[3]    ; 12.362 ; 12.362 ; 12.362 ; 12.362 ;
; SW_Y[0]    ; HEX_0[4]    ; 12.393 ; 12.393 ; 12.393 ; 12.393 ;
; SW_Y[0]    ; HEX_0[5]    ; 11.892 ; 11.892 ; 11.892 ; 11.892 ;
; SW_Y[0]    ; HEX_0[6]    ; 11.748 ; 11.748 ; 11.748 ; 11.748 ;
; SW_Y[0]    ; HEX_1[0]    ; 12.179 ; 12.179 ; 12.179 ; 12.179 ;
; SW_Y[0]    ; HEX_1[1]    ; 12.581 ; 12.581 ; 12.581 ; 12.581 ;
; SW_Y[0]    ; HEX_1[2]    ; 12.581 ; 12.581 ; 12.581 ; 12.581 ;
; SW_Y[0]    ; HEX_1[3]    ; 12.170 ; 12.170 ; 12.170 ; 12.170 ;
; SW_Y[0]    ; HEX_1[4]    ; 12.199 ; 12.199 ; 12.199 ; 12.199 ;
; SW_Y[0]    ; HEX_1[5]    ; 12.199 ; 12.199 ; 12.199 ; 12.199 ;
; SW_Y[0]    ; HEX_3[0]    ; 9.709  ; 9.709  ; 9.709  ; 9.709  ;
; SW_Y[0]    ; HEX_3[1]    ; 10.158 ; 10.158 ; 10.158 ; 10.158 ;
; SW_Y[0]    ; HEX_3[2]    ; 9.991  ; 9.991  ; 9.991  ; 9.991  ;
; SW_Y[0]    ; HEX_3[3]    ; 9.959  ; 9.959  ; 9.959  ; 9.959  ;
; SW_Y[0]    ; HEX_3[4]    ;        ; 9.693  ; 9.693  ;        ;
; SW_Y[0]    ; HEX_3[5]    ;        ; 10.236 ; 10.236 ;        ;
; SW_Y[0]    ; HEX_3[6]    ; 10.215 ;        ;        ; 10.215 ;
; SW_Y[0]    ; LED_R[0]    ; 10.127 ; 10.127 ; 10.127 ; 10.127 ;
; SW_Y[0]    ; LED_R[1]    ; 10.294 ; 10.294 ; 10.294 ; 10.294 ;
; SW_Y[0]    ; LED_R[2]    ; 10.582 ; 10.582 ; 10.582 ; 10.582 ;
; SW_Y[0]    ; LED_R[3]    ; 10.414 ; 10.414 ; 10.414 ; 10.414 ;
; SW_Y[0]    ; LED_R[4]    ; 10.564 ;        ;        ; 10.564 ;
; SW_Y[0]    ; cout        ; 10.821 ;        ;        ; 10.821 ;
; SW_Y[1]    ; HEX_0[0]    ; 12.316 ; 12.316 ; 12.316 ; 12.316 ;
; SW_Y[1]    ; HEX_0[1]    ; 12.502 ; 12.502 ; 12.502 ; 12.502 ;
; SW_Y[1]    ; HEX_0[2]    ; 11.849 ; 11.849 ; 11.849 ; 11.849 ;
; SW_Y[1]    ; HEX_0[3]    ; 12.320 ; 12.320 ; 12.320 ; 12.320 ;
; SW_Y[1]    ; HEX_0[4]    ; 12.351 ; 12.351 ; 12.351 ; 12.351 ;
; SW_Y[1]    ; HEX_0[5]    ; 11.850 ; 11.850 ; 11.850 ; 11.850 ;
; SW_Y[1]    ; HEX_0[6]    ; 11.706 ; 11.706 ; 11.706 ; 11.706 ;
; SW_Y[1]    ; HEX_1[0]    ; 12.137 ; 12.137 ; 12.137 ; 12.137 ;
; SW_Y[1]    ; HEX_1[1]    ; 12.539 ; 12.539 ; 12.539 ; 12.539 ;
; SW_Y[1]    ; HEX_1[2]    ; 12.539 ; 12.539 ; 12.539 ; 12.539 ;
; SW_Y[1]    ; HEX_1[3]    ; 12.128 ; 12.128 ; 12.128 ; 12.128 ;
; SW_Y[1]    ; HEX_1[4]    ; 12.157 ; 12.157 ; 12.157 ; 12.157 ;
; SW_Y[1]    ; HEX_1[5]    ; 12.157 ; 12.157 ; 12.157 ; 12.157 ;
; SW_Y[1]    ; HEX_3[0]    ; 9.775  ; 9.775  ; 9.775  ; 9.775  ;
; SW_Y[1]    ; HEX_3[1]    ; 10.231 ; 10.231 ; 10.231 ; 10.231 ;
; SW_Y[1]    ; HEX_3[2]    ;        ; 10.060 ; 10.060 ;        ;
; SW_Y[1]    ; HEX_3[3]    ; 10.026 ; 10.026 ; 10.026 ; 10.026 ;
; SW_Y[1]    ; HEX_3[4]    ; 9.804  ; 9.804  ; 9.804  ; 9.804  ;
; SW_Y[1]    ; HEX_3[5]    ;        ; 10.283 ; 10.283 ;        ;
; SW_Y[1]    ; HEX_3[6]    ; 10.282 ; 10.282 ; 10.282 ; 10.282 ;
; SW_Y[1]    ; LED_9       ; 10.189 ; 10.189 ; 10.189 ; 10.189 ;
; SW_Y[1]    ; LED_R[1]    ; 9.940  ; 9.940  ; 9.940  ; 9.940  ;
; SW_Y[1]    ; LED_R[2]    ; 10.540 ; 10.540 ; 10.540 ; 10.540 ;
; SW_Y[1]    ; LED_R[3]    ; 10.372 ; 10.372 ; 10.372 ; 10.372 ;
; SW_Y[1]    ; LED_R[4]    ; 10.522 ;        ;        ; 10.522 ;
; SW_Y[1]    ; cout        ; 10.779 ;        ;        ; 10.779 ;
; SW_Y[2]    ; HEX_0[0]    ; 12.269 ; 12.269 ; 12.269 ; 12.269 ;
; SW_Y[2]    ; HEX_0[1]    ; 12.455 ; 12.455 ; 12.455 ; 12.455 ;
; SW_Y[2]    ; HEX_0[2]    ; 11.493 ; 11.493 ; 11.493 ; 11.493 ;
; SW_Y[2]    ; HEX_0[3]    ; 12.273 ; 12.273 ; 12.273 ; 12.273 ;
; SW_Y[2]    ; HEX_0[4]    ; 12.304 ; 12.304 ; 12.304 ; 12.304 ;
; SW_Y[2]    ; HEX_0[5]    ; 11.497 ; 11.497 ; 11.497 ; 11.497 ;
; SW_Y[2]    ; HEX_0[6]    ; 11.355 ; 11.355 ; 11.355 ; 11.355 ;
; SW_Y[2]    ; HEX_1[0]    ; 12.041 ; 12.041 ; 12.041 ; 12.041 ;
; SW_Y[2]    ; HEX_1[1]    ; 12.236 ; 12.236 ; 12.236 ; 12.236 ;
; SW_Y[2]    ; HEX_1[2]    ; 12.236 ; 12.236 ; 12.236 ; 12.236 ;
; SW_Y[2]    ; HEX_1[3]    ; 12.032 ; 12.032 ; 12.032 ; 12.032 ;
; SW_Y[2]    ; HEX_1[4]    ; 12.061 ; 12.061 ; 12.061 ; 12.061 ;
; SW_Y[2]    ; HEX_1[5]    ; 12.061 ; 12.061 ; 12.061 ; 12.061 ;
; SW_Y[2]    ; HEX_3[0]    ; 9.451  ; 9.451  ; 9.451  ; 9.451  ;
; SW_Y[2]    ; HEX_3[1]    ; 9.906  ; 9.906  ; 9.906  ; 9.906  ;
; SW_Y[2]    ; HEX_3[2]    ; 9.738  ; 9.738  ; 9.738  ; 9.738  ;
; SW_Y[2]    ; HEX_3[3]    ; 9.704  ; 9.704  ; 9.704  ; 9.704  ;
; SW_Y[2]    ; HEX_3[4]    ;        ; 9.479  ; 9.479  ;        ;
; SW_Y[2]    ; HEX_3[5]    ; 9.987  ; 9.987  ; 9.987  ; 9.987  ;
; SW_Y[2]    ; HEX_3[6]    ; 9.958  ; 9.958  ; 9.958  ; 9.958  ;
; SW_Y[2]    ; LED_9       ; 9.864  ; 9.864  ; 9.864  ; 9.864  ;
; SW_Y[2]    ; LED_R[2]    ; 10.178 ; 10.178 ; 10.178 ; 10.178 ;
; SW_Y[2]    ; LED_R[3]    ; 10.325 ; 10.325 ; 10.325 ; 10.325 ;
; SW_Y[2]    ; LED_R[4]    ; 10.475 ;        ;        ; 10.475 ;
; SW_Y[2]    ; cout        ; 10.732 ;        ;        ; 10.732 ;
; SW_Y[3]    ; HEX_0[0]    ; 11.993 ; 11.993 ; 11.993 ; 11.993 ;
; SW_Y[3]    ; HEX_0[1]    ; 12.055 ; 12.055 ; 12.055 ; 12.055 ;
; SW_Y[3]    ; HEX_0[2]    ; 11.337 ; 11.337 ; 11.337 ; 11.337 ;
; SW_Y[3]    ; HEX_0[3]    ; 12.004 ; 12.004 ; 12.004 ; 12.004 ;
; SW_Y[3]    ; HEX_0[4]    ; 12.035 ; 12.035 ; 12.035 ; 12.035 ;
; SW_Y[3]    ; HEX_0[5]    ; 11.097 ; 11.097 ; 11.097 ; 11.097 ;
; SW_Y[3]    ; HEX_0[6]    ; 11.200 ; 11.200 ; 11.200 ; 11.200 ;
; SW_Y[3]    ; HEX_1[0]    ; 11.641 ; 11.791 ; 11.791 ; 11.641 ;
; SW_Y[3]    ; HEX_1[1]    ; 11.836 ; 11.836 ; 11.836 ; 11.836 ;
; SW_Y[3]    ; HEX_1[2]    ; 11.836 ; 11.836 ; 11.836 ; 11.836 ;
; SW_Y[3]    ; HEX_1[3]    ; 11.632 ; 11.782 ; 11.782 ; 11.632 ;
; SW_Y[3]    ; HEX_1[4]    ; 11.661 ; 11.811 ; 11.811 ; 11.661 ;
; SW_Y[3]    ; HEX_1[5]    ; 11.661 ; 11.811 ; 11.811 ; 11.661 ;
; SW_Y[3]    ; HEX_3[0]    ; 9.620  ; 9.620  ; 9.620  ; 9.620  ;
; SW_Y[3]    ; HEX_3[1]    ; 10.065 ; 10.065 ; 10.065 ; 10.065 ;
; SW_Y[3]    ; HEX_3[2]    ; 9.906  ; 9.906  ; 9.906  ; 9.906  ;
; SW_Y[3]    ; HEX_3[3]    ; 9.872  ; 9.872  ; 9.872  ; 9.872  ;
; SW_Y[3]    ; HEX_3[4]    ; 9.644  ; 9.644  ; 9.644  ; 9.644  ;
; SW_Y[3]    ; HEX_3[5]    ; 10.156 ; 10.156 ; 10.156 ; 10.156 ;
; SW_Y[3]    ; HEX_3[6]    ; 10.119 ; 10.119 ; 10.119 ; 10.119 ;
; SW_Y[3]    ; LED_9       ; 10.027 ; 10.027 ; 10.027 ; 10.027 ;
; SW_Y[3]    ; LED_R[3]    ; 9.925  ; 9.925  ; 9.925  ; 9.925  ;
; SW_Y[3]    ; LED_R[4]    ; 10.390 ;        ;        ; 10.390 ;
; SW_Y[3]    ; cout        ; 10.647 ;        ;        ; 10.647 ;
+------------+-------------+--------+--------+--------+--------+


+--------------------------------------------------------------+
; Minimum Propagation Delay                                    ;
+------------+-------------+--------+--------+--------+--------+
; Input Port ; Output Port ; RR     ; RF     ; FR     ; FF     ;
+------------+-------------+--------+--------+--------+--------+
; SW_Cin     ; HEX_0[0]    ; 11.213 ; 11.213 ; 11.213 ; 11.213 ;
; SW_Cin     ; HEX_0[1]    ; 11.343 ; 11.343 ; 11.343 ; 11.343 ;
; SW_Cin     ; HEX_0[2]    ; 10.270 ; 10.270 ; 10.270 ; 10.270 ;
; SW_Cin     ; HEX_0[3]    ; 11.331 ; 11.331 ; 11.331 ; 11.331 ;
; SW_Cin     ; HEX_0[4]    ; 11.764 ; 11.764 ; 11.764 ; 11.764 ;
; SW_Cin     ; HEX_0[5]    ; 10.268 ; 10.268 ; 10.268 ; 10.268 ;
; SW_Cin     ; HEX_0[6]    ; 10.580 ; 10.580 ; 10.580 ; 10.580 ;
; SW_Cin     ; HEX_1[0]    ; 11.685 ; 11.685 ; 11.685 ; 11.685 ;
; SW_Cin     ; HEX_1[1]    ; 11.604 ; 11.604 ; 11.604 ; 11.604 ;
; SW_Cin     ; HEX_1[2]    ; 11.604 ; 11.604 ; 11.604 ; 11.604 ;
; SW_Cin     ; HEX_1[3]    ; 11.676 ; 11.676 ; 11.676 ; 11.676 ;
; SW_Cin     ; HEX_1[4]    ; 11.705 ; 11.705 ; 11.705 ; 11.705 ;
; SW_Cin     ; HEX_1[5]    ; 11.705 ; 11.705 ; 11.705 ; 11.705 ;
; SW_Cin     ; LED_R[0]    ; 10.311 ; 10.311 ; 10.311 ; 10.311 ;
; SW_Cin     ; LED_R[1]    ; 10.162 ; 10.162 ; 10.162 ; 10.162 ;
; SW_Cin     ; LED_R[2]    ; 10.450 ; 10.450 ; 10.450 ; 10.450 ;
; SW_Cin     ; LED_R[3]    ; 10.282 ; 10.282 ; 10.282 ; 10.282 ;
; SW_Cin     ; LED_R[4]    ; 10.432 ;        ;        ; 10.432 ;
; SW_Cin     ; cout        ; 10.689 ;        ;        ; 10.689 ;
; SW_X[0]    ; HEX_0[0]    ; 7.895  ; 7.895  ; 7.895  ; 7.895  ;
; SW_X[0]    ; HEX_0[1]    ; 8.060  ; 8.060  ; 8.060  ; 8.060  ;
; SW_X[0]    ; HEX_0[2]    ; 6.672  ; 6.672  ; 6.672  ; 6.672  ;
; SW_X[0]    ; HEX_0[3]    ; 8.048  ; 8.048  ; 8.048  ; 8.048  ;
; SW_X[0]    ; HEX_0[4]    ; 8.258  ; 8.258  ; 8.258  ; 8.258  ;
; SW_X[0]    ; HEX_0[5]    ; 6.670  ; 6.670  ; 6.670  ; 6.670  ;
; SW_X[0]    ; HEX_0[6]    ; 6.982  ; 6.982  ; 6.982  ; 6.982  ;
; SW_X[0]    ; HEX_1[0]    ; 8.402  ; 8.402  ; 8.402  ; 8.402  ;
; SW_X[0]    ; HEX_1[1]    ; 8.321  ; 8.321  ; 8.321  ; 8.321  ;
; SW_X[0]    ; HEX_1[2]    ; 8.321  ; 8.321  ; 8.321  ; 8.321  ;
; SW_X[0]    ; HEX_1[3]    ; 8.393  ; 8.393  ; 8.393  ; 8.393  ;
; SW_X[0]    ; HEX_1[4]    ; 8.422  ; 8.422  ; 8.422  ; 8.422  ;
; SW_X[0]    ; HEX_1[5]    ; 8.422  ; 8.422  ; 8.422  ; 8.422  ;
; SW_X[0]    ; HEX_5[0]    ; 6.780  ; 6.780  ; 6.780  ; 6.780  ;
; SW_X[0]    ; HEX_5[1]    ; 6.522  ; 6.522  ; 6.522  ; 6.522  ;
; SW_X[0]    ; HEX_5[2]    ; 6.520  ; 6.520  ; 6.520  ; 6.520  ;
; SW_X[0]    ; HEX_5[3]    ; 6.775  ; 6.775  ; 6.775  ; 6.775  ;
; SW_X[0]    ; HEX_5[4]    ;        ; 6.240  ; 6.240  ;        ;
; SW_X[0]    ; HEX_5[5]    ;        ; 6.802  ; 6.802  ;        ;
; SW_X[0]    ; HEX_5[6]    ; 6.553  ;        ;        ; 6.553  ;
; SW_X[0]    ; LED_R[0]    ; 6.713  ; 6.713  ; 6.713  ; 6.713  ;
; SW_X[0]    ; LED_R[1]    ; 6.879  ; 6.879  ; 6.879  ; 6.879  ;
; SW_X[0]    ; LED_R[2]    ; 7.167  ; 7.167  ; 7.167  ; 7.167  ;
; SW_X[0]    ; LED_R[3]    ; 6.999  ; 6.999  ; 6.999  ; 6.999  ;
; SW_X[0]    ; LED_R[4]    ; 7.149  ;        ;        ; 7.149  ;
; SW_X[0]    ; cout        ; 7.406  ;        ;        ; 7.406  ;
; SW_X[1]    ; HEX_0[0]    ; 7.452  ; 7.452  ; 7.452  ; 7.452  ;
; SW_X[1]    ; HEX_0[1]    ; 7.897  ; 7.897  ; 7.897  ; 7.897  ;
; SW_X[1]    ; HEX_0[2]    ; 6.708  ; 6.708  ; 6.708  ; 6.708  ;
; SW_X[1]    ; HEX_0[3]    ; 7.885  ; 7.885  ; 7.885  ; 7.885  ;
; SW_X[1]    ; HEX_0[4]    ; 8.164  ; 8.164  ; 8.164  ; 8.164  ;
; SW_X[1]    ; HEX_0[5]    ; 6.705  ; 6.705  ; 6.705  ; 6.705  ;
; SW_X[1]    ; HEX_0[6]    ; 7.233  ; 7.233  ; 7.233  ; 7.233  ;
; SW_X[1]    ; HEX_1[0]    ; 7.924  ; 7.924  ; 7.924  ; 7.924  ;
; SW_X[1]    ; HEX_1[1]    ; 8.158  ; 8.158  ; 8.158  ; 8.158  ;
; SW_X[1]    ; HEX_1[2]    ; 8.158  ; 8.158  ; 8.158  ; 8.158  ;
; SW_X[1]    ; HEX_1[3]    ; 7.915  ; 7.915  ; 7.915  ; 7.915  ;
; SW_X[1]    ; HEX_1[4]    ; 7.944  ; 7.944  ; 7.944  ; 7.944  ;
; SW_X[1]    ; HEX_1[5]    ; 7.944  ; 7.944  ; 7.944  ; 7.944  ;
; SW_X[1]    ; HEX_5[0]    ; 6.377  ; 6.377  ; 6.377  ; 6.377  ;
; SW_X[1]    ; HEX_5[1]    ; 6.120  ; 6.120  ; 6.120  ; 6.120  ;
; SW_X[1]    ; HEX_5[2]    ;        ; 6.117  ; 6.117  ;        ;
; SW_X[1]    ; HEX_5[3]    ; 6.375  ; 6.375  ; 6.375  ; 6.375  ;
; SW_X[1]    ; HEX_5[4]    ; 5.891  ; 5.891  ; 5.891  ; 5.891  ;
; SW_X[1]    ; HEX_5[5]    ;        ; 6.412  ; 6.412  ;        ;
; SW_X[1]    ; HEX_5[6]    ; 6.163  ; 6.163  ; 6.163  ; 6.163  ;
; SW_X[1]    ; LED_9       ; 6.197  ; 6.197  ; 6.197  ; 6.197  ;
; SW_X[1]    ; LED_R[1]    ; 6.401  ; 6.401  ; 6.401  ; 6.401  ;
; SW_X[1]    ; LED_R[2]    ; 7.004  ; 7.004  ; 7.004  ; 7.004  ;
; SW_X[1]    ; LED_R[3]    ; 6.836  ; 6.836  ; 6.836  ; 6.836  ;
; SW_X[1]    ; LED_R[4]    ; 6.986  ;        ;        ; 6.986  ;
; SW_X[1]    ; cout        ; 7.243  ;        ;        ; 7.243  ;
; SW_X[2]    ; HEX_0[0]    ; 11.149 ; 11.149 ; 11.149 ; 11.149 ;
; SW_X[2]    ; HEX_0[1]    ; 10.872 ; 10.872 ; 10.872 ; 10.872 ;
; SW_X[2]    ; HEX_0[2]    ; 10.807 ; 10.807 ; 10.807 ; 10.807 ;
; SW_X[2]    ; HEX_0[3]    ; 11.116 ; 11.116 ; 11.116 ; 11.116 ;
; SW_X[2]    ; HEX_0[4]    ; 11.302 ; 11.302 ; 11.302 ; 11.302 ;
; SW_X[2]    ; HEX_0[5]    ; 10.804 ; 10.804 ; 10.804 ; 10.804 ;
; SW_X[2]    ; HEX_0[6]    ; 10.568 ; 10.503 ; 10.503 ; 10.568 ;
; SW_X[2]    ; HEX_1[0]    ; 11.516 ; 11.516 ; 11.516 ; 11.516 ;
; SW_X[2]    ; HEX_1[1]    ; 11.389 ; 11.389 ; 11.389 ; 11.389 ;
; SW_X[2]    ; HEX_1[2]    ; 11.389 ; 11.389 ; 11.389 ; 11.389 ;
; SW_X[2]    ; HEX_1[3]    ; 11.507 ; 11.507 ; 11.507 ; 11.507 ;
; SW_X[2]    ; HEX_1[4]    ; 11.536 ; 11.536 ; 11.536 ; 11.536 ;
; SW_X[2]    ; HEX_1[5]    ; 11.536 ; 11.536 ; 11.536 ; 11.536 ;
; SW_X[2]    ; HEX_5[0]    ; 10.475 ; 10.475 ; 10.475 ; 10.475 ;
; SW_X[2]    ; HEX_5[1]    ; 10.213 ; 10.213 ; 10.213 ; 10.213 ;
; SW_X[2]    ; HEX_5[2]    ; 10.210 ; 10.210 ; 10.210 ; 10.210 ;
; SW_X[2]    ; HEX_5[3]    ; 10.471 ; 10.471 ; 10.471 ; 10.471 ;
; SW_X[2]    ; HEX_5[4]    ;        ; 9.942  ; 9.942  ;        ;
; SW_X[2]    ; HEX_5[5]    ; 10.499 ; 10.499 ; 10.499 ; 10.499 ;
; SW_X[2]    ; HEX_5[6]    ; 10.249 ; 10.249 ; 10.249 ; 10.249 ;
; SW_X[2]    ; LED_9       ; 9.869  ; 9.869  ; 9.869  ; 9.869  ;
; SW_X[2]    ; LED_R[2]    ; 9.919  ; 9.919  ; 9.919  ; 9.919  ;
; SW_X[2]    ; LED_R[3]    ; 10.067 ; 10.067 ; 10.067 ; 10.067 ;
; SW_X[2]    ; LED_R[4]    ; 10.217 ;        ;        ; 10.217 ;
; SW_X[2]    ; cout        ; 10.474 ;        ;        ; 10.474 ;
; SW_X[3]    ; HEX_0[0]    ; 11.073 ; 11.073 ; 11.073 ; 11.073 ;
; SW_X[3]    ; HEX_0[1]    ; 10.927 ; 10.927 ; 10.927 ; 10.927 ;
; SW_X[3]    ; HEX_0[2]    ; 10.731 ; 10.731 ; 10.731 ; 10.731 ;
; SW_X[3]    ; HEX_0[3]    ; 11.040 ; 11.040 ; 11.040 ; 11.040 ;
; SW_X[3]    ; HEX_0[4]    ; 11.346 ; 11.346 ; 11.346 ; 11.346 ;
; SW_X[3]    ; HEX_0[5]    ; 10.728 ; 10.728 ; 10.728 ; 10.728 ;
; SW_X[3]    ; HEX_0[6]    ; 10.709 ; 10.427 ; 10.427 ; 10.709 ;
; SW_X[3]    ; HEX_1[0]    ; 11.395 ; 11.395 ; 11.395 ; 11.395 ;
; SW_X[3]    ; HEX_1[1]    ; 11.313 ; 11.313 ; 11.313 ; 11.313 ;
; SW_X[3]    ; HEX_1[2]    ; 11.313 ; 11.313 ; 11.313 ; 11.313 ;
; SW_X[3]    ; HEX_1[3]    ; 11.386 ; 11.386 ; 11.386 ; 11.386 ;
; SW_X[3]    ; HEX_1[4]    ; 11.415 ; 11.415 ; 11.415 ; 11.415 ;
; SW_X[3]    ; HEX_1[5]    ; 11.415 ; 11.415 ; 11.415 ; 11.415 ;
; SW_X[3]    ; HEX_5[0]    ; 10.320 ; 10.320 ; 10.320 ; 10.320 ;
; SW_X[3]    ; HEX_5[1]    ; 10.062 ; 10.062 ; 10.062 ; 10.062 ;
; SW_X[3]    ; HEX_5[2]    ; 10.059 ; 10.059 ; 10.059 ; 10.059 ;
; SW_X[3]    ; HEX_5[3]    ; 10.318 ; 10.318 ; 10.318 ; 10.318 ;
; SW_X[3]    ; HEX_5[4]    ; 9.841  ; 9.841  ; 9.841  ; 9.841  ;
; SW_X[3]    ; HEX_5[5]    ; 10.363 ; 10.363 ; 10.363 ; 10.363 ;
; SW_X[3]    ; HEX_5[6]    ; 10.113 ; 10.113 ; 10.113 ; 10.113 ;
; SW_X[3]    ; LED_9       ; 10.047 ; 10.047 ; 10.047 ; 10.047 ;
; SW_X[3]    ; LED_R[3]    ; 9.679  ; 9.679  ; 9.679  ; 9.679  ;
; SW_X[3]    ; LED_R[4]    ; 10.141 ;        ;        ; 10.141 ;
; SW_X[3]    ; cout        ; 10.398 ;        ;        ; 10.398 ;
; SW_Y[0]    ; HEX_0[0]    ; 11.309 ; 11.309 ; 11.309 ; 11.309 ;
; SW_Y[0]    ; HEX_0[1]    ; 11.475 ; 11.475 ; 11.475 ; 11.475 ;
; SW_Y[0]    ; HEX_0[2]    ; 10.086 ; 10.086 ; 10.086 ; 10.086 ;
; SW_Y[0]    ; HEX_0[3]    ; 11.463 ; 11.463 ; 11.463 ; 11.463 ;
; SW_Y[0]    ; HEX_0[4]    ; 11.672 ; 11.672 ; 11.672 ; 11.672 ;
; SW_Y[0]    ; HEX_0[5]    ; 10.084 ; 10.084 ; 10.084 ; 10.084 ;
; SW_Y[0]    ; HEX_0[6]    ; 10.396 ; 10.396 ; 10.396 ; 10.396 ;
; SW_Y[0]    ; HEX_1[0]    ; 11.817 ; 11.817 ; 11.817 ; 11.817 ;
; SW_Y[0]    ; HEX_1[1]    ; 11.736 ; 11.736 ; 11.736 ; 11.736 ;
; SW_Y[0]    ; HEX_1[2]    ; 11.736 ; 11.736 ; 11.736 ; 11.736 ;
; SW_Y[0]    ; HEX_1[3]    ; 11.808 ; 11.808 ; 11.808 ; 11.808 ;
; SW_Y[0]    ; HEX_1[4]    ; 11.837 ; 11.837 ; 11.837 ; 11.837 ;
; SW_Y[0]    ; HEX_1[5]    ; 11.837 ; 11.837 ; 11.837 ; 11.837 ;
; SW_Y[0]    ; HEX_3[0]    ; 9.709  ; 9.709  ; 9.709  ; 9.709  ;
; SW_Y[0]    ; HEX_3[1]    ; 10.158 ; 10.158 ; 10.158 ; 10.158 ;
; SW_Y[0]    ; HEX_3[2]    ; 9.991  ; 9.991  ; 9.991  ; 9.991  ;
; SW_Y[0]    ; HEX_3[3]    ; 9.959  ; 9.959  ; 9.959  ; 9.959  ;
; SW_Y[0]    ; HEX_3[4]    ;        ; 9.693  ; 9.693  ;        ;
; SW_Y[0]    ; HEX_3[5]    ;        ; 10.236 ; 10.236 ;        ;
; SW_Y[0]    ; HEX_3[6]    ; 10.215 ;        ;        ; 10.215 ;
; SW_Y[0]    ; LED_R[0]    ; 10.127 ; 10.127 ; 10.127 ; 10.127 ;
; SW_Y[0]    ; LED_R[1]    ; 10.294 ; 10.294 ; 10.294 ; 10.294 ;
; SW_Y[0]    ; LED_R[2]    ; 10.582 ; 10.582 ; 10.582 ; 10.582 ;
; SW_Y[0]    ; LED_R[3]    ; 10.414 ; 10.414 ; 10.414 ; 10.414 ;
; SW_Y[0]    ; LED_R[4]    ; 10.564 ;        ;        ; 10.564 ;
; SW_Y[0]    ; cout        ; 10.821 ;        ;        ; 10.821 ;
; SW_Y[1]    ; HEX_0[0]    ; 10.991 ; 10.991 ; 10.991 ; 10.991 ;
; SW_Y[1]    ; HEX_0[1]    ; 11.433 ; 11.433 ; 11.433 ; 11.433 ;
; SW_Y[1]    ; HEX_0[2]    ; 10.247 ; 10.247 ; 10.247 ; 10.247 ;
; SW_Y[1]    ; HEX_0[3]    ; 11.421 ; 11.421 ; 11.421 ; 11.421 ;
; SW_Y[1]    ; HEX_0[4]    ; 11.703 ; 11.703 ; 11.703 ; 11.703 ;
; SW_Y[1]    ; HEX_0[5]    ; 10.244 ; 10.244 ; 10.244 ; 10.244 ;
; SW_Y[1]    ; HEX_0[6]    ; 10.772 ; 10.772 ; 10.772 ; 10.772 ;
; SW_Y[1]    ; HEX_1[0]    ; 11.463 ; 11.463 ; 11.463 ; 11.463 ;
; SW_Y[1]    ; HEX_1[1]    ; 11.694 ; 11.694 ; 11.694 ; 11.694 ;
; SW_Y[1]    ; HEX_1[2]    ; 11.694 ; 11.694 ; 11.694 ; 11.694 ;
; SW_Y[1]    ; HEX_1[3]    ; 11.454 ; 11.454 ; 11.454 ; 11.454 ;
; SW_Y[1]    ; HEX_1[4]    ; 11.483 ; 11.483 ; 11.483 ; 11.483 ;
; SW_Y[1]    ; HEX_1[5]    ; 11.483 ; 11.483 ; 11.483 ; 11.483 ;
; SW_Y[1]    ; HEX_3[0]    ; 9.775  ; 9.775  ; 9.775  ; 9.775  ;
; SW_Y[1]    ; HEX_3[1]    ; 10.231 ; 10.231 ; 10.231 ; 10.231 ;
; SW_Y[1]    ; HEX_3[2]    ;        ; 10.060 ; 10.060 ;        ;
; SW_Y[1]    ; HEX_3[3]    ; 10.026 ; 10.026 ; 10.026 ; 10.026 ;
; SW_Y[1]    ; HEX_3[4]    ; 9.804  ; 9.804  ; 9.804  ; 9.804  ;
; SW_Y[1]    ; HEX_3[5]    ;        ; 10.283 ; 10.283 ;        ;
; SW_Y[1]    ; HEX_3[6]    ; 10.282 ; 10.282 ; 10.282 ; 10.282 ;
; SW_Y[1]    ; LED_9       ; 10.189 ; 10.189 ; 10.189 ; 10.189 ;
; SW_Y[1]    ; LED_R[1]    ; 9.940  ; 9.940  ; 9.940  ; 9.940  ;
; SW_Y[1]    ; LED_R[2]    ; 10.540 ; 10.540 ; 10.540 ; 10.540 ;
; SW_Y[1]    ; LED_R[3]    ; 10.372 ; 10.372 ; 10.372 ; 10.372 ;
; SW_Y[1]    ; LED_R[4]    ; 10.522 ;        ;        ; 10.522 ;
; SW_Y[1]    ; cout        ; 10.779 ;        ;        ; 10.779 ;
; SW_Y[2]    ; HEX_0[0]    ; 11.407 ; 11.407 ; 11.407 ; 11.407 ;
; SW_Y[2]    ; HEX_0[1]    ; 11.131 ; 11.131 ; 11.131 ; 11.131 ;
; SW_Y[2]    ; HEX_0[2]    ; 11.065 ; 11.065 ; 11.065 ; 11.065 ;
; SW_Y[2]    ; HEX_0[3]    ; 11.374 ; 11.374 ; 11.374 ; 11.374 ;
; SW_Y[2]    ; HEX_0[4]    ; 11.561 ; 11.561 ; 11.561 ; 11.561 ;
; SW_Y[2]    ; HEX_0[5]    ; 11.062 ; 11.062 ; 11.062 ; 11.062 ;
; SW_Y[2]    ; HEX_0[6]    ; 10.827 ; 10.761 ; 10.761 ; 10.827 ;
; SW_Y[2]    ; HEX_1[0]    ; 11.775 ; 11.775 ; 11.775 ; 11.775 ;
; SW_Y[2]    ; HEX_1[1]    ; 11.647 ; 11.647 ; 11.647 ; 11.647 ;
; SW_Y[2]    ; HEX_1[2]    ; 11.647 ; 11.647 ; 11.647 ; 11.647 ;
; SW_Y[2]    ; HEX_1[3]    ; 11.766 ; 11.766 ; 11.766 ; 11.766 ;
; SW_Y[2]    ; HEX_1[4]    ; 11.795 ; 11.795 ; 11.795 ; 11.795 ;
; SW_Y[2]    ; HEX_1[5]    ; 11.795 ; 11.795 ; 11.795 ; 11.795 ;
; SW_Y[2]    ; HEX_3[0]    ; 9.451  ; 9.451  ; 9.451  ; 9.451  ;
; SW_Y[2]    ; HEX_3[1]    ; 9.906  ; 9.906  ; 9.906  ; 9.906  ;
; SW_Y[2]    ; HEX_3[2]    ; 9.738  ; 9.738  ; 9.738  ; 9.738  ;
; SW_Y[2]    ; HEX_3[3]    ; 9.704  ; 9.704  ; 9.704  ; 9.704  ;
; SW_Y[2]    ; HEX_3[4]    ;        ; 9.479  ; 9.479  ;        ;
; SW_Y[2]    ; HEX_3[5]    ; 9.987  ; 9.987  ; 9.987  ; 9.987  ;
; SW_Y[2]    ; HEX_3[6]    ; 9.958  ; 9.958  ; 9.958  ; 9.958  ;
; SW_Y[2]    ; LED_9       ; 9.864  ; 9.864  ; 9.864  ; 9.864  ;
; SW_Y[2]    ; LED_R[2]    ; 10.178 ; 10.178 ; 10.178 ; 10.178 ;
; SW_Y[2]    ; LED_R[3]    ; 10.325 ; 10.325 ; 10.325 ; 10.325 ;
; SW_Y[2]    ; LED_R[4]    ; 10.475 ;        ;        ; 10.475 ;
; SW_Y[2]    ; cout        ; 10.732 ;        ;        ; 10.732 ;
; SW_Y[3]    ; HEX_0[0]    ; 11.322 ; 11.322 ; 11.322 ; 11.322 ;
; SW_Y[3]    ; HEX_0[1]    ; 11.173 ; 11.173 ; 11.173 ; 11.173 ;
; SW_Y[3]    ; HEX_0[2]    ; 10.980 ; 10.980 ; 10.980 ; 10.980 ;
; SW_Y[3]    ; HEX_0[3]    ; 11.289 ; 11.289 ; 11.289 ; 11.289 ;
; SW_Y[3]    ; HEX_0[4]    ; 11.592 ; 11.592 ; 11.592 ; 11.592 ;
; SW_Y[3]    ; HEX_0[5]    ; 10.977 ; 10.977 ; 10.977 ; 10.977 ;
; SW_Y[3]    ; HEX_0[6]    ; 10.955 ; 10.676 ; 10.676 ; 10.955 ;
; SW_Y[3]    ; HEX_1[0]    ; 11.641 ; 11.641 ; 11.641 ; 11.641 ;
; SW_Y[3]    ; HEX_1[1]    ; 11.562 ; 11.562 ; 11.562 ; 11.562 ;
; SW_Y[3]    ; HEX_1[2]    ; 11.562 ; 11.562 ; 11.562 ; 11.562 ;
; SW_Y[3]    ; HEX_1[3]    ; 11.632 ; 11.632 ; 11.632 ; 11.632 ;
; SW_Y[3]    ; HEX_1[4]    ; 11.661 ; 11.661 ; 11.661 ; 11.661 ;
; SW_Y[3]    ; HEX_1[5]    ; 11.661 ; 11.661 ; 11.661 ; 11.661 ;
; SW_Y[3]    ; HEX_3[0]    ; 9.620  ; 9.620  ; 9.620  ; 9.620  ;
; SW_Y[3]    ; HEX_3[1]    ; 10.065 ; 10.065 ; 10.065 ; 10.065 ;
; SW_Y[3]    ; HEX_3[2]    ; 9.906  ; 9.906  ; 9.906  ; 9.906  ;
; SW_Y[3]    ; HEX_3[3]    ; 9.872  ; 9.872  ; 9.872  ; 9.872  ;
; SW_Y[3]    ; HEX_3[4]    ; 9.644  ; 9.644  ; 9.644  ; 9.644  ;
; SW_Y[3]    ; HEX_3[5]    ; 10.156 ; 10.156 ; 10.156 ; 10.156 ;
; SW_Y[3]    ; HEX_3[6]    ; 10.119 ; 10.119 ; 10.119 ; 10.119 ;
; SW_Y[3]    ; LED_9       ; 10.027 ; 10.027 ; 10.027 ; 10.027 ;
; SW_Y[3]    ; LED_R[3]    ; 9.925  ; 9.925  ; 9.925  ; 9.925  ;
; SW_Y[3]    ; LED_R[4]    ; 10.390 ;        ;        ; 10.390 ;
; SW_Y[3]    ; cout        ; 10.647 ;        ;        ; 10.647 ;
+------------+-------------+--------+--------+--------+--------+


----------------------------
; Fast Model Setup Summary ;
----------------------------
No paths to report.


---------------------------
; Fast Model Hold Summary ;
---------------------------
No paths to report.


-------------------------------
; Fast Model Recovery Summary ;
-------------------------------
No paths to report.


------------------------------
; Fast Model Removal Summary ;
------------------------------
No paths to report.


------------------------------------------
; Fast Model Minimum Pulse Width Summary ;
------------------------------------------
No paths to report.


+----------------------------------------------------------+
; Propagation Delay                                        ;
+------------+-------------+-------+-------+-------+-------+
; Input Port ; Output Port ; RR    ; RF    ; FR    ; FF    ;
+------------+-------------+-------+-------+-------+-------+
; SW_Cin     ; HEX_0[0]    ; 6.518 ; 6.518 ; 6.518 ; 6.518 ;
; SW_Cin     ; HEX_0[1]    ; 6.590 ; 6.590 ; 6.590 ; 6.590 ;
; SW_Cin     ; HEX_0[2]    ; 6.264 ; 6.264 ; 6.264 ; 6.264 ;
; SW_Cin     ; HEX_0[3]    ; 6.496 ; 6.496 ; 6.496 ; 6.496 ;
; SW_Cin     ; HEX_0[4]    ; 6.530 ; 6.530 ; 6.530 ; 6.530 ;
; SW_Cin     ; HEX_0[5]    ; 6.262 ; 6.262 ; 6.262 ; 6.262 ;
; SW_Cin     ; HEX_0[6]    ; 6.198 ; 6.198 ; 6.198 ; 6.198 ;
; SW_Cin     ; HEX_1[0]    ; 6.424 ; 6.424 ; 6.424 ; 6.424 ;
; SW_Cin     ; HEX_1[1]    ; 6.608 ; 6.608 ; 6.608 ; 6.608 ;
; SW_Cin     ; HEX_1[2]    ; 6.608 ; 6.608 ; 6.608 ; 6.608 ;
; SW_Cin     ; HEX_1[3]    ; 6.417 ; 6.417 ; 6.417 ; 6.417 ;
; SW_Cin     ; HEX_1[4]    ; 6.444 ; 6.444 ; 6.444 ; 6.444 ;
; SW_Cin     ; HEX_1[5]    ; 6.444 ; 6.444 ; 6.444 ; 6.444 ;
; SW_Cin     ; LED_R[0]    ; 5.639 ; 5.639 ; 5.639 ; 5.639 ;
; SW_Cin     ; LED_R[1]    ; 5.566 ; 5.566 ; 5.566 ; 5.566 ;
; SW_Cin     ; LED_R[2]    ; 5.709 ; 5.709 ; 5.709 ; 5.709 ;
; SW_Cin     ; LED_R[3]    ; 5.626 ; 5.626 ; 5.626 ; 5.626 ;
; SW_Cin     ; LED_R[4]    ; 5.703 ;       ;       ; 5.703 ;
; SW_Cin     ; cout        ; 5.833 ;       ;       ; 5.833 ;
; SW_X[0]    ; HEX_0[0]    ; 4.430 ; 4.430 ; 4.430 ; 4.430 ;
; SW_X[0]    ; HEX_0[1]    ; 4.502 ; 4.502 ; 4.502 ; 4.502 ;
; SW_X[0]    ; HEX_0[2]    ; 4.176 ; 4.176 ; 4.176 ; 4.176 ;
; SW_X[0]    ; HEX_0[3]    ; 4.408 ; 4.408 ; 4.408 ; 4.408 ;
; SW_X[0]    ; HEX_0[4]    ; 4.442 ; 4.442 ; 4.442 ; 4.442 ;
; SW_X[0]    ; HEX_0[5]    ; 4.174 ; 4.174 ; 4.174 ; 4.174 ;
; SW_X[0]    ; HEX_0[6]    ; 4.110 ; 4.110 ; 4.110 ; 4.110 ;
; SW_X[0]    ; HEX_1[0]    ; 4.336 ; 4.336 ; 4.336 ; 4.336 ;
; SW_X[0]    ; HEX_1[1]    ; 4.520 ; 4.520 ; 4.520 ; 4.520 ;
; SW_X[0]    ; HEX_1[2]    ; 4.520 ; 4.520 ; 4.520 ; 4.520 ;
; SW_X[0]    ; HEX_1[3]    ; 4.329 ; 4.329 ; 4.329 ; 4.329 ;
; SW_X[0]    ; HEX_1[4]    ; 4.356 ; 4.356 ; 4.356 ; 4.356 ;
; SW_X[0]    ; HEX_1[5]    ; 4.356 ; 4.356 ; 4.356 ; 4.356 ;
; SW_X[0]    ; HEX_5[0]    ; 3.494 ; 3.494 ; 3.494 ; 3.494 ;
; SW_X[0]    ; HEX_5[1]    ; 3.365 ; 3.365 ; 3.365 ; 3.365 ;
; SW_X[0]    ; HEX_5[2]    ; 3.364 ; 3.364 ; 3.364 ; 3.364 ;
; SW_X[0]    ; HEX_5[3]    ; 3.491 ; 3.491 ; 3.491 ; 3.491 ;
; SW_X[0]    ; HEX_5[4]    ;       ; 3.246 ; 3.246 ;       ;
; SW_X[0]    ; HEX_5[5]    ;       ; 3.510 ; 3.510 ;       ;
; SW_X[0]    ; HEX_5[6]    ; 3.403 ;       ;       ; 3.403 ;
; SW_X[0]    ; LED_R[0]    ; 3.446 ; 3.446 ; 3.446 ; 3.446 ;
; SW_X[0]    ; LED_R[1]    ; 3.478 ; 3.478 ; 3.478 ; 3.478 ;
; SW_X[0]    ; LED_R[2]    ; 3.621 ; 3.621 ; 3.621 ; 3.621 ;
; SW_X[0]    ; LED_R[3]    ; 3.538 ; 3.538 ; 3.538 ; 3.538 ;
; SW_X[0]    ; LED_R[4]    ; 3.615 ;       ;       ; 3.615 ;
; SW_X[0]    ; cout        ; 3.745 ;       ;       ; 3.745 ;
; SW_X[1]    ; HEX_0[0]    ; 4.339 ; 4.339 ; 4.339 ; 4.339 ;
; SW_X[1]    ; HEX_0[1]    ; 4.411 ; 4.411 ; 4.411 ; 4.411 ;
; SW_X[1]    ; HEX_0[2]    ; 4.085 ; 4.085 ; 4.085 ; 4.085 ;
; SW_X[1]    ; HEX_0[3]    ; 4.317 ; 4.317 ; 4.317 ; 4.317 ;
; SW_X[1]    ; HEX_0[4]    ; 4.351 ; 4.351 ; 4.351 ; 4.351 ;
; SW_X[1]    ; HEX_0[5]    ; 4.083 ; 4.083 ; 4.083 ; 4.083 ;
; SW_X[1]    ; HEX_0[6]    ; 4.019 ; 4.019 ; 4.019 ; 4.019 ;
; SW_X[1]    ; HEX_1[0]    ; 4.245 ; 4.245 ; 4.245 ; 4.245 ;
; SW_X[1]    ; HEX_1[1]    ; 4.429 ; 4.429 ; 4.429 ; 4.429 ;
; SW_X[1]    ; HEX_1[2]    ; 4.429 ; 4.429 ; 4.429 ; 4.429 ;
; SW_X[1]    ; HEX_1[3]    ; 4.238 ; 4.238 ; 4.238 ; 4.238 ;
; SW_X[1]    ; HEX_1[4]    ; 4.265 ; 4.265 ; 4.265 ; 4.265 ;
; SW_X[1]    ; HEX_1[5]    ; 4.265 ; 4.265 ; 4.265 ; 4.265 ;
; SW_X[1]    ; HEX_5[0]    ; 3.302 ; 3.302 ; 3.302 ; 3.302 ;
; SW_X[1]    ; HEX_5[1]    ; 3.174 ; 3.174 ; 3.174 ; 3.174 ;
; SW_X[1]    ; HEX_5[2]    ;       ; 3.173 ; 3.173 ;       ;
; SW_X[1]    ; HEX_5[3]    ; 3.300 ; 3.300 ; 3.300 ; 3.300 ;
; SW_X[1]    ; HEX_5[4]    ; 3.069 ; 3.069 ; 3.069 ; 3.069 ;
; SW_X[1]    ; HEX_5[5]    ;       ; 3.333 ; 3.333 ;       ;
; SW_X[1]    ; HEX_5[6]    ; 3.217 ; 3.217 ; 3.217 ; 3.217 ;
; SW_X[1]    ; LED_9       ; 3.218 ; 3.218 ; 3.218 ; 3.218 ;
; SW_X[1]    ; LED_R[1]    ; 3.282 ; 3.282 ; 3.282 ; 3.282 ;
; SW_X[1]    ; LED_R[2]    ; 3.530 ; 3.530 ; 3.530 ; 3.530 ;
; SW_X[1]    ; LED_R[3]    ; 3.447 ; 3.447 ; 3.447 ; 3.447 ;
; SW_X[1]    ; LED_R[4]    ; 3.524 ;       ;       ; 3.524 ;
; SW_X[1]    ; cout        ; 3.654 ;       ;       ; 3.654 ;
; SW_X[2]    ; HEX_0[0]    ; 6.413 ; 6.413 ; 6.413 ; 6.413 ;
; SW_X[2]    ; HEX_0[1]    ; 6.485 ; 6.485 ; 6.485 ; 6.485 ;
; SW_X[2]    ; HEX_0[2]    ; 6.056 ; 6.056 ; 6.056 ; 6.056 ;
; SW_X[2]    ; HEX_0[3]    ; 6.391 ; 6.391 ; 6.391 ; 6.391 ;
; SW_X[2]    ; HEX_0[4]    ; 6.425 ; 6.425 ; 6.425 ; 6.425 ;
; SW_X[2]    ; HEX_0[5]    ; 6.054 ; 6.054 ; 6.054 ; 6.054 ;
; SW_X[2]    ; HEX_0[6]    ; 5.990 ; 5.990 ; 5.990 ; 5.990 ;
; SW_X[2]    ; HEX_1[0]    ; 6.319 ; 6.319 ; 6.319 ; 6.319 ;
; SW_X[2]    ; HEX_1[1]    ; 6.404 ; 6.404 ; 6.404 ; 6.404 ;
; SW_X[2]    ; HEX_1[2]    ; 6.404 ; 6.404 ; 6.404 ; 6.404 ;
; SW_X[2]    ; HEX_1[3]    ; 6.312 ; 6.312 ; 6.312 ; 6.312 ;
; SW_X[2]    ; HEX_1[4]    ; 6.339 ; 6.339 ; 6.339 ; 6.339 ;
; SW_X[2]    ; HEX_1[5]    ; 6.339 ; 6.339 ; 6.339 ; 6.339 ;
; SW_X[2]    ; HEX_5[0]    ; 5.766 ; 5.766 ; 5.766 ; 5.766 ;
; SW_X[2]    ; HEX_5[1]    ; 5.637 ; 5.637 ; 5.637 ; 5.637 ;
; SW_X[2]    ; HEX_5[2]    ; 5.639 ; 5.639 ; 5.639 ; 5.639 ;
; SW_X[2]    ; HEX_5[3]    ; 5.767 ; 5.767 ; 5.767 ; 5.767 ;
; SW_X[2]    ; HEX_5[4]    ;       ; 5.522 ; 5.522 ;       ;
; SW_X[2]    ; HEX_5[5]    ; 5.792 ; 5.792 ; 5.792 ; 5.792 ;
; SW_X[2]    ; HEX_5[6]    ; 5.673 ; 5.673 ; 5.673 ; 5.673 ;
; SW_X[2]    ; LED_9       ; 5.485 ; 5.485 ; 5.485 ; 5.485 ;
; SW_X[2]    ; LED_R[2]    ; 5.501 ; 5.501 ; 5.501 ; 5.501 ;
; SW_X[2]    ; LED_R[3]    ; 5.521 ; 5.521 ; 5.521 ; 5.521 ;
; SW_X[2]    ; LED_R[4]    ; 5.598 ;       ;       ; 5.598 ;
; SW_X[2]    ; cout        ; 5.728 ;       ;       ; 5.728 ;
; SW_X[3]    ; HEX_0[0]    ; 6.287 ; 6.287 ; 6.287 ; 6.287 ;
; SW_X[3]    ; HEX_0[1]    ; 6.338 ; 6.338 ; 6.338 ; 6.338 ;
; SW_X[3]    ; HEX_0[2]    ; 5.964 ; 5.964 ; 5.964 ; 5.964 ;
; SW_X[3]    ; HEX_0[3]    ; 6.265 ; 6.265 ; 6.265 ; 6.265 ;
; SW_X[3]    ; HEX_0[4]    ; 6.294 ; 6.294 ; 6.294 ; 6.294 ;
; SW_X[3]    ; HEX_0[5]    ; 5.874 ; 5.874 ; 5.874 ; 5.874 ;
; SW_X[3]    ; HEX_0[6]    ; 5.901 ; 5.901 ; 5.901 ; 5.901 ;
; SW_X[3]    ; HEX_1[0]    ; 6.172 ; 6.207 ; 6.207 ; 6.172 ;
; SW_X[3]    ; HEX_1[1]    ; 6.257 ; 6.257 ; 6.257 ; 6.257 ;
; SW_X[3]    ; HEX_1[2]    ; 6.257 ; 6.257 ; 6.257 ; 6.257 ;
; SW_X[3]    ; HEX_1[3]    ; 6.165 ; 6.200 ; 6.200 ; 6.165 ;
; SW_X[3]    ; HEX_1[4]    ; 6.192 ; 6.227 ; 6.227 ; 6.192 ;
; SW_X[3]    ; HEX_1[5]    ; 6.192 ; 6.227 ; 6.227 ; 6.192 ;
; SW_X[3]    ; HEX_5[0]    ; 5.684 ; 5.684 ; 5.684 ; 5.684 ;
; SW_X[3]    ; HEX_5[1]    ; 5.555 ; 5.555 ; 5.555 ; 5.555 ;
; SW_X[3]    ; HEX_5[2]    ; 5.554 ; 5.554 ; 5.554 ; 5.554 ;
; SW_X[3]    ; HEX_5[3]    ; 5.683 ; 5.683 ; 5.683 ; 5.683 ;
; SW_X[3]    ; HEX_5[4]    ; 5.457 ; 5.457 ; 5.457 ; 5.457 ;
; SW_X[3]    ; HEX_5[5]    ; 5.722 ; 5.722 ; 5.722 ; 5.722 ;
; SW_X[3]    ; HEX_5[6]    ; 5.605 ; 5.605 ; 5.605 ; 5.605 ;
; SW_X[3]    ; LED_9       ; 5.568 ; 5.568 ; 5.568 ; 5.568 ;
; SW_X[3]    ; LED_R[3]    ; 5.374 ; 5.374 ; 5.374 ; 5.374 ;
; SW_X[3]    ; LED_R[4]    ; 5.554 ;       ;       ; 5.554 ;
; SW_X[3]    ; cout        ; 5.684 ;       ;       ; 5.684 ;
; SW_Y[0]    ; HEX_0[0]    ; 6.554 ; 6.554 ; 6.554 ; 6.554 ;
; SW_Y[0]    ; HEX_0[1]    ; 6.626 ; 6.626 ; 6.626 ; 6.626 ;
; SW_Y[0]    ; HEX_0[2]    ; 6.300 ; 6.300 ; 6.300 ; 6.300 ;
; SW_Y[0]    ; HEX_0[3]    ; 6.532 ; 6.532 ; 6.532 ; 6.532 ;
; SW_Y[0]    ; HEX_0[4]    ; 6.566 ; 6.566 ; 6.566 ; 6.566 ;
; SW_Y[0]    ; HEX_0[5]    ; 6.298 ; 6.298 ; 6.298 ; 6.298 ;
; SW_Y[0]    ; HEX_0[6]    ; 6.234 ; 6.234 ; 6.234 ; 6.234 ;
; SW_Y[0]    ; HEX_1[0]    ; 6.460 ; 6.460 ; 6.460 ; 6.460 ;
; SW_Y[0]    ; HEX_1[1]    ; 6.644 ; 6.644 ; 6.644 ; 6.644 ;
; SW_Y[0]    ; HEX_1[2]    ; 6.644 ; 6.644 ; 6.644 ; 6.644 ;
; SW_Y[0]    ; HEX_1[3]    ; 6.453 ; 6.453 ; 6.453 ; 6.453 ;
; SW_Y[0]    ; HEX_1[4]    ; 6.480 ; 6.480 ; 6.480 ; 6.480 ;
; SW_Y[0]    ; HEX_1[5]    ; 6.480 ; 6.480 ; 6.480 ; 6.480 ;
; SW_Y[0]    ; HEX_3[0]    ; 5.377 ; 5.377 ; 5.377 ; 5.377 ;
; SW_Y[0]    ; HEX_3[1]    ; 5.584 ; 5.584 ; 5.584 ; 5.584 ;
; SW_Y[0]    ; HEX_3[2]    ; 5.533 ; 5.533 ; 5.533 ; 5.533 ;
; SW_Y[0]    ; HEX_3[3]    ; 5.511 ; 5.511 ; 5.511 ; 5.511 ;
; SW_Y[0]    ; HEX_3[4]    ;       ; 5.405 ; 5.405 ;       ;
; SW_Y[0]    ; HEX_3[5]    ;       ; 5.645 ; 5.645 ;       ;
; SW_Y[0]    ; HEX_3[6]    ; 5.618 ;       ;       ; 5.618 ;
; SW_Y[0]    ; LED_R[0]    ; 5.572 ; 5.572 ; 5.572 ; 5.572 ;
; SW_Y[0]    ; LED_R[1]    ; 5.602 ; 5.602 ; 5.602 ; 5.602 ;
; SW_Y[0]    ; LED_R[2]    ; 5.745 ; 5.745 ; 5.745 ; 5.745 ;
; SW_Y[0]    ; LED_R[3]    ; 5.662 ; 5.662 ; 5.662 ; 5.662 ;
; SW_Y[0]    ; LED_R[4]    ; 5.739 ;       ;       ; 5.739 ;
; SW_Y[0]    ; cout        ; 5.869 ;       ;       ; 5.869 ;
; SW_Y[1]    ; HEX_0[0]    ; 6.547 ; 6.547 ; 6.547 ; 6.547 ;
; SW_Y[1]    ; HEX_0[1]    ; 6.619 ; 6.619 ; 6.619 ; 6.619 ;
; SW_Y[1]    ; HEX_0[2]    ; 6.293 ; 6.293 ; 6.293 ; 6.293 ;
; SW_Y[1]    ; HEX_0[3]    ; 6.525 ; 6.525 ; 6.525 ; 6.525 ;
; SW_Y[1]    ; HEX_0[4]    ; 6.559 ; 6.559 ; 6.559 ; 6.559 ;
; SW_Y[1]    ; HEX_0[5]    ; 6.291 ; 6.291 ; 6.291 ; 6.291 ;
; SW_Y[1]    ; HEX_0[6]    ; 6.227 ; 6.227 ; 6.227 ; 6.227 ;
; SW_Y[1]    ; HEX_1[0]    ; 6.453 ; 6.453 ; 6.453 ; 6.453 ;
; SW_Y[1]    ; HEX_1[1]    ; 6.637 ; 6.637 ; 6.637 ; 6.637 ;
; SW_Y[1]    ; HEX_1[2]    ; 6.637 ; 6.637 ; 6.637 ; 6.637 ;
; SW_Y[1]    ; HEX_1[3]    ; 6.446 ; 6.446 ; 6.446 ; 6.446 ;
; SW_Y[1]    ; HEX_1[4]    ; 6.473 ; 6.473 ; 6.473 ; 6.473 ;
; SW_Y[1]    ; HEX_1[5]    ; 6.473 ; 6.473 ; 6.473 ; 6.473 ;
; SW_Y[1]    ; HEX_3[0]    ; 5.419 ; 5.419 ; 5.419 ; 5.419 ;
; SW_Y[1]    ; HEX_3[1]    ; 5.632 ; 5.632 ; 5.632 ; 5.632 ;
; SW_Y[1]    ; HEX_3[2]    ;       ; 5.581 ; 5.581 ;       ;
; SW_Y[1]    ; HEX_3[3]    ; 5.555 ; 5.555 ; 5.555 ; 5.555 ;
; SW_Y[1]    ; HEX_3[4]    ; 5.456 ; 5.456 ; 5.456 ; 5.456 ;
; SW_Y[1]    ; HEX_3[5]    ;       ; 5.695 ; 5.695 ;       ;
; SW_Y[1]    ; HEX_3[6]    ; 5.666 ; 5.666 ; 5.666 ; 5.666 ;
; SW_Y[1]    ; LED_9       ; 5.607 ; 5.607 ; 5.607 ; 5.607 ;
; SW_Y[1]    ; LED_R[1]    ; 5.492 ; 5.492 ; 5.492 ; 5.492 ;
; SW_Y[1]    ; LED_R[2]    ; 5.738 ; 5.738 ; 5.738 ; 5.738 ;
; SW_Y[1]    ; LED_R[3]    ; 5.655 ; 5.655 ; 5.655 ; 5.655 ;
; SW_Y[1]    ; LED_R[4]    ; 5.732 ;       ;       ; 5.732 ;
; SW_Y[1]    ; cout        ; 5.862 ;       ;       ; 5.862 ;
; SW_Y[2]    ; HEX_0[0]    ; 6.527 ; 6.527 ; 6.527 ; 6.527 ;
; SW_Y[2]    ; HEX_0[1]    ; 6.599 ; 6.599 ; 6.599 ; 6.599 ;
; SW_Y[2]    ; HEX_0[2]    ; 6.168 ; 6.168 ; 6.168 ; 6.168 ;
; SW_Y[2]    ; HEX_0[3]    ; 6.505 ; 6.505 ; 6.505 ; 6.505 ;
; SW_Y[2]    ; HEX_0[4]    ; 6.539 ; 6.539 ; 6.539 ; 6.539 ;
; SW_Y[2]    ; HEX_0[5]    ; 6.166 ; 6.166 ; 6.166 ; 6.166 ;
; SW_Y[2]    ; HEX_0[6]    ; 6.102 ; 6.102 ; 6.102 ; 6.102 ;
; SW_Y[2]    ; HEX_1[0]    ; 6.433 ; 6.433 ; 6.433 ; 6.433 ;
; SW_Y[2]    ; HEX_1[1]    ; 6.518 ; 6.518 ; 6.518 ; 6.518 ;
; SW_Y[2]    ; HEX_1[2]    ; 6.518 ; 6.518 ; 6.518 ; 6.518 ;
; SW_Y[2]    ; HEX_1[3]    ; 6.426 ; 6.426 ; 6.426 ; 6.426 ;
; SW_Y[2]    ; HEX_1[4]    ; 6.453 ; 6.453 ; 6.453 ; 6.453 ;
; SW_Y[2]    ; HEX_1[5]    ; 6.453 ; 6.453 ; 6.453 ; 6.453 ;
; SW_Y[2]    ; HEX_3[0]    ; 5.304 ; 5.304 ; 5.304 ; 5.304 ;
; SW_Y[2]    ; HEX_3[1]    ; 5.515 ; 5.515 ; 5.515 ; 5.515 ;
; SW_Y[2]    ; HEX_3[2]    ; 5.465 ; 5.465 ; 5.465 ; 5.465 ;
; SW_Y[2]    ; HEX_3[3]    ; 5.439 ; 5.439 ; 5.439 ; 5.439 ;
; SW_Y[2]    ; HEX_3[4]    ;       ; 5.333 ; 5.333 ;       ;
; SW_Y[2]    ; HEX_3[5]    ; 5.578 ; 5.578 ; 5.578 ; 5.578 ;
; SW_Y[2]    ; HEX_3[6]    ; 5.549 ; 5.549 ; 5.549 ; 5.549 ;
; SW_Y[2]    ; LED_9       ; 5.491 ; 5.491 ; 5.491 ; 5.491 ;
; SW_Y[2]    ; LED_R[2]    ; 5.613 ; 5.613 ; 5.613 ; 5.613 ;
; SW_Y[2]    ; LED_R[3]    ; 5.635 ; 5.635 ; 5.635 ; 5.635 ;
; SW_Y[2]    ; LED_R[4]    ; 5.712 ;       ;       ; 5.712 ;
; SW_Y[2]    ; cout        ; 5.842 ;       ;       ; 5.842 ;
; SW_Y[3]    ; HEX_0[0]    ; 6.392 ; 6.392 ; 6.392 ; 6.392 ;
; SW_Y[3]    ; HEX_0[1]    ; 6.441 ; 6.441 ; 6.441 ; 6.441 ;
; SW_Y[3]    ; HEX_0[2]    ; 6.069 ; 6.069 ; 6.069 ; 6.069 ;
; SW_Y[3]    ; HEX_0[3]    ; 6.370 ; 6.370 ; 6.370 ; 6.370 ;
; SW_Y[3]    ; HEX_0[4]    ; 6.399 ; 6.399 ; 6.399 ; 6.399 ;
; SW_Y[3]    ; HEX_0[5]    ; 5.977 ; 5.977 ; 5.977 ; 5.977 ;
; SW_Y[3]    ; HEX_0[6]    ; 6.006 ; 6.006 ; 6.006 ; 6.006 ;
; SW_Y[3]    ; HEX_1[0]    ; 6.275 ; 6.312 ; 6.312 ; 6.275 ;
; SW_Y[3]    ; HEX_1[1]    ; 6.360 ; 6.360 ; 6.360 ; 6.360 ;
; SW_Y[3]    ; HEX_1[2]    ; 6.360 ; 6.360 ; 6.360 ; 6.360 ;
; SW_Y[3]    ; HEX_1[3]    ; 6.268 ; 6.305 ; 6.305 ; 6.268 ;
; SW_Y[3]    ; HEX_1[4]    ; 6.295 ; 6.332 ; 6.332 ; 6.295 ;
; SW_Y[3]    ; HEX_1[5]    ; 6.295 ; 6.332 ; 6.332 ; 6.295 ;
; SW_Y[3]    ; HEX_3[0]    ; 5.356 ; 5.356 ; 5.356 ; 5.356 ;
; SW_Y[3]    ; HEX_3[1]    ; 5.559 ; 5.559 ; 5.559 ; 5.559 ;
; SW_Y[3]    ; HEX_3[2]    ; 5.518 ; 5.518 ; 5.518 ; 5.518 ;
; SW_Y[3]    ; HEX_3[3]    ; 5.492 ; 5.492 ; 5.492 ; 5.492 ;
; SW_Y[3]    ; HEX_3[4]    ; 5.381 ; 5.381 ; 5.381 ; 5.381 ;
; SW_Y[3]    ; HEX_3[5]    ; 5.631 ; 5.631 ; 5.631 ; 5.631 ;
; SW_Y[3]    ; HEX_3[6]    ; 5.595 ; 5.595 ; 5.595 ; 5.595 ;
; SW_Y[3]    ; LED_9       ; 5.564 ; 5.564 ; 5.564 ; 5.564 ;
; SW_Y[3]    ; LED_R[3]    ; 5.477 ; 5.477 ; 5.477 ; 5.477 ;
; SW_Y[3]    ; LED_R[4]    ; 5.659 ;       ;       ; 5.659 ;
; SW_Y[3]    ; cout        ; 5.789 ;       ;       ; 5.789 ;
+------------+-------------+-------+-------+-------+-------+


+----------------------------------------------------------+
; Minimum Propagation Delay                                ;
+------------+-------------+-------+-------+-------+-------+
; Input Port ; Output Port ; RR    ; RF    ; FR    ; FF    ;
+------------+-------------+-------+-------+-------+-------+
; SW_Cin     ; HEX_0[0]    ; 6.059 ; 6.059 ; 6.059 ; 6.059 ;
; SW_Cin     ; HEX_0[1]    ; 6.104 ; 6.104 ; 6.104 ; 6.104 ;
; SW_Cin     ; HEX_0[2]    ; 5.615 ; 5.615 ; 5.615 ; 5.615 ;
; SW_Cin     ; HEX_0[3]    ; 6.112 ; 6.112 ; 6.112 ; 6.112 ;
; SW_Cin     ; HEX_0[4]    ; 6.298 ; 6.298 ; 6.298 ; 6.298 ;
; SW_Cin     ; HEX_0[5]    ; 5.612 ; 5.612 ; 5.612 ; 5.612 ;
; SW_Cin     ; HEX_0[6]    ; 5.743 ; 5.743 ; 5.743 ; 5.743 ;
; SW_Cin     ; HEX_1[0]    ; 6.277 ; 6.277 ; 6.277 ; 6.277 ;
; SW_Cin     ; HEX_1[1]    ; 6.259 ; 6.259 ; 6.259 ; 6.259 ;
; SW_Cin     ; HEX_1[2]    ; 6.259 ; 6.259 ; 6.259 ; 6.259 ;
; SW_Cin     ; HEX_1[3]    ; 6.270 ; 6.270 ; 6.270 ; 6.270 ;
; SW_Cin     ; HEX_1[4]    ; 6.297 ; 6.297 ; 6.297 ; 6.297 ;
; SW_Cin     ; HEX_1[5]    ; 6.297 ; 6.297 ; 6.297 ; 6.297 ;
; SW_Cin     ; LED_R[0]    ; 5.639 ; 5.639 ; 5.639 ; 5.639 ;
; SW_Cin     ; LED_R[1]    ; 5.566 ; 5.566 ; 5.566 ; 5.566 ;
; SW_Cin     ; LED_R[2]    ; 5.709 ; 5.709 ; 5.709 ; 5.709 ;
; SW_Cin     ; LED_R[3]    ; 5.626 ; 5.626 ; 5.626 ; 5.626 ;
; SW_Cin     ; LED_R[4]    ; 5.703 ;       ;       ; 5.703 ;
; SW_Cin     ; cout        ; 5.833 ;       ;       ; 5.833 ;
; SW_X[0]    ; HEX_0[0]    ; 3.956 ; 3.956 ; 3.956 ; 3.956 ;
; SW_X[0]    ; HEX_0[1]    ; 4.016 ; 4.016 ; 4.016 ; 4.016 ;
; SW_X[0]    ; HEX_0[2]    ; 3.422 ; 3.422 ; 3.422 ; 3.422 ;
; SW_X[0]    ; HEX_0[3]    ; 4.024 ; 4.024 ; 4.024 ; 4.024 ;
; SW_X[0]    ; HEX_0[4]    ; 4.125 ; 4.125 ; 4.125 ; 4.125 ;
; SW_X[0]    ; HEX_0[5]    ; 3.419 ; 3.419 ; 3.419 ; 3.419 ;
; SW_X[0]    ; HEX_0[6]    ; 3.550 ; 3.550 ; 3.550 ; 3.550 ;
; SW_X[0]    ; HEX_1[0]    ; 4.189 ; 4.189 ; 4.189 ; 4.189 ;
; SW_X[0]    ; HEX_1[1]    ; 4.171 ; 4.171 ; 4.171 ; 4.171 ;
; SW_X[0]    ; HEX_1[2]    ; 4.171 ; 4.171 ; 4.171 ; 4.171 ;
; SW_X[0]    ; HEX_1[3]    ; 4.182 ; 4.182 ; 4.182 ; 4.182 ;
; SW_X[0]    ; HEX_1[4]    ; 4.209 ; 4.209 ; 4.209 ; 4.209 ;
; SW_X[0]    ; HEX_1[5]    ; 4.209 ; 4.209 ; 4.209 ; 4.209 ;
; SW_X[0]    ; HEX_5[0]    ; 3.494 ; 3.494 ; 3.494 ; 3.494 ;
; SW_X[0]    ; HEX_5[1]    ; 3.365 ; 3.365 ; 3.365 ; 3.365 ;
; SW_X[0]    ; HEX_5[2]    ; 3.364 ; 3.364 ; 3.364 ; 3.364 ;
; SW_X[0]    ; HEX_5[3]    ; 3.491 ; 3.491 ; 3.491 ; 3.491 ;
; SW_X[0]    ; HEX_5[4]    ;       ; 3.246 ; 3.246 ;       ;
; SW_X[0]    ; HEX_5[5]    ;       ; 3.510 ; 3.510 ;       ;
; SW_X[0]    ; HEX_5[6]    ; 3.403 ;       ;       ; 3.403 ;
; SW_X[0]    ; LED_R[0]    ; 3.446 ; 3.446 ; 3.446 ; 3.446 ;
; SW_X[0]    ; LED_R[1]    ; 3.478 ; 3.478 ; 3.478 ; 3.478 ;
; SW_X[0]    ; LED_R[2]    ; 3.621 ; 3.621 ; 3.621 ; 3.621 ;
; SW_X[0]    ; LED_R[3]    ; 3.538 ; 3.538 ; 3.538 ; 3.538 ;
; SW_X[0]    ; LED_R[4]    ; 3.615 ;       ;       ; 3.615 ;
; SW_X[0]    ; cout        ; 3.745 ;       ;       ; 3.745 ;
; SW_X[1]    ; HEX_0[0]    ; 3.775 ; 3.775 ; 3.775 ; 3.775 ;
; SW_X[1]    ; HEX_0[1]    ; 3.925 ; 3.925 ; 3.925 ; 3.925 ;
; SW_X[1]    ; HEX_0[2]    ; 3.414 ; 3.414 ; 3.414 ; 3.414 ;
; SW_X[1]    ; HEX_0[3]    ; 3.933 ; 3.933 ; 3.933 ; 3.933 ;
; SW_X[1]    ; HEX_0[4]    ; 4.074 ; 4.074 ; 4.074 ; 4.074 ;
; SW_X[1]    ; HEX_0[5]    ; 3.411 ; 3.411 ; 3.411 ; 3.411 ;
; SW_X[1]    ; HEX_0[6]    ; 3.629 ; 3.629 ; 3.629 ; 3.629 ;
; SW_X[1]    ; HEX_1[0]    ; 3.993 ; 3.993 ; 3.993 ; 3.993 ;
; SW_X[1]    ; HEX_1[1]    ; 4.080 ; 4.080 ; 4.080 ; 4.080 ;
; SW_X[1]    ; HEX_1[2]    ; 4.080 ; 4.080 ; 4.080 ; 4.080 ;
; SW_X[1]    ; HEX_1[3]    ; 3.986 ; 3.986 ; 3.986 ; 3.986 ;
; SW_X[1]    ; HEX_1[4]    ; 4.013 ; 4.013 ; 4.013 ; 4.013 ;
; SW_X[1]    ; HEX_1[5]    ; 4.013 ; 4.013 ; 4.013 ; 4.013 ;
; SW_X[1]    ; HEX_5[0]    ; 3.302 ; 3.302 ; 3.302 ; 3.302 ;
; SW_X[1]    ; HEX_5[1]    ; 3.174 ; 3.174 ; 3.174 ; 3.174 ;
; SW_X[1]    ; HEX_5[2]    ;       ; 3.173 ; 3.173 ;       ;
; SW_X[1]    ; HEX_5[3]    ; 3.300 ; 3.300 ; 3.300 ; 3.300 ;
; SW_X[1]    ; HEX_5[4]    ; 3.069 ; 3.069 ; 3.069 ; 3.069 ;
; SW_X[1]    ; HEX_5[5]    ;       ; 3.333 ; 3.333 ;       ;
; SW_X[1]    ; HEX_5[6]    ; 3.217 ; 3.217 ; 3.217 ; 3.217 ;
; SW_X[1]    ; LED_9       ; 3.218 ; 3.218 ; 3.218 ; 3.218 ;
; SW_X[1]    ; LED_R[1]    ; 3.282 ; 3.282 ; 3.282 ; 3.282 ;
; SW_X[1]    ; LED_R[2]    ; 3.530 ; 3.530 ; 3.530 ; 3.530 ;
; SW_X[1]    ; LED_R[3]    ; 3.447 ; 3.447 ; 3.447 ; 3.447 ;
; SW_X[1]    ; LED_R[4]    ; 3.524 ;       ;       ; 3.524 ;
; SW_X[1]    ; cout        ; 3.654 ;       ;       ; 3.654 ;
; SW_X[2]    ; HEX_0[0]    ; 6.042 ; 6.042 ; 6.042 ; 6.042 ;
; SW_X[2]    ; HEX_0[1]    ; 5.896 ; 5.896 ; 5.896 ; 5.896 ;
; SW_X[2]    ; HEX_0[2]    ; 5.859 ; 5.859 ; 5.859 ; 5.859 ;
; SW_X[2]    ; HEX_0[3]    ; 6.007 ; 6.007 ; 6.007 ; 6.007 ;
; SW_X[2]    ; HEX_0[4]    ; 6.090 ; 6.090 ; 6.090 ; 6.090 ;
; SW_X[2]    ; HEX_0[5]    ; 5.856 ; 5.856 ; 5.856 ; 5.856 ;
; SW_X[2]    ; HEX_0[6]    ; 5.776 ; 5.730 ; 5.730 ; 5.776 ;
; SW_X[2]    ; HEX_1[0]    ; 6.213 ; 6.213 ; 6.213 ; 6.213 ;
; SW_X[2]    ; HEX_1[1]    ; 6.154 ; 6.154 ; 6.154 ; 6.154 ;
; SW_X[2]    ; HEX_1[2]    ; 6.154 ; 6.154 ; 6.154 ; 6.154 ;
; SW_X[2]    ; HEX_1[3]    ; 6.206 ; 6.206 ; 6.206 ; 6.206 ;
; SW_X[2]    ; HEX_1[4]    ; 6.233 ; 6.233 ; 6.233 ; 6.233 ;
; SW_X[2]    ; HEX_1[5]    ; 6.233 ; 6.233 ; 6.233 ; 6.233 ;
; SW_X[2]    ; HEX_5[0]    ; 5.766 ; 5.766 ; 5.766 ; 5.766 ;
; SW_X[2]    ; HEX_5[1]    ; 5.637 ; 5.637 ; 5.637 ; 5.637 ;
; SW_X[2]    ; HEX_5[2]    ; 5.639 ; 5.639 ; 5.639 ; 5.639 ;
; SW_X[2]    ; HEX_5[3]    ; 5.767 ; 5.767 ; 5.767 ; 5.767 ;
; SW_X[2]    ; HEX_5[4]    ;       ; 5.522 ; 5.522 ;       ;
; SW_X[2]    ; HEX_5[5]    ; 5.792 ; 5.792 ; 5.792 ; 5.792 ;
; SW_X[2]    ; HEX_5[6]    ; 5.673 ; 5.673 ; 5.673 ; 5.673 ;
; SW_X[2]    ; LED_9       ; 5.485 ; 5.485 ; 5.485 ; 5.485 ;
; SW_X[2]    ; LED_R[2]    ; 5.501 ; 5.501 ; 5.501 ; 5.501 ;
; SW_X[2]    ; LED_R[3]    ; 5.521 ; 5.521 ; 5.521 ; 5.521 ;
; SW_X[2]    ; LED_R[4]    ; 5.598 ;       ;       ; 5.598 ;
; SW_X[2]    ; cout        ; 5.728 ;       ;       ; 5.728 ;
; SW_X[3]    ; HEX_0[0]    ; 5.998 ; 5.998 ; 5.998 ; 5.998 ;
; SW_X[3]    ; HEX_0[1]    ; 5.959 ; 5.959 ; 5.959 ; 5.959 ;
; SW_X[3]    ; HEX_0[2]    ; 5.815 ; 5.815 ; 5.815 ; 5.815 ;
; SW_X[3]    ; HEX_0[3]    ; 5.963 ; 5.963 ; 5.963 ; 5.963 ;
; SW_X[3]    ; HEX_0[4]    ; 6.144 ; 6.144 ; 6.144 ; 6.144 ;
; SW_X[3]    ; HEX_0[5]    ; 5.812 ; 5.812 ; 5.812 ; 5.812 ;
; SW_X[3]    ; HEX_0[6]    ; 5.807 ; 5.686 ; 5.686 ; 5.807 ;
; SW_X[3]    ; HEX_1[0]    ; 6.172 ; 6.172 ; 6.172 ; 6.172 ;
; SW_X[3]    ; HEX_1[1]    ; 6.110 ; 6.110 ; 6.110 ; 6.110 ;
; SW_X[3]    ; HEX_1[2]    ; 6.110 ; 6.110 ; 6.110 ; 6.110 ;
; SW_X[3]    ; HEX_1[3]    ; 6.165 ; 6.165 ; 6.165 ; 6.165 ;
; SW_X[3]    ; HEX_1[4]    ; 6.192 ; 6.192 ; 6.192 ; 6.192 ;
; SW_X[3]    ; HEX_1[5]    ; 6.192 ; 6.192 ; 6.192 ; 6.192 ;
; SW_X[3]    ; HEX_5[0]    ; 5.684 ; 5.684 ; 5.684 ; 5.684 ;
; SW_X[3]    ; HEX_5[1]    ; 5.555 ; 5.555 ; 5.555 ; 5.555 ;
; SW_X[3]    ; HEX_5[2]    ; 5.554 ; 5.554 ; 5.554 ; 5.554 ;
; SW_X[3]    ; HEX_5[3]    ; 5.683 ; 5.683 ; 5.683 ; 5.683 ;
; SW_X[3]    ; HEX_5[4]    ; 5.457 ; 5.457 ; 5.457 ; 5.457 ;
; SW_X[3]    ; HEX_5[5]    ; 5.722 ; 5.722 ; 5.722 ; 5.722 ;
; SW_X[3]    ; HEX_5[6]    ; 5.605 ; 5.605 ; 5.605 ; 5.605 ;
; SW_X[3]    ; LED_9       ; 5.568 ; 5.568 ; 5.568 ; 5.568 ;
; SW_X[3]    ; LED_R[3]    ; 5.374 ; 5.374 ; 5.374 ; 5.374 ;
; SW_X[3]    ; LED_R[4]    ; 5.554 ;       ;       ; 5.554 ;
; SW_X[3]    ; cout        ; 5.684 ;       ;       ; 5.684 ;
; SW_Y[0]    ; HEX_0[0]    ; 6.082 ; 6.082 ; 6.082 ; 6.082 ;
; SW_Y[0]    ; HEX_0[1]    ; 6.140 ; 6.140 ; 6.140 ; 6.140 ;
; SW_Y[0]    ; HEX_0[2]    ; 5.548 ; 5.548 ; 5.548 ; 5.548 ;
; SW_Y[0]    ; HEX_0[3]    ; 6.148 ; 6.148 ; 6.148 ; 6.148 ;
; SW_Y[0]    ; HEX_0[4]    ; 6.251 ; 6.251 ; 6.251 ; 6.251 ;
; SW_Y[0]    ; HEX_0[5]    ; 5.545 ; 5.545 ; 5.545 ; 5.545 ;
; SW_Y[0]    ; HEX_0[6]    ; 5.676 ; 5.676 ; 5.676 ; 5.676 ;
; SW_Y[0]    ; HEX_1[0]    ; 6.313 ; 6.313 ; 6.313 ; 6.313 ;
; SW_Y[0]    ; HEX_1[1]    ; 6.295 ; 6.295 ; 6.295 ; 6.295 ;
; SW_Y[0]    ; HEX_1[2]    ; 6.295 ; 6.295 ; 6.295 ; 6.295 ;
; SW_Y[0]    ; HEX_1[3]    ; 6.306 ; 6.306 ; 6.306 ; 6.306 ;
; SW_Y[0]    ; HEX_1[4]    ; 6.333 ; 6.333 ; 6.333 ; 6.333 ;
; SW_Y[0]    ; HEX_1[5]    ; 6.333 ; 6.333 ; 6.333 ; 6.333 ;
; SW_Y[0]    ; HEX_3[0]    ; 5.377 ; 5.377 ; 5.377 ; 5.377 ;
; SW_Y[0]    ; HEX_3[1]    ; 5.584 ; 5.584 ; 5.584 ; 5.584 ;
; SW_Y[0]    ; HEX_3[2]    ; 5.533 ; 5.533 ; 5.533 ; 5.533 ;
; SW_Y[0]    ; HEX_3[3]    ; 5.511 ; 5.511 ; 5.511 ; 5.511 ;
; SW_Y[0]    ; HEX_3[4]    ;       ; 5.405 ; 5.405 ;       ;
; SW_Y[0]    ; HEX_3[5]    ;       ; 5.645 ; 5.645 ;       ;
; SW_Y[0]    ; HEX_3[6]    ; 5.618 ;       ;       ; 5.618 ;
; SW_Y[0]    ; LED_R[0]    ; 5.572 ; 5.572 ; 5.572 ; 5.572 ;
; SW_Y[0]    ; LED_R[1]    ; 5.602 ; 5.602 ; 5.602 ; 5.602 ;
; SW_Y[0]    ; LED_R[2]    ; 5.745 ; 5.745 ; 5.745 ; 5.745 ;
; SW_Y[0]    ; LED_R[3]    ; 5.662 ; 5.662 ; 5.662 ; 5.662 ;
; SW_Y[0]    ; LED_R[4]    ; 5.739 ;       ;       ; 5.739 ;
; SW_Y[0]    ; cout        ; 5.869 ;       ;       ; 5.869 ;
; SW_Y[1]    ; HEX_0[0]    ; 5.985 ; 5.985 ; 5.985 ; 5.985 ;
; SW_Y[1]    ; HEX_0[1]    ; 6.133 ; 6.133 ; 6.133 ; 6.133 ;
; SW_Y[1]    ; HEX_0[2]    ; 5.624 ; 5.624 ; 5.624 ; 5.624 ;
; SW_Y[1]    ; HEX_0[3]    ; 6.141 ; 6.141 ; 6.141 ; 6.141 ;
; SW_Y[1]    ; HEX_0[4]    ; 6.284 ; 6.284 ; 6.284 ; 6.284 ;
; SW_Y[1]    ; HEX_0[5]    ; 5.621 ; 5.621 ; 5.621 ; 5.621 ;
; SW_Y[1]    ; HEX_0[6]    ; 5.839 ; 5.839 ; 5.839 ; 5.839 ;
; SW_Y[1]    ; HEX_1[0]    ; 6.203 ; 6.203 ; 6.203 ; 6.203 ;
; SW_Y[1]    ; HEX_1[1]    ; 6.288 ; 6.288 ; 6.288 ; 6.288 ;
; SW_Y[1]    ; HEX_1[2]    ; 6.288 ; 6.288 ; 6.288 ; 6.288 ;
; SW_Y[1]    ; HEX_1[3]    ; 6.196 ; 6.196 ; 6.196 ; 6.196 ;
; SW_Y[1]    ; HEX_1[4]    ; 6.223 ; 6.223 ; 6.223 ; 6.223 ;
; SW_Y[1]    ; HEX_1[5]    ; 6.223 ; 6.223 ; 6.223 ; 6.223 ;
; SW_Y[1]    ; HEX_3[0]    ; 5.419 ; 5.419 ; 5.419 ; 5.419 ;
; SW_Y[1]    ; HEX_3[1]    ; 5.632 ; 5.632 ; 5.632 ; 5.632 ;
; SW_Y[1]    ; HEX_3[2]    ;       ; 5.581 ; 5.581 ;       ;
; SW_Y[1]    ; HEX_3[3]    ; 5.555 ; 5.555 ; 5.555 ; 5.555 ;
; SW_Y[1]    ; HEX_3[4]    ; 5.456 ; 5.456 ; 5.456 ; 5.456 ;
; SW_Y[1]    ; HEX_3[5]    ;       ; 5.695 ; 5.695 ;       ;
; SW_Y[1]    ; HEX_3[6]    ; 5.666 ; 5.666 ; 5.666 ; 5.666 ;
; SW_Y[1]    ; LED_9       ; 5.607 ; 5.607 ; 5.607 ; 5.607 ;
; SW_Y[1]    ; LED_R[1]    ; 5.492 ; 5.492 ; 5.492 ; 5.492 ;
; SW_Y[1]    ; LED_R[2]    ; 5.738 ; 5.738 ; 5.738 ; 5.738 ;
; SW_Y[1]    ; LED_R[3]    ; 5.655 ; 5.655 ; 5.655 ; 5.655 ;
; SW_Y[1]    ; LED_R[4]    ; 5.732 ;       ;       ; 5.732 ;
; SW_Y[1]    ; cout        ; 5.862 ;       ;       ; 5.862 ;
; SW_Y[2]    ; HEX_0[0]    ; 6.156 ; 6.156 ; 6.156 ; 6.156 ;
; SW_Y[2]    ; HEX_0[1]    ; 6.008 ; 6.008 ; 6.008 ; 6.008 ;
; SW_Y[2]    ; HEX_0[2]    ; 5.973 ; 5.973 ; 5.973 ; 5.973 ;
; SW_Y[2]    ; HEX_0[3]    ; 6.121 ; 6.121 ; 6.121 ; 6.121 ;
; SW_Y[2]    ; HEX_0[4]    ; 6.202 ; 6.202 ; 6.202 ; 6.202 ;
; SW_Y[2]    ; HEX_0[5]    ; 5.970 ; 5.970 ; 5.970 ; 5.970 ;
; SW_Y[2]    ; HEX_0[6]    ; 5.888 ; 5.844 ; 5.844 ; 5.888 ;
; SW_Y[2]    ; HEX_1[0]    ; 6.325 ; 6.325 ; 6.325 ; 6.325 ;
; SW_Y[2]    ; HEX_1[1]    ; 6.268 ; 6.268 ; 6.268 ; 6.268 ;
; SW_Y[2]    ; HEX_1[2]    ; 6.268 ; 6.268 ; 6.268 ; 6.268 ;
; SW_Y[2]    ; HEX_1[3]    ; 6.318 ; 6.318 ; 6.318 ; 6.318 ;
; SW_Y[2]    ; HEX_1[4]    ; 6.345 ; 6.345 ; 6.345 ; 6.345 ;
; SW_Y[2]    ; HEX_1[5]    ; 6.345 ; 6.345 ; 6.345 ; 6.345 ;
; SW_Y[2]    ; HEX_3[0]    ; 5.304 ; 5.304 ; 5.304 ; 5.304 ;
; SW_Y[2]    ; HEX_3[1]    ; 5.515 ; 5.515 ; 5.515 ; 5.515 ;
; SW_Y[2]    ; HEX_3[2]    ; 5.465 ; 5.465 ; 5.465 ; 5.465 ;
; SW_Y[2]    ; HEX_3[3]    ; 5.439 ; 5.439 ; 5.439 ; 5.439 ;
; SW_Y[2]    ; HEX_3[4]    ;       ; 5.333 ; 5.333 ;       ;
; SW_Y[2]    ; HEX_3[5]    ; 5.578 ; 5.578 ; 5.578 ; 5.578 ;
; SW_Y[2]    ; HEX_3[6]    ; 5.549 ; 5.549 ; 5.549 ; 5.549 ;
; SW_Y[2]    ; LED_9       ; 5.491 ; 5.491 ; 5.491 ; 5.491 ;
; SW_Y[2]    ; LED_R[2]    ; 5.613 ; 5.613 ; 5.613 ; 5.613 ;
; SW_Y[2]    ; LED_R[3]    ; 5.635 ; 5.635 ; 5.635 ; 5.635 ;
; SW_Y[2]    ; LED_R[4]    ; 5.712 ;       ;       ; 5.712 ;
; SW_Y[2]    ; cout        ; 5.842 ;       ;       ; 5.842 ;
; SW_Y[3]    ; HEX_0[0]    ; 6.103 ; 6.103 ; 6.103 ; 6.103 ;
; SW_Y[3]    ; HEX_0[1]    ; 6.062 ; 6.062 ; 6.062 ; 6.062 ;
; SW_Y[3]    ; HEX_0[2]    ; 5.920 ; 5.920 ; 5.920 ; 5.920 ;
; SW_Y[3]    ; HEX_0[3]    ; 6.068 ; 6.068 ; 6.068 ; 6.068 ;
; SW_Y[3]    ; HEX_0[4]    ; 6.247 ; 6.247 ; 6.247 ; 6.247 ;
; SW_Y[3]    ; HEX_0[5]    ; 5.917 ; 5.917 ; 5.917 ; 5.917 ;
; SW_Y[3]    ; HEX_0[6]    ; 5.910 ; 5.791 ; 5.791 ; 5.910 ;
; SW_Y[3]    ; HEX_1[0]    ; 6.275 ; 6.275 ; 6.275 ; 6.275 ;
; SW_Y[3]    ; HEX_1[1]    ; 6.215 ; 6.215 ; 6.215 ; 6.215 ;
; SW_Y[3]    ; HEX_1[2]    ; 6.215 ; 6.215 ; 6.215 ; 6.215 ;
; SW_Y[3]    ; HEX_1[3]    ; 6.268 ; 6.268 ; 6.268 ; 6.268 ;
; SW_Y[3]    ; HEX_1[4]    ; 6.295 ; 6.295 ; 6.295 ; 6.295 ;
; SW_Y[3]    ; HEX_1[5]    ; 6.295 ; 6.295 ; 6.295 ; 6.295 ;
; SW_Y[3]    ; HEX_3[0]    ; 5.356 ; 5.356 ; 5.356 ; 5.356 ;
; SW_Y[3]    ; HEX_3[1]    ; 5.559 ; 5.559 ; 5.559 ; 5.559 ;
; SW_Y[3]    ; HEX_3[2]    ; 5.518 ; 5.518 ; 5.518 ; 5.518 ;
; SW_Y[3]    ; HEX_3[3]    ; 5.492 ; 5.492 ; 5.492 ; 5.492 ;
; SW_Y[3]    ; HEX_3[4]    ; 5.381 ; 5.381 ; 5.381 ; 5.381 ;
; SW_Y[3]    ; HEX_3[5]    ; 5.631 ; 5.631 ; 5.631 ; 5.631 ;
; SW_Y[3]    ; HEX_3[6]    ; 5.595 ; 5.595 ; 5.595 ; 5.595 ;
; SW_Y[3]    ; LED_9       ; 5.564 ; 5.564 ; 5.564 ; 5.564 ;
; SW_Y[3]    ; LED_R[3]    ; 5.477 ; 5.477 ; 5.477 ; 5.477 ;
; SW_Y[3]    ; LED_R[4]    ; 5.659 ;       ;       ; 5.659 ;
; SW_Y[3]    ; cout        ; 5.789 ;       ;       ; 5.789 ;
+------------+-------------+-------+-------+-------+-------+


+----------------------------------------------------------------------------+
; Multicorner Timing Analysis Summary                                        ;
+------------------+-------+------+----------+---------+---------------------+
; Clock            ; Setup ; Hold ; Recovery ; Removal ; Minimum Pulse Width ;
+------------------+-------+------+----------+---------+---------------------+
; Worst-case Slack ; N/A   ; N/A  ; N/A      ; N/A     ; N/A                 ;
; Design-wide TNS  ; 0.0   ; 0.0  ; 0.0      ; 0.0     ; 0.0                 ;
+------------------+-------+------+----------+---------+---------------------+


+--------------------------------------------------------------+
; Progagation Delay                                            ;
+------------+-------------+--------+--------+--------+--------+
; Input Port ; Output Port ; RR     ; RF     ; FR     ; FF     ;
+------------+-------------+--------+--------+--------+--------+
; SW_Cin     ; HEX_0[0]    ; 12.226 ; 12.226 ; 12.226 ; 12.226 ;
; SW_Cin     ; HEX_0[1]    ; 12.412 ; 12.412 ; 12.412 ; 12.412 ;
; SW_Cin     ; HEX_0[2]    ; 11.759 ; 11.759 ; 11.759 ; 11.759 ;
; SW_Cin     ; HEX_0[3]    ; 12.230 ; 12.230 ; 12.230 ; 12.230 ;
; SW_Cin     ; HEX_0[4]    ; 12.261 ; 12.261 ; 12.261 ; 12.261 ;
; SW_Cin     ; HEX_0[5]    ; 11.760 ; 11.760 ; 11.760 ; 11.760 ;
; SW_Cin     ; HEX_0[6]    ; 11.616 ; 11.616 ; 11.616 ; 11.616 ;
; SW_Cin     ; HEX_1[0]    ; 12.047 ; 12.047 ; 12.047 ; 12.047 ;
; SW_Cin     ; HEX_1[1]    ; 12.449 ; 12.449 ; 12.449 ; 12.449 ;
; SW_Cin     ; HEX_1[2]    ; 12.449 ; 12.449 ; 12.449 ; 12.449 ;
; SW_Cin     ; HEX_1[3]    ; 12.038 ; 12.038 ; 12.038 ; 12.038 ;
; SW_Cin     ; HEX_1[4]    ; 12.067 ; 12.067 ; 12.067 ; 12.067 ;
; SW_Cin     ; HEX_1[5]    ; 12.067 ; 12.067 ; 12.067 ; 12.067 ;
; SW_Cin     ; LED_R[0]    ; 10.311 ; 10.311 ; 10.311 ; 10.311 ;
; SW_Cin     ; LED_R[1]    ; 10.162 ; 10.162 ; 10.162 ; 10.162 ;
; SW_Cin     ; LED_R[2]    ; 10.450 ; 10.450 ; 10.450 ; 10.450 ;
; SW_Cin     ; LED_R[3]    ; 10.282 ; 10.282 ; 10.282 ; 10.282 ;
; SW_Cin     ; LED_R[4]    ; 10.432 ;        ;        ; 10.432 ;
; SW_Cin     ; cout        ; 10.689 ;        ;        ; 10.689 ;
; SW_X[0]    ; HEX_0[0]    ; 8.943  ; 8.943  ; 8.943  ; 8.943  ;
; SW_X[0]    ; HEX_0[1]    ; 9.129  ; 9.129  ; 9.129  ; 9.129  ;
; SW_X[0]    ; HEX_0[2]    ; 8.476  ; 8.476  ; 8.476  ; 8.476  ;
; SW_X[0]    ; HEX_0[3]    ; 8.947  ; 8.947  ; 8.947  ; 8.947  ;
; SW_X[0]    ; HEX_0[4]    ; 8.978  ; 8.978  ; 8.978  ; 8.978  ;
; SW_X[0]    ; HEX_0[5]    ; 8.477  ; 8.477  ; 8.477  ; 8.477  ;
; SW_X[0]    ; HEX_0[6]    ; 8.333  ; 8.333  ; 8.333  ; 8.333  ;
; SW_X[0]    ; HEX_1[0]    ; 8.764  ; 8.764  ; 8.764  ; 8.764  ;
; SW_X[0]    ; HEX_1[1]    ; 9.166  ; 9.166  ; 9.166  ; 9.166  ;
; SW_X[0]    ; HEX_1[2]    ; 9.166  ; 9.166  ; 9.166  ; 9.166  ;
; SW_X[0]    ; HEX_1[3]    ; 8.755  ; 8.755  ; 8.755  ; 8.755  ;
; SW_X[0]    ; HEX_1[4]    ; 8.784  ; 8.784  ; 8.784  ; 8.784  ;
; SW_X[0]    ; HEX_1[5]    ; 8.784  ; 8.784  ; 8.784  ; 8.784  ;
; SW_X[0]    ; HEX_5[0]    ; 6.780  ; 6.780  ; 6.780  ; 6.780  ;
; SW_X[0]    ; HEX_5[1]    ; 6.522  ; 6.522  ; 6.522  ; 6.522  ;
; SW_X[0]    ; HEX_5[2]    ; 6.520  ; 6.520  ; 6.520  ; 6.520  ;
; SW_X[0]    ; HEX_5[3]    ; 6.775  ; 6.775  ; 6.775  ; 6.775  ;
; SW_X[0]    ; HEX_5[4]    ;        ; 6.240  ; 6.240  ;        ;
; SW_X[0]    ; HEX_5[5]    ;        ; 6.802  ; 6.802  ;        ;
; SW_X[0]    ; HEX_5[6]    ; 6.553  ;        ;        ; 6.553  ;
; SW_X[0]    ; LED_R[0]    ; 6.713  ; 6.713  ; 6.713  ; 6.713  ;
; SW_X[0]    ; LED_R[1]    ; 6.879  ; 6.879  ; 6.879  ; 6.879  ;
; SW_X[0]    ; LED_R[2]    ; 7.167  ; 7.167  ; 7.167  ; 7.167  ;
; SW_X[0]    ; LED_R[3]    ; 6.999  ; 6.999  ; 6.999  ; 6.999  ;
; SW_X[0]    ; LED_R[4]    ; 7.149  ;        ;        ; 7.149  ;
; SW_X[0]    ; cout        ; 7.406  ;        ;        ; 7.406  ;
; SW_X[1]    ; HEX_0[0]    ; 8.780  ; 8.780  ; 8.780  ; 8.780  ;
; SW_X[1]    ; HEX_0[1]    ; 8.966  ; 8.966  ; 8.966  ; 8.966  ;
; SW_X[1]    ; HEX_0[2]    ; 8.313  ; 8.313  ; 8.313  ; 8.313  ;
; SW_X[1]    ; HEX_0[3]    ; 8.784  ; 8.784  ; 8.784  ; 8.784  ;
; SW_X[1]    ; HEX_0[4]    ; 8.815  ; 8.815  ; 8.815  ; 8.815  ;
; SW_X[1]    ; HEX_0[5]    ; 8.314  ; 8.314  ; 8.314  ; 8.314  ;
; SW_X[1]    ; HEX_0[6]    ; 8.170  ; 8.170  ; 8.170  ; 8.170  ;
; SW_X[1]    ; HEX_1[0]    ; 8.601  ; 8.601  ; 8.601  ; 8.601  ;
; SW_X[1]    ; HEX_1[1]    ; 9.003  ; 9.003  ; 9.003  ; 9.003  ;
; SW_X[1]    ; HEX_1[2]    ; 9.003  ; 9.003  ; 9.003  ; 9.003  ;
; SW_X[1]    ; HEX_1[3]    ; 8.592  ; 8.592  ; 8.592  ; 8.592  ;
; SW_X[1]    ; HEX_1[4]    ; 8.621  ; 8.621  ; 8.621  ; 8.621  ;
; SW_X[1]    ; HEX_1[5]    ; 8.621  ; 8.621  ; 8.621  ; 8.621  ;
; SW_X[1]    ; HEX_5[0]    ; 6.377  ; 6.377  ; 6.377  ; 6.377  ;
; SW_X[1]    ; HEX_5[1]    ; 6.120  ; 6.120  ; 6.120  ; 6.120  ;
; SW_X[1]    ; HEX_5[2]    ;        ; 6.117  ; 6.117  ;        ;
; SW_X[1]    ; HEX_5[3]    ; 6.375  ; 6.375  ; 6.375  ; 6.375  ;
; SW_X[1]    ; HEX_5[4]    ; 5.891  ; 5.891  ; 5.891  ; 5.891  ;
; SW_X[1]    ; HEX_5[5]    ;        ; 6.412  ; 6.412  ;        ;
; SW_X[1]    ; HEX_5[6]    ; 6.163  ; 6.163  ; 6.163  ; 6.163  ;
; SW_X[1]    ; LED_9       ; 6.197  ; 6.197  ; 6.197  ; 6.197  ;
; SW_X[1]    ; LED_R[1]    ; 6.401  ; 6.401  ; 6.401  ; 6.401  ;
; SW_X[1]    ; LED_R[2]    ; 7.004  ; 7.004  ; 7.004  ; 7.004  ;
; SW_X[1]    ; LED_R[3]    ; 6.836  ; 6.836  ; 6.836  ; 6.836  ;
; SW_X[1]    ; LED_R[4]    ; 6.986  ;        ;        ; 6.986  ;
; SW_X[1]    ; cout        ; 7.243  ;        ;        ; 7.243  ;
; SW_X[2]    ; HEX_0[0]    ; 12.011 ; 12.011 ; 12.011 ; 12.011 ;
; SW_X[2]    ; HEX_0[1]    ; 12.197 ; 12.197 ; 12.197 ; 12.197 ;
; SW_X[2]    ; HEX_0[2]    ; 11.235 ; 11.235 ; 11.235 ; 11.235 ;
; SW_X[2]    ; HEX_0[3]    ; 12.015 ; 12.015 ; 12.015 ; 12.015 ;
; SW_X[2]    ; HEX_0[4]    ; 12.046 ; 12.046 ; 12.046 ; 12.046 ;
; SW_X[2]    ; HEX_0[5]    ; 11.239 ; 11.239 ; 11.239 ; 11.239 ;
; SW_X[2]    ; HEX_0[6]    ; 11.097 ; 11.097 ; 11.097 ; 11.097 ;
; SW_X[2]    ; HEX_1[0]    ; 11.783 ; 11.783 ; 11.783 ; 11.783 ;
; SW_X[2]    ; HEX_1[1]    ; 11.978 ; 11.978 ; 11.978 ; 11.978 ;
; SW_X[2]    ; HEX_1[2]    ; 11.978 ; 11.978 ; 11.978 ; 11.978 ;
; SW_X[2]    ; HEX_1[3]    ; 11.774 ; 11.774 ; 11.774 ; 11.774 ;
; SW_X[2]    ; HEX_1[4]    ; 11.803 ; 11.803 ; 11.803 ; 11.803 ;
; SW_X[2]    ; HEX_1[5]    ; 11.803 ; 11.803 ; 11.803 ; 11.803 ;
; SW_X[2]    ; HEX_5[0]    ; 10.475 ; 10.475 ; 10.475 ; 10.475 ;
; SW_X[2]    ; HEX_5[1]    ; 10.213 ; 10.213 ; 10.213 ; 10.213 ;
; SW_X[2]    ; HEX_5[2]    ; 10.210 ; 10.210 ; 10.210 ; 10.210 ;
; SW_X[2]    ; HEX_5[3]    ; 10.471 ; 10.471 ; 10.471 ; 10.471 ;
; SW_X[2]    ; HEX_5[4]    ;        ; 9.942  ; 9.942  ;        ;
; SW_X[2]    ; HEX_5[5]    ; 10.499 ; 10.499 ; 10.499 ; 10.499 ;
; SW_X[2]    ; HEX_5[6]    ; 10.249 ; 10.249 ; 10.249 ; 10.249 ;
; SW_X[2]    ; LED_9       ; 9.869  ; 9.869  ; 9.869  ; 9.869  ;
; SW_X[2]    ; LED_R[2]    ; 9.919  ; 9.919  ; 9.919  ; 9.919  ;
; SW_X[2]    ; LED_R[3]    ; 10.067 ; 10.067 ; 10.067 ; 10.067 ;
; SW_X[2]    ; LED_R[4]    ; 10.217 ;        ;        ; 10.217 ;
; SW_X[2]    ; cout        ; 10.474 ;        ;        ; 10.474 ;
; SW_X[3]    ; HEX_0[0]    ; 11.744 ; 11.744 ; 11.744 ; 11.744 ;
; SW_X[3]    ; HEX_0[1]    ; 11.809 ; 11.809 ; 11.809 ; 11.809 ;
; SW_X[3]    ; HEX_0[2]    ; 11.088 ; 11.088 ; 11.088 ; 11.088 ;
; SW_X[3]    ; HEX_0[3]    ; 11.755 ; 11.755 ; 11.755 ; 11.755 ;
; SW_X[3]    ; HEX_0[4]    ; 11.786 ; 11.786 ; 11.786 ; 11.786 ;
; SW_X[3]    ; HEX_0[5]    ; 10.851 ; 10.851 ; 10.851 ; 10.851 ;
; SW_X[3]    ; HEX_0[6]    ; 10.951 ; 10.951 ; 10.951 ; 10.951 ;
; SW_X[3]    ; HEX_1[0]    ; 11.395 ; 11.542 ; 11.542 ; 11.395 ;
; SW_X[3]    ; HEX_1[1]    ; 11.590 ; 11.590 ; 11.590 ; 11.590 ;
; SW_X[3]    ; HEX_1[2]    ; 11.590 ; 11.590 ; 11.590 ; 11.590 ;
; SW_X[3]    ; HEX_1[3]    ; 11.386 ; 11.533 ; 11.533 ; 11.386 ;
; SW_X[3]    ; HEX_1[4]    ; 11.415 ; 11.562 ; 11.562 ; 11.415 ;
; SW_X[3]    ; HEX_1[5]    ; 11.415 ; 11.562 ; 11.562 ; 11.415 ;
; SW_X[3]    ; HEX_5[0]    ; 10.320 ; 10.320 ; 10.320 ; 10.320 ;
; SW_X[3]    ; HEX_5[1]    ; 10.062 ; 10.062 ; 10.062 ; 10.062 ;
; SW_X[3]    ; HEX_5[2]    ; 10.059 ; 10.059 ; 10.059 ; 10.059 ;
; SW_X[3]    ; HEX_5[3]    ; 10.318 ; 10.318 ; 10.318 ; 10.318 ;
; SW_X[3]    ; HEX_5[4]    ; 9.841  ; 9.841  ; 9.841  ; 9.841  ;
; SW_X[3]    ; HEX_5[5]    ; 10.363 ; 10.363 ; 10.363 ; 10.363 ;
; SW_X[3]    ; HEX_5[6]    ; 10.113 ; 10.113 ; 10.113 ; 10.113 ;
; SW_X[3]    ; LED_9       ; 10.047 ; 10.047 ; 10.047 ; 10.047 ;
; SW_X[3]    ; LED_R[3]    ; 9.679  ; 9.679  ; 9.679  ; 9.679  ;
; SW_X[3]    ; LED_R[4]    ; 10.141 ;        ;        ; 10.141 ;
; SW_X[3]    ; cout        ; 10.398 ;        ;        ; 10.398 ;
; SW_Y[0]    ; HEX_0[0]    ; 12.358 ; 12.358 ; 12.358 ; 12.358 ;
; SW_Y[0]    ; HEX_0[1]    ; 12.544 ; 12.544 ; 12.544 ; 12.544 ;
; SW_Y[0]    ; HEX_0[2]    ; 11.891 ; 11.891 ; 11.891 ; 11.891 ;
; SW_Y[0]    ; HEX_0[3]    ; 12.362 ; 12.362 ; 12.362 ; 12.362 ;
; SW_Y[0]    ; HEX_0[4]    ; 12.393 ; 12.393 ; 12.393 ; 12.393 ;
; SW_Y[0]    ; HEX_0[5]    ; 11.892 ; 11.892 ; 11.892 ; 11.892 ;
; SW_Y[0]    ; HEX_0[6]    ; 11.748 ; 11.748 ; 11.748 ; 11.748 ;
; SW_Y[0]    ; HEX_1[0]    ; 12.179 ; 12.179 ; 12.179 ; 12.179 ;
; SW_Y[0]    ; HEX_1[1]    ; 12.581 ; 12.581 ; 12.581 ; 12.581 ;
; SW_Y[0]    ; HEX_1[2]    ; 12.581 ; 12.581 ; 12.581 ; 12.581 ;
; SW_Y[0]    ; HEX_1[3]    ; 12.170 ; 12.170 ; 12.170 ; 12.170 ;
; SW_Y[0]    ; HEX_1[4]    ; 12.199 ; 12.199 ; 12.199 ; 12.199 ;
; SW_Y[0]    ; HEX_1[5]    ; 12.199 ; 12.199 ; 12.199 ; 12.199 ;
; SW_Y[0]    ; HEX_3[0]    ; 9.709  ; 9.709  ; 9.709  ; 9.709  ;
; SW_Y[0]    ; HEX_3[1]    ; 10.158 ; 10.158 ; 10.158 ; 10.158 ;
; SW_Y[0]    ; HEX_3[2]    ; 9.991  ; 9.991  ; 9.991  ; 9.991  ;
; SW_Y[0]    ; HEX_3[3]    ; 9.959  ; 9.959  ; 9.959  ; 9.959  ;
; SW_Y[0]    ; HEX_3[4]    ;        ; 9.693  ; 9.693  ;        ;
; SW_Y[0]    ; HEX_3[5]    ;        ; 10.236 ; 10.236 ;        ;
; SW_Y[0]    ; HEX_3[6]    ; 10.215 ;        ;        ; 10.215 ;
; SW_Y[0]    ; LED_R[0]    ; 10.127 ; 10.127 ; 10.127 ; 10.127 ;
; SW_Y[0]    ; LED_R[1]    ; 10.294 ; 10.294 ; 10.294 ; 10.294 ;
; SW_Y[0]    ; LED_R[2]    ; 10.582 ; 10.582 ; 10.582 ; 10.582 ;
; SW_Y[0]    ; LED_R[3]    ; 10.414 ; 10.414 ; 10.414 ; 10.414 ;
; SW_Y[0]    ; LED_R[4]    ; 10.564 ;        ;        ; 10.564 ;
; SW_Y[0]    ; cout        ; 10.821 ;        ;        ; 10.821 ;
; SW_Y[1]    ; HEX_0[0]    ; 12.316 ; 12.316 ; 12.316 ; 12.316 ;
; SW_Y[1]    ; HEX_0[1]    ; 12.502 ; 12.502 ; 12.502 ; 12.502 ;
; SW_Y[1]    ; HEX_0[2]    ; 11.849 ; 11.849 ; 11.849 ; 11.849 ;
; SW_Y[1]    ; HEX_0[3]    ; 12.320 ; 12.320 ; 12.320 ; 12.320 ;
; SW_Y[1]    ; HEX_0[4]    ; 12.351 ; 12.351 ; 12.351 ; 12.351 ;
; SW_Y[1]    ; HEX_0[5]    ; 11.850 ; 11.850 ; 11.850 ; 11.850 ;
; SW_Y[1]    ; HEX_0[6]    ; 11.706 ; 11.706 ; 11.706 ; 11.706 ;
; SW_Y[1]    ; HEX_1[0]    ; 12.137 ; 12.137 ; 12.137 ; 12.137 ;
; SW_Y[1]    ; HEX_1[1]    ; 12.539 ; 12.539 ; 12.539 ; 12.539 ;
; SW_Y[1]    ; HEX_1[2]    ; 12.539 ; 12.539 ; 12.539 ; 12.539 ;
; SW_Y[1]    ; HEX_1[3]    ; 12.128 ; 12.128 ; 12.128 ; 12.128 ;
; SW_Y[1]    ; HEX_1[4]    ; 12.157 ; 12.157 ; 12.157 ; 12.157 ;
; SW_Y[1]    ; HEX_1[5]    ; 12.157 ; 12.157 ; 12.157 ; 12.157 ;
; SW_Y[1]    ; HEX_3[0]    ; 9.775  ; 9.775  ; 9.775  ; 9.775  ;
; SW_Y[1]    ; HEX_3[1]    ; 10.231 ; 10.231 ; 10.231 ; 10.231 ;
; SW_Y[1]    ; HEX_3[2]    ;        ; 10.060 ; 10.060 ;        ;
; SW_Y[1]    ; HEX_3[3]    ; 10.026 ; 10.026 ; 10.026 ; 10.026 ;
; SW_Y[1]    ; HEX_3[4]    ; 9.804  ; 9.804  ; 9.804  ; 9.804  ;
; SW_Y[1]    ; HEX_3[5]    ;        ; 10.283 ; 10.283 ;        ;
; SW_Y[1]    ; HEX_3[6]    ; 10.282 ; 10.282 ; 10.282 ; 10.282 ;
; SW_Y[1]    ; LED_9       ; 10.189 ; 10.189 ; 10.189 ; 10.189 ;
; SW_Y[1]    ; LED_R[1]    ; 9.940  ; 9.940  ; 9.940  ; 9.940  ;
; SW_Y[1]    ; LED_R[2]    ; 10.540 ; 10.540 ; 10.540 ; 10.540 ;
; SW_Y[1]    ; LED_R[3]    ; 10.372 ; 10.372 ; 10.372 ; 10.372 ;
; SW_Y[1]    ; LED_R[4]    ; 10.522 ;        ;        ; 10.522 ;
; SW_Y[1]    ; cout        ; 10.779 ;        ;        ; 10.779 ;
; SW_Y[2]    ; HEX_0[0]    ; 12.269 ; 12.269 ; 12.269 ; 12.269 ;
; SW_Y[2]    ; HEX_0[1]    ; 12.455 ; 12.455 ; 12.455 ; 12.455 ;
; SW_Y[2]    ; HEX_0[2]    ; 11.493 ; 11.493 ; 11.493 ; 11.493 ;
; SW_Y[2]    ; HEX_0[3]    ; 12.273 ; 12.273 ; 12.273 ; 12.273 ;
; SW_Y[2]    ; HEX_0[4]    ; 12.304 ; 12.304 ; 12.304 ; 12.304 ;
; SW_Y[2]    ; HEX_0[5]    ; 11.497 ; 11.497 ; 11.497 ; 11.497 ;
; SW_Y[2]    ; HEX_0[6]    ; 11.355 ; 11.355 ; 11.355 ; 11.355 ;
; SW_Y[2]    ; HEX_1[0]    ; 12.041 ; 12.041 ; 12.041 ; 12.041 ;
; SW_Y[2]    ; HEX_1[1]    ; 12.236 ; 12.236 ; 12.236 ; 12.236 ;
; SW_Y[2]    ; HEX_1[2]    ; 12.236 ; 12.236 ; 12.236 ; 12.236 ;
; SW_Y[2]    ; HEX_1[3]    ; 12.032 ; 12.032 ; 12.032 ; 12.032 ;
; SW_Y[2]    ; HEX_1[4]    ; 12.061 ; 12.061 ; 12.061 ; 12.061 ;
; SW_Y[2]    ; HEX_1[5]    ; 12.061 ; 12.061 ; 12.061 ; 12.061 ;
; SW_Y[2]    ; HEX_3[0]    ; 9.451  ; 9.451  ; 9.451  ; 9.451  ;
; SW_Y[2]    ; HEX_3[1]    ; 9.906  ; 9.906  ; 9.906  ; 9.906  ;
; SW_Y[2]    ; HEX_3[2]    ; 9.738  ; 9.738  ; 9.738  ; 9.738  ;
; SW_Y[2]    ; HEX_3[3]    ; 9.704  ; 9.704  ; 9.704  ; 9.704  ;
; SW_Y[2]    ; HEX_3[4]    ;        ; 9.479  ; 9.479  ;        ;
; SW_Y[2]    ; HEX_3[5]    ; 9.987  ; 9.987  ; 9.987  ; 9.987  ;
; SW_Y[2]    ; HEX_3[6]    ; 9.958  ; 9.958  ; 9.958  ; 9.958  ;
; SW_Y[2]    ; LED_9       ; 9.864  ; 9.864  ; 9.864  ; 9.864  ;
; SW_Y[2]    ; LED_R[2]    ; 10.178 ; 10.178 ; 10.178 ; 10.178 ;
; SW_Y[2]    ; LED_R[3]    ; 10.325 ; 10.325 ; 10.325 ; 10.325 ;
; SW_Y[2]    ; LED_R[4]    ; 10.475 ;        ;        ; 10.475 ;
; SW_Y[2]    ; cout        ; 10.732 ;        ;        ; 10.732 ;
; SW_Y[3]    ; HEX_0[0]    ; 11.993 ; 11.993 ; 11.993 ; 11.993 ;
; SW_Y[3]    ; HEX_0[1]    ; 12.055 ; 12.055 ; 12.055 ; 12.055 ;
; SW_Y[3]    ; HEX_0[2]    ; 11.337 ; 11.337 ; 11.337 ; 11.337 ;
; SW_Y[3]    ; HEX_0[3]    ; 12.004 ; 12.004 ; 12.004 ; 12.004 ;
; SW_Y[3]    ; HEX_0[4]    ; 12.035 ; 12.035 ; 12.035 ; 12.035 ;
; SW_Y[3]    ; HEX_0[5]    ; 11.097 ; 11.097 ; 11.097 ; 11.097 ;
; SW_Y[3]    ; HEX_0[6]    ; 11.200 ; 11.200 ; 11.200 ; 11.200 ;
; SW_Y[3]    ; HEX_1[0]    ; 11.641 ; 11.791 ; 11.791 ; 11.641 ;
; SW_Y[3]    ; HEX_1[1]    ; 11.836 ; 11.836 ; 11.836 ; 11.836 ;
; SW_Y[3]    ; HEX_1[2]    ; 11.836 ; 11.836 ; 11.836 ; 11.836 ;
; SW_Y[3]    ; HEX_1[3]    ; 11.632 ; 11.782 ; 11.782 ; 11.632 ;
; SW_Y[3]    ; HEX_1[4]    ; 11.661 ; 11.811 ; 11.811 ; 11.661 ;
; SW_Y[3]    ; HEX_1[5]    ; 11.661 ; 11.811 ; 11.811 ; 11.661 ;
; SW_Y[3]    ; HEX_3[0]    ; 9.620  ; 9.620  ; 9.620  ; 9.620  ;
; SW_Y[3]    ; HEX_3[1]    ; 10.065 ; 10.065 ; 10.065 ; 10.065 ;
; SW_Y[3]    ; HEX_3[2]    ; 9.906  ; 9.906  ; 9.906  ; 9.906  ;
; SW_Y[3]    ; HEX_3[3]    ; 9.872  ; 9.872  ; 9.872  ; 9.872  ;
; SW_Y[3]    ; HEX_3[4]    ; 9.644  ; 9.644  ; 9.644  ; 9.644  ;
; SW_Y[3]    ; HEX_3[5]    ; 10.156 ; 10.156 ; 10.156 ; 10.156 ;
; SW_Y[3]    ; HEX_3[6]    ; 10.119 ; 10.119 ; 10.119 ; 10.119 ;
; SW_Y[3]    ; LED_9       ; 10.027 ; 10.027 ; 10.027 ; 10.027 ;
; SW_Y[3]    ; LED_R[3]    ; 9.925  ; 9.925  ; 9.925  ; 9.925  ;
; SW_Y[3]    ; LED_R[4]    ; 10.390 ;        ;        ; 10.390 ;
; SW_Y[3]    ; cout        ; 10.647 ;        ;        ; 10.647 ;
+------------+-------------+--------+--------+--------+--------+


+----------------------------------------------------------+
; Minimum Progagation Delay                                ;
+------------+-------------+-------+-------+-------+-------+
; Input Port ; Output Port ; RR    ; RF    ; FR    ; FF    ;
+------------+-------------+-------+-------+-------+-------+
; SW_Cin     ; HEX_0[0]    ; 6.059 ; 6.059 ; 6.059 ; 6.059 ;
; SW_Cin     ; HEX_0[1]    ; 6.104 ; 6.104 ; 6.104 ; 6.104 ;
; SW_Cin     ; HEX_0[2]    ; 5.615 ; 5.615 ; 5.615 ; 5.615 ;
; SW_Cin     ; HEX_0[3]    ; 6.112 ; 6.112 ; 6.112 ; 6.112 ;
; SW_Cin     ; HEX_0[4]    ; 6.298 ; 6.298 ; 6.298 ; 6.298 ;
; SW_Cin     ; HEX_0[5]    ; 5.612 ; 5.612 ; 5.612 ; 5.612 ;
; SW_Cin     ; HEX_0[6]    ; 5.743 ; 5.743 ; 5.743 ; 5.743 ;
; SW_Cin     ; HEX_1[0]    ; 6.277 ; 6.277 ; 6.277 ; 6.277 ;
; SW_Cin     ; HEX_1[1]    ; 6.259 ; 6.259 ; 6.259 ; 6.259 ;
; SW_Cin     ; HEX_1[2]    ; 6.259 ; 6.259 ; 6.259 ; 6.259 ;
; SW_Cin     ; HEX_1[3]    ; 6.270 ; 6.270 ; 6.270 ; 6.270 ;
; SW_Cin     ; HEX_1[4]    ; 6.297 ; 6.297 ; 6.297 ; 6.297 ;
; SW_Cin     ; HEX_1[5]    ; 6.297 ; 6.297 ; 6.297 ; 6.297 ;
; SW_Cin     ; LED_R[0]    ; 5.639 ; 5.639 ; 5.639 ; 5.639 ;
; SW_Cin     ; LED_R[1]    ; 5.566 ; 5.566 ; 5.566 ; 5.566 ;
; SW_Cin     ; LED_R[2]    ; 5.709 ; 5.709 ; 5.709 ; 5.709 ;
; SW_Cin     ; LED_R[3]    ; 5.626 ; 5.626 ; 5.626 ; 5.626 ;
; SW_Cin     ; LED_R[4]    ; 5.703 ;       ;       ; 5.703 ;
; SW_Cin     ; cout        ; 5.833 ;       ;       ; 5.833 ;
; SW_X[0]    ; HEX_0[0]    ; 3.956 ; 3.956 ; 3.956 ; 3.956 ;
; SW_X[0]    ; HEX_0[1]    ; 4.016 ; 4.016 ; 4.016 ; 4.016 ;
; SW_X[0]    ; HEX_0[2]    ; 3.422 ; 3.422 ; 3.422 ; 3.422 ;
; SW_X[0]    ; HEX_0[3]    ; 4.024 ; 4.024 ; 4.024 ; 4.024 ;
; SW_X[0]    ; HEX_0[4]    ; 4.125 ; 4.125 ; 4.125 ; 4.125 ;
; SW_X[0]    ; HEX_0[5]    ; 3.419 ; 3.419 ; 3.419 ; 3.419 ;
; SW_X[0]    ; HEX_0[6]    ; 3.550 ; 3.550 ; 3.550 ; 3.550 ;
; SW_X[0]    ; HEX_1[0]    ; 4.189 ; 4.189 ; 4.189 ; 4.189 ;
; SW_X[0]    ; HEX_1[1]    ; 4.171 ; 4.171 ; 4.171 ; 4.171 ;
; SW_X[0]    ; HEX_1[2]    ; 4.171 ; 4.171 ; 4.171 ; 4.171 ;
; SW_X[0]    ; HEX_1[3]    ; 4.182 ; 4.182 ; 4.182 ; 4.182 ;
; SW_X[0]    ; HEX_1[4]    ; 4.209 ; 4.209 ; 4.209 ; 4.209 ;
; SW_X[0]    ; HEX_1[5]    ; 4.209 ; 4.209 ; 4.209 ; 4.209 ;
; SW_X[0]    ; HEX_5[0]    ; 3.494 ; 3.494 ; 3.494 ; 3.494 ;
; SW_X[0]    ; HEX_5[1]    ; 3.365 ; 3.365 ; 3.365 ; 3.365 ;
; SW_X[0]    ; HEX_5[2]    ; 3.364 ; 3.364 ; 3.364 ; 3.364 ;
; SW_X[0]    ; HEX_5[3]    ; 3.491 ; 3.491 ; 3.491 ; 3.491 ;
; SW_X[0]    ; HEX_5[4]    ;       ; 3.246 ; 3.246 ;       ;
; SW_X[0]    ; HEX_5[5]    ;       ; 3.510 ; 3.510 ;       ;
; SW_X[0]    ; HEX_5[6]    ; 3.403 ;       ;       ; 3.403 ;
; SW_X[0]    ; LED_R[0]    ; 3.446 ; 3.446 ; 3.446 ; 3.446 ;
; SW_X[0]    ; LED_R[1]    ; 3.478 ; 3.478 ; 3.478 ; 3.478 ;
; SW_X[0]    ; LED_R[2]    ; 3.621 ; 3.621 ; 3.621 ; 3.621 ;
; SW_X[0]    ; LED_R[3]    ; 3.538 ; 3.538 ; 3.538 ; 3.538 ;
; SW_X[0]    ; LED_R[4]    ; 3.615 ;       ;       ; 3.615 ;
; SW_X[0]    ; cout        ; 3.745 ;       ;       ; 3.745 ;
; SW_X[1]    ; HEX_0[0]    ; 3.775 ; 3.775 ; 3.775 ; 3.775 ;
; SW_X[1]    ; HEX_0[1]    ; 3.925 ; 3.925 ; 3.925 ; 3.925 ;
; SW_X[1]    ; HEX_0[2]    ; 3.414 ; 3.414 ; 3.414 ; 3.414 ;
; SW_X[1]    ; HEX_0[3]    ; 3.933 ; 3.933 ; 3.933 ; 3.933 ;
; SW_X[1]    ; HEX_0[4]    ; 4.074 ; 4.074 ; 4.074 ; 4.074 ;
; SW_X[1]    ; HEX_0[5]    ; 3.411 ; 3.411 ; 3.411 ; 3.411 ;
; SW_X[1]    ; HEX_0[6]    ; 3.629 ; 3.629 ; 3.629 ; 3.629 ;
; SW_X[1]    ; HEX_1[0]    ; 3.993 ; 3.993 ; 3.993 ; 3.993 ;
; SW_X[1]    ; HEX_1[1]    ; 4.080 ; 4.080 ; 4.080 ; 4.080 ;
; SW_X[1]    ; HEX_1[2]    ; 4.080 ; 4.080 ; 4.080 ; 4.080 ;
; SW_X[1]    ; HEX_1[3]    ; 3.986 ; 3.986 ; 3.986 ; 3.986 ;
; SW_X[1]    ; HEX_1[4]    ; 4.013 ; 4.013 ; 4.013 ; 4.013 ;
; SW_X[1]    ; HEX_1[5]    ; 4.013 ; 4.013 ; 4.013 ; 4.013 ;
; SW_X[1]    ; HEX_5[0]    ; 3.302 ; 3.302 ; 3.302 ; 3.302 ;
; SW_X[1]    ; HEX_5[1]    ; 3.174 ; 3.174 ; 3.174 ; 3.174 ;
; SW_X[1]    ; HEX_5[2]    ;       ; 3.173 ; 3.173 ;       ;
; SW_X[1]    ; HEX_5[3]    ; 3.300 ; 3.300 ; 3.300 ; 3.300 ;
; SW_X[1]    ; HEX_5[4]    ; 3.069 ; 3.069 ; 3.069 ; 3.069 ;
; SW_X[1]    ; HEX_5[5]    ;       ; 3.333 ; 3.333 ;       ;
; SW_X[1]    ; HEX_5[6]    ; 3.217 ; 3.217 ; 3.217 ; 3.217 ;
; SW_X[1]    ; LED_9       ; 3.218 ; 3.218 ; 3.218 ; 3.218 ;
; SW_X[1]    ; LED_R[1]    ; 3.282 ; 3.282 ; 3.282 ; 3.282 ;
; SW_X[1]    ; LED_R[2]    ; 3.530 ; 3.530 ; 3.530 ; 3.530 ;
; SW_X[1]    ; LED_R[3]    ; 3.447 ; 3.447 ; 3.447 ; 3.447 ;
; SW_X[1]    ; LED_R[4]    ; 3.524 ;       ;       ; 3.524 ;
; SW_X[1]    ; cout        ; 3.654 ;       ;       ; 3.654 ;
; SW_X[2]    ; HEX_0[0]    ; 6.042 ; 6.042 ; 6.042 ; 6.042 ;
; SW_X[2]    ; HEX_0[1]    ; 5.896 ; 5.896 ; 5.896 ; 5.896 ;
; SW_X[2]    ; HEX_0[2]    ; 5.859 ; 5.859 ; 5.859 ; 5.859 ;
; SW_X[2]    ; HEX_0[3]    ; 6.007 ; 6.007 ; 6.007 ; 6.007 ;
; SW_X[2]    ; HEX_0[4]    ; 6.090 ; 6.090 ; 6.090 ; 6.090 ;
; SW_X[2]    ; HEX_0[5]    ; 5.856 ; 5.856 ; 5.856 ; 5.856 ;
; SW_X[2]    ; HEX_0[6]    ; 5.776 ; 5.730 ; 5.730 ; 5.776 ;
; SW_X[2]    ; HEX_1[0]    ; 6.213 ; 6.213 ; 6.213 ; 6.213 ;
; SW_X[2]    ; HEX_1[1]    ; 6.154 ; 6.154 ; 6.154 ; 6.154 ;
; SW_X[2]    ; HEX_1[2]    ; 6.154 ; 6.154 ; 6.154 ; 6.154 ;
; SW_X[2]    ; HEX_1[3]    ; 6.206 ; 6.206 ; 6.206 ; 6.206 ;
; SW_X[2]    ; HEX_1[4]    ; 6.233 ; 6.233 ; 6.233 ; 6.233 ;
; SW_X[2]    ; HEX_1[5]    ; 6.233 ; 6.233 ; 6.233 ; 6.233 ;
; SW_X[2]    ; HEX_5[0]    ; 5.766 ; 5.766 ; 5.766 ; 5.766 ;
; SW_X[2]    ; HEX_5[1]    ; 5.637 ; 5.637 ; 5.637 ; 5.637 ;
; SW_X[2]    ; HEX_5[2]    ; 5.639 ; 5.639 ; 5.639 ; 5.639 ;
; SW_X[2]    ; HEX_5[3]    ; 5.767 ; 5.767 ; 5.767 ; 5.767 ;
; SW_X[2]    ; HEX_5[4]    ;       ; 5.522 ; 5.522 ;       ;
; SW_X[2]    ; HEX_5[5]    ; 5.792 ; 5.792 ; 5.792 ; 5.792 ;
; SW_X[2]    ; HEX_5[6]    ; 5.673 ; 5.673 ; 5.673 ; 5.673 ;
; SW_X[2]    ; LED_9       ; 5.485 ; 5.485 ; 5.485 ; 5.485 ;
; SW_X[2]    ; LED_R[2]    ; 5.501 ; 5.501 ; 5.501 ; 5.501 ;
; SW_X[2]    ; LED_R[3]    ; 5.521 ; 5.521 ; 5.521 ; 5.521 ;
; SW_X[2]    ; LED_R[4]    ; 5.598 ;       ;       ; 5.598 ;
; SW_X[2]    ; cout        ; 5.728 ;       ;       ; 5.728 ;
; SW_X[3]    ; HEX_0[0]    ; 5.998 ; 5.998 ; 5.998 ; 5.998 ;
; SW_X[3]    ; HEX_0[1]    ; 5.959 ; 5.959 ; 5.959 ; 5.959 ;
; SW_X[3]    ; HEX_0[2]    ; 5.815 ; 5.815 ; 5.815 ; 5.815 ;
; SW_X[3]    ; HEX_0[3]    ; 5.963 ; 5.963 ; 5.963 ; 5.963 ;
; SW_X[3]    ; HEX_0[4]    ; 6.144 ; 6.144 ; 6.144 ; 6.144 ;
; SW_X[3]    ; HEX_0[5]    ; 5.812 ; 5.812 ; 5.812 ; 5.812 ;
; SW_X[3]    ; HEX_0[6]    ; 5.807 ; 5.686 ; 5.686 ; 5.807 ;
; SW_X[3]    ; HEX_1[0]    ; 6.172 ; 6.172 ; 6.172 ; 6.172 ;
; SW_X[3]    ; HEX_1[1]    ; 6.110 ; 6.110 ; 6.110 ; 6.110 ;
; SW_X[3]    ; HEX_1[2]    ; 6.110 ; 6.110 ; 6.110 ; 6.110 ;
; SW_X[3]    ; HEX_1[3]    ; 6.165 ; 6.165 ; 6.165 ; 6.165 ;
; SW_X[3]    ; HEX_1[4]    ; 6.192 ; 6.192 ; 6.192 ; 6.192 ;
; SW_X[3]    ; HEX_1[5]    ; 6.192 ; 6.192 ; 6.192 ; 6.192 ;
; SW_X[3]    ; HEX_5[0]    ; 5.684 ; 5.684 ; 5.684 ; 5.684 ;
; SW_X[3]    ; HEX_5[1]    ; 5.555 ; 5.555 ; 5.555 ; 5.555 ;
; SW_X[3]    ; HEX_5[2]    ; 5.554 ; 5.554 ; 5.554 ; 5.554 ;
; SW_X[3]    ; HEX_5[3]    ; 5.683 ; 5.683 ; 5.683 ; 5.683 ;
; SW_X[3]    ; HEX_5[4]    ; 5.457 ; 5.457 ; 5.457 ; 5.457 ;
; SW_X[3]    ; HEX_5[5]    ; 5.722 ; 5.722 ; 5.722 ; 5.722 ;
; SW_X[3]    ; HEX_5[6]    ; 5.605 ; 5.605 ; 5.605 ; 5.605 ;
; SW_X[3]    ; LED_9       ; 5.568 ; 5.568 ; 5.568 ; 5.568 ;
; SW_X[3]    ; LED_R[3]    ; 5.374 ; 5.374 ; 5.374 ; 5.374 ;
; SW_X[3]    ; LED_R[4]    ; 5.554 ;       ;       ; 5.554 ;
; SW_X[3]    ; cout        ; 5.684 ;       ;       ; 5.684 ;
; SW_Y[0]    ; HEX_0[0]    ; 6.082 ; 6.082 ; 6.082 ; 6.082 ;
; SW_Y[0]    ; HEX_0[1]    ; 6.140 ; 6.140 ; 6.140 ; 6.140 ;
; SW_Y[0]    ; HEX_0[2]    ; 5.548 ; 5.548 ; 5.548 ; 5.548 ;
; SW_Y[0]    ; HEX_0[3]    ; 6.148 ; 6.148 ; 6.148 ; 6.148 ;
; SW_Y[0]    ; HEX_0[4]    ; 6.251 ; 6.251 ; 6.251 ; 6.251 ;
; SW_Y[0]    ; HEX_0[5]    ; 5.545 ; 5.545 ; 5.545 ; 5.545 ;
; SW_Y[0]    ; HEX_0[6]    ; 5.676 ; 5.676 ; 5.676 ; 5.676 ;
; SW_Y[0]    ; HEX_1[0]    ; 6.313 ; 6.313 ; 6.313 ; 6.313 ;
; SW_Y[0]    ; HEX_1[1]    ; 6.295 ; 6.295 ; 6.295 ; 6.295 ;
; SW_Y[0]    ; HEX_1[2]    ; 6.295 ; 6.295 ; 6.295 ; 6.295 ;
; SW_Y[0]    ; HEX_1[3]    ; 6.306 ; 6.306 ; 6.306 ; 6.306 ;
; SW_Y[0]    ; HEX_1[4]    ; 6.333 ; 6.333 ; 6.333 ; 6.333 ;
; SW_Y[0]    ; HEX_1[5]    ; 6.333 ; 6.333 ; 6.333 ; 6.333 ;
; SW_Y[0]    ; HEX_3[0]    ; 5.377 ; 5.377 ; 5.377 ; 5.377 ;
; SW_Y[0]    ; HEX_3[1]    ; 5.584 ; 5.584 ; 5.584 ; 5.584 ;
; SW_Y[0]    ; HEX_3[2]    ; 5.533 ; 5.533 ; 5.533 ; 5.533 ;
; SW_Y[0]    ; HEX_3[3]    ; 5.511 ; 5.511 ; 5.511 ; 5.511 ;
; SW_Y[0]    ; HEX_3[4]    ;       ; 5.405 ; 5.405 ;       ;
; SW_Y[0]    ; HEX_3[5]    ;       ; 5.645 ; 5.645 ;       ;
; SW_Y[0]    ; HEX_3[6]    ; 5.618 ;       ;       ; 5.618 ;
; SW_Y[0]    ; LED_R[0]    ; 5.572 ; 5.572 ; 5.572 ; 5.572 ;
; SW_Y[0]    ; LED_R[1]    ; 5.602 ; 5.602 ; 5.602 ; 5.602 ;
; SW_Y[0]    ; LED_R[2]    ; 5.745 ; 5.745 ; 5.745 ; 5.745 ;
; SW_Y[0]    ; LED_R[3]    ; 5.662 ; 5.662 ; 5.662 ; 5.662 ;
; SW_Y[0]    ; LED_R[4]    ; 5.739 ;       ;       ; 5.739 ;
; SW_Y[0]    ; cout        ; 5.869 ;       ;       ; 5.869 ;
; SW_Y[1]    ; HEX_0[0]    ; 5.985 ; 5.985 ; 5.985 ; 5.985 ;
; SW_Y[1]    ; HEX_0[1]    ; 6.133 ; 6.133 ; 6.133 ; 6.133 ;
; SW_Y[1]    ; HEX_0[2]    ; 5.624 ; 5.624 ; 5.624 ; 5.624 ;
; SW_Y[1]    ; HEX_0[3]    ; 6.141 ; 6.141 ; 6.141 ; 6.141 ;
; SW_Y[1]    ; HEX_0[4]    ; 6.284 ; 6.284 ; 6.284 ; 6.284 ;
; SW_Y[1]    ; HEX_0[5]    ; 5.621 ; 5.621 ; 5.621 ; 5.621 ;
; SW_Y[1]    ; HEX_0[6]    ; 5.839 ; 5.839 ; 5.839 ; 5.839 ;
; SW_Y[1]    ; HEX_1[0]    ; 6.203 ; 6.203 ; 6.203 ; 6.203 ;
; SW_Y[1]    ; HEX_1[1]    ; 6.288 ; 6.288 ; 6.288 ; 6.288 ;
; SW_Y[1]    ; HEX_1[2]    ; 6.288 ; 6.288 ; 6.288 ; 6.288 ;
; SW_Y[1]    ; HEX_1[3]    ; 6.196 ; 6.196 ; 6.196 ; 6.196 ;
; SW_Y[1]    ; HEX_1[4]    ; 6.223 ; 6.223 ; 6.223 ; 6.223 ;
; SW_Y[1]    ; HEX_1[5]    ; 6.223 ; 6.223 ; 6.223 ; 6.223 ;
; SW_Y[1]    ; HEX_3[0]    ; 5.419 ; 5.419 ; 5.419 ; 5.419 ;
; SW_Y[1]    ; HEX_3[1]    ; 5.632 ; 5.632 ; 5.632 ; 5.632 ;
; SW_Y[1]    ; HEX_3[2]    ;       ; 5.581 ; 5.581 ;       ;
; SW_Y[1]    ; HEX_3[3]    ; 5.555 ; 5.555 ; 5.555 ; 5.555 ;
; SW_Y[1]    ; HEX_3[4]    ; 5.456 ; 5.456 ; 5.456 ; 5.456 ;
; SW_Y[1]    ; HEX_3[5]    ;       ; 5.695 ; 5.695 ;       ;
; SW_Y[1]    ; HEX_3[6]    ; 5.666 ; 5.666 ; 5.666 ; 5.666 ;
; SW_Y[1]    ; LED_9       ; 5.607 ; 5.607 ; 5.607 ; 5.607 ;
; SW_Y[1]    ; LED_R[1]    ; 5.492 ; 5.492 ; 5.492 ; 5.492 ;
; SW_Y[1]    ; LED_R[2]    ; 5.738 ; 5.738 ; 5.738 ; 5.738 ;
; SW_Y[1]    ; LED_R[3]    ; 5.655 ; 5.655 ; 5.655 ; 5.655 ;
; SW_Y[1]    ; LED_R[4]    ; 5.732 ;       ;       ; 5.732 ;
; SW_Y[1]    ; cout        ; 5.862 ;       ;       ; 5.862 ;
; SW_Y[2]    ; HEX_0[0]    ; 6.156 ; 6.156 ; 6.156 ; 6.156 ;
; SW_Y[2]    ; HEX_0[1]    ; 6.008 ; 6.008 ; 6.008 ; 6.008 ;
; SW_Y[2]    ; HEX_0[2]    ; 5.973 ; 5.973 ; 5.973 ; 5.973 ;
; SW_Y[2]    ; HEX_0[3]    ; 6.121 ; 6.121 ; 6.121 ; 6.121 ;
; SW_Y[2]    ; HEX_0[4]    ; 6.202 ; 6.202 ; 6.202 ; 6.202 ;
; SW_Y[2]    ; HEX_0[5]    ; 5.970 ; 5.970 ; 5.970 ; 5.970 ;
; SW_Y[2]    ; HEX_0[6]    ; 5.888 ; 5.844 ; 5.844 ; 5.888 ;
; SW_Y[2]    ; HEX_1[0]    ; 6.325 ; 6.325 ; 6.325 ; 6.325 ;
; SW_Y[2]    ; HEX_1[1]    ; 6.268 ; 6.268 ; 6.268 ; 6.268 ;
; SW_Y[2]    ; HEX_1[2]    ; 6.268 ; 6.268 ; 6.268 ; 6.268 ;
; SW_Y[2]    ; HEX_1[3]    ; 6.318 ; 6.318 ; 6.318 ; 6.318 ;
; SW_Y[2]    ; HEX_1[4]    ; 6.345 ; 6.345 ; 6.345 ; 6.345 ;
; SW_Y[2]    ; HEX_1[5]    ; 6.345 ; 6.345 ; 6.345 ; 6.345 ;
; SW_Y[2]    ; HEX_3[0]    ; 5.304 ; 5.304 ; 5.304 ; 5.304 ;
; SW_Y[2]    ; HEX_3[1]    ; 5.515 ; 5.515 ; 5.515 ; 5.515 ;
; SW_Y[2]    ; HEX_3[2]    ; 5.465 ; 5.465 ; 5.465 ; 5.465 ;
; SW_Y[2]    ; HEX_3[3]    ; 5.439 ; 5.439 ; 5.439 ; 5.439 ;
; SW_Y[2]    ; HEX_3[4]    ;       ; 5.333 ; 5.333 ;       ;
; SW_Y[2]    ; HEX_3[5]    ; 5.578 ; 5.578 ; 5.578 ; 5.578 ;
; SW_Y[2]    ; HEX_3[6]    ; 5.549 ; 5.549 ; 5.549 ; 5.549 ;
; SW_Y[2]    ; LED_9       ; 5.491 ; 5.491 ; 5.491 ; 5.491 ;
; SW_Y[2]    ; LED_R[2]    ; 5.613 ; 5.613 ; 5.613 ; 5.613 ;
; SW_Y[2]    ; LED_R[3]    ; 5.635 ; 5.635 ; 5.635 ; 5.635 ;
; SW_Y[2]    ; LED_R[4]    ; 5.712 ;       ;       ; 5.712 ;
; SW_Y[2]    ; cout        ; 5.842 ;       ;       ; 5.842 ;
; SW_Y[3]    ; HEX_0[0]    ; 6.103 ; 6.103 ; 6.103 ; 6.103 ;
; SW_Y[3]    ; HEX_0[1]    ; 6.062 ; 6.062 ; 6.062 ; 6.062 ;
; SW_Y[3]    ; HEX_0[2]    ; 5.920 ; 5.920 ; 5.920 ; 5.920 ;
; SW_Y[3]    ; HEX_0[3]    ; 6.068 ; 6.068 ; 6.068 ; 6.068 ;
; SW_Y[3]    ; HEX_0[4]    ; 6.247 ; 6.247 ; 6.247 ; 6.247 ;
; SW_Y[3]    ; HEX_0[5]    ; 5.917 ; 5.917 ; 5.917 ; 5.917 ;
; SW_Y[3]    ; HEX_0[6]    ; 5.910 ; 5.791 ; 5.791 ; 5.910 ;
; SW_Y[3]    ; HEX_1[0]    ; 6.275 ; 6.275 ; 6.275 ; 6.275 ;
; SW_Y[3]    ; HEX_1[1]    ; 6.215 ; 6.215 ; 6.215 ; 6.215 ;
; SW_Y[3]    ; HEX_1[2]    ; 6.215 ; 6.215 ; 6.215 ; 6.215 ;
; SW_Y[3]    ; HEX_1[3]    ; 6.268 ; 6.268 ; 6.268 ; 6.268 ;
; SW_Y[3]    ; HEX_1[4]    ; 6.295 ; 6.295 ; 6.295 ; 6.295 ;
; SW_Y[3]    ; HEX_1[5]    ; 6.295 ; 6.295 ; 6.295 ; 6.295 ;
; SW_Y[3]    ; HEX_3[0]    ; 5.356 ; 5.356 ; 5.356 ; 5.356 ;
; SW_Y[3]    ; HEX_3[1]    ; 5.559 ; 5.559 ; 5.559 ; 5.559 ;
; SW_Y[3]    ; HEX_3[2]    ; 5.518 ; 5.518 ; 5.518 ; 5.518 ;
; SW_Y[3]    ; HEX_3[3]    ; 5.492 ; 5.492 ; 5.492 ; 5.492 ;
; SW_Y[3]    ; HEX_3[4]    ; 5.381 ; 5.381 ; 5.381 ; 5.381 ;
; SW_Y[3]    ; HEX_3[5]    ; 5.631 ; 5.631 ; 5.631 ; 5.631 ;
; SW_Y[3]    ; HEX_3[6]    ; 5.595 ; 5.595 ; 5.595 ; 5.595 ;
; SW_Y[3]    ; LED_9       ; 5.564 ; 5.564 ; 5.564 ; 5.564 ;
; SW_Y[3]    ; LED_R[3]    ; 5.477 ; 5.477 ; 5.477 ; 5.477 ;
; SW_Y[3]    ; LED_R[4]    ; 5.659 ;       ;       ; 5.659 ;
; SW_Y[3]    ; cout        ; 5.789 ;       ;       ; 5.789 ;
+------------+-------------+-------+-------+-------+-------+


-------------------
; Clock Transfers ;
-------------------
Nothing to report.


---------------
; Report TCCS ;
---------------
No dedicated SERDES Transmitter circuitry present in device or used in design


---------------
; Report RSKM ;
---------------
No dedicated SERDES Receiver circuitry present in device or used in design


+------------------------------------------------+
; Unconstrained Paths                            ;
+---------------------------------+-------+------+
; Property                        ; Setup ; Hold ;
+---------------------------------+-------+------+
; Illegal Clocks                  ; 0     ; 0    ;
; Unconstrained Clocks            ; 0     ; 0    ;
; Unconstrained Input Ports       ; 9     ; 9    ;
; Unconstrained Input Port Paths  ; 221   ; 221  ;
; Unconstrained Output Ports      ; 34    ; 34   ;
; Unconstrained Output Port Paths ; 221   ; 221  ;
+---------------------------------+-------+------+


+------------------------------------+
; TimeQuest Timing Analyzer Messages ;
+------------------------------------+
Info: *******************************************************************
Info: Running Quartus II 64-Bit TimeQuest Timing Analyzer
    Info: Version 13.0.1 Build 232 06/12/2013 Service Pack 1 SJ Web Edition
    Info: Processing started: Tue Aug 22 07:01:16 2017
Info: Command: quartus_sta Lab2_4 -c Lab2_4
Info: qsta_default_script.tcl version: #1
Warning (20028): Parallel compilation is not licensed and has been disabled
Info (21077): Low junction temperature is 0 degrees C
Info (21077): High junction temperature is 85 degrees C
Critical Warning (332012): Synopsys Design Constraints File file not found: 'Lab2_4.sdc'. A Synopsys Design Constraints File is required by the TimeQuest Timing Analyzer to get proper timing constraints. Without it, the Compiler will not properly optimize the design.
Info (332142): No user constrained base clocks found in the design. Calling "derive_clocks -period 1.0"
Info (332096): The command derive_clocks did not find any clocks to derive.  No clocks were created or changed.
Warning (332068): No clocks defined in design.
Info: Found TIMEQUEST_REPORT_SCRIPT_INCLUDE_DEFAULT_ANALYSIS = ON
Info (332159): No clocks to report
Info: Analyzing Slow Model
Info (332140): No fmax paths to report
Info (332140): No Setup paths to report
Info (332140): No Hold paths to report
Info (332140): No Recovery paths to report
Info (332140): No Removal paths to report
Info (332140): No Minimum Pulse Width paths to report
Info (332001): The selected device family is not supported by the report_metastability command.
Info: Analyzing Fast Model
Info (332142): No user constrained base clocks found in the design. Calling "derive_clocks -period 1.0"
Info (332096): The command derive_clocks did not find any clocks to derive.  No clocks were created or changed.
Warning (332068): No clocks defined in design.
Info (332140): No Setup paths to report
Info (332140): No Hold paths to report
Info (332140): No Recovery paths to report
Info (332140): No Removal paths to report
Info (332140): No Minimum Pulse Width paths to report
Info (332001): The selected device family is not supported by the report_metastability command.
Info (332102): Design is not fully constrained for setup requirements
Info (332102): Design is not fully constrained for hold requirements
Info: Quartus II 64-Bit TimeQuest Timing Analyzer was successful. 0 errors, 4 warnings
    Info: Peak virtual memory: 434 megabytes
    Info: Processing ended: Tue Aug 22 07:01:17 2017
    Info: Elapsed time: 00:00:01
    Info: Total CPU time (on all processors): 00:00:01


