Release 14.7 - xst P.20131013 (nt64)
Copyright (c) 1995-2013 Xilinx, Inc.  All rights reserved.
--> Parameter TMPDIR set to xst/projnav.tmp


Total REAL time to Xst completion: 1.00 secs
Total CPU time to Xst completion: 0.23 secs
 
--> Parameter xsthdpdir set to xst


Total REAL time to Xst completion: 1.00 secs
Total CPU time to Xst completion: 0.24 secs
 
--> Reading design: SAD.prj

TABLE OF CONTENTS
  1) Synthesis Options Summary
  2) HDL Compilation
  3) Design Hierarchy Analysis
  4) HDL Analysis
  5) HDL Synthesis
     5.1) HDL Synthesis Report
  6) Advanced HDL Synthesis
     6.1) Advanced HDL Synthesis Report
  7) Low Level Synthesis
  8) Partition Report
  9) Final Report
	9.1) Device utilization summary
	9.2) Partition Resource Summary
	9.3) TIMING REPORT


=========================================================================
*                      Synthesis Options Summary                        *
=========================================================================
---- Source Parameters
Input File Name                    : "SAD.prj"
Input Format                       : mixed
Ignore Synthesis Constraint File   : NO

---- Target Parameters
Output File Name                   : "SAD"
Output Format                      : NGC
Target Device                      : xc3s50-5-pq208

---- Source Options
Top Module Name                    : SAD
Automatic FSM Extraction           : YES
FSM Encoding Algorithm             : Auto
Safe Implementation                : No
FSM Style                          : LUT
RAM Extraction                     : Yes
RAM Style                          : Auto
ROM Extraction                     : Yes
Mux Style                          : Auto
Decoder Extraction                 : YES
Priority Encoder Extraction        : Yes
Shift Register Extraction          : YES
Logical Shifter Extraction         : YES
XOR Collapsing                     : YES
ROM Style                          : Auto
Mux Extraction                     : Yes
Resource Sharing                   : YES
Asynchronous To Synchronous        : NO
Multiplier Style                   : Auto
Automatic Register Balancing       : No

---- Target Options
Add IO Buffers                     : YES
Global Maximum Fanout              : 100000
Add Generic Clock Buffer(BUFG)     : 8
Register Duplication               : YES
Slice Packing                      : YES
Optimize Instantiated Primitives   : NO
Use Clock Enable                   : Yes
Use Synchronous Set                : Yes
Use Synchronous Reset              : Yes
Pack IO Registers into IOBs        : Auto
Equivalent register Removal        : YES

---- General Options
Optimization Goal                  : Speed
Optimization Effort                : 1
Keep Hierarchy                     : No
Netlist Hierarchy                  : As_Optimized
RTL Output                         : Yes
Global Optimization                : AllClockNets
Read Cores                         : YES
Write Timing Constraints           : NO
Cross Clock Analysis               : NO
Hierarchy Separator                : /
Bus Delimiter                      : <>
Case Specifier                     : Maintain
Slice Utilization Ratio            : 100
BRAM Utilization Ratio             : 100
Verilog 2001                       : YES
Auto BRAM Packing                  : NO
Slice Utilization Ratio Delta      : 5

---- Other Options
Cores Search Directories           : {"ipcore_dir"  }

=========================================================================


=========================================================================
*                          HDL Compilation                              *
=========================================================================
Compiling verilog file "Twos_Complement.v" in library work
Compiling verilog file "Sum.v" in library work
Module <Twos_Complement> compiled
Compiling verilog file "Substractor.v" in library work
Module <Sum> compiled
Compiling verilog file "sad_reg.v" in library work
Module <Substractor> compiled
Compiling verilog file "ipcore_dir/Rom_B.v" in library work
Module <sad_reg> compiled
Compiling verilog file "ipcore_dir/Rom_A.v" in library work
Module <Rom_B> compiled
Compiling verilog file "FSM.v" in library work
Module <Rom_A> compiled
Compiling verilog file "counter.v" in library work
Module <FSM> compiled
Compiling verilog file "Comparator.v" in library work
Module <counter> compiled
Compiling verilog file "Adder.v" in library work
Module <Comparator> compiled
Compiling verilog file "ABS.v" in library work
Module <Adder> compiled
Compiling verilog file "SAD.v" in library work
Module <ABS> compiled
Module <SAD> compiled
No errors in compilation
Analysis of file <"SAD.prj"> succeeded.
 

=========================================================================
*                     Design Hierarchy Analysis                         *
=========================================================================
Analyzing hierarchy for module <SAD> in library <work>.

Analyzing hierarchy for module <FSM> in library <work>.

Analyzing hierarchy for module <Comparator> in library <work>.

Analyzing hierarchy for module <counter> in library <work>.

Analyzing hierarchy for module <Substractor> in library <work>.

Analyzing hierarchy for module <ABS> in library <work>.

Analyzing hierarchy for module <Adder> in library <work>.

Analyzing hierarchy for module <Sum> in library <work>.

Analyzing hierarchy for module <sad_reg> in library <work>.

Analyzing hierarchy for module <Twos_Complement> in library <work>.


=========================================================================
*                            HDL Analysis                               *
=========================================================================
Analyzing top module <SAD>.
WARNING:Xst:2211 - "ipcore_dir/Rom_A.v" line 111: Instantiating black box module <Rom_A>.
WARNING:Xst:2211 - "ipcore_dir/Rom_B.v" line 117: Instantiating black box module <Rom_B>.
Module <SAD> is correct for synthesis.
 
Analyzing module <FSM> in library <work>.
Module <FSM> is correct for synthesis.
 
Analyzing module <Comparator> in library <work>.
Module <Comparator> is correct for synthesis.
 
Analyzing module <counter> in library <work>.
Module <counter> is correct for synthesis.
 
Analyzing module <Substractor> in library <work>.
Module <Substractor> is correct for synthesis.
 
Analyzing module <ABS> in library <work>.
Module <ABS> is correct for synthesis.
 
Analyzing module <Twos_Complement> in library <work>.
Module <Twos_Complement> is correct for synthesis.
 
Analyzing module <Adder> in library <work>.
Module <Adder> is correct for synthesis.
 
Analyzing module <Sum> in library <work>.
Module <Sum> is correct for synthesis.
 
Analyzing module <sad_reg> in library <work>.
Module <sad_reg> is correct for synthesis.
 

=========================================================================
*                           HDL Synthesis                               *
=========================================================================

Performing bidirectional port resolution...

Synthesizing Unit <FSM>.
    Related source file is "FSM.v".
    Found finite state machine <FSM_0> for signal <STATE>.
    -----------------------------------------------------------------------
    | States             | 5                                              |
    | Transitions        | 7                                              |
    | Inputs             | 2                                              |
    | Outputs            | 3                                              |
    | Clock              | clk                       (rising_edge)        |
    | Reset              | Mrst                      (positive)           |
    | Reset type         | synchronous                                    |
    | Reset State        | 000                                            |
    | Encoding           | automatic                                      |
    | Implementation     | LUT                                            |
    -----------------------------------------------------------------------
    Summary:
	inferred   1 Finite State Machine(s).
Unit <FSM> synthesized.


Synthesizing Unit <Comparator>.
    Related source file is "Comparator.v".
    Found 9-bit comparator greatequal for signal <comp>.
    Summary:
	inferred   1 Comparator(s).
Unit <Comparator> synthesized.


Synthesizing Unit <counter>.
    Related source file is "counter.v".
    Found 9-bit up counter for signal <i>.
    Summary:
	inferred   1 Counter(s).
Unit <counter> synthesized.


Synthesizing Unit <Substractor>.
    Related source file is "Substractor.v".
    Found 8-bit subtractor for signal <substract>.
    Summary:
	inferred   1 Adder/Subtractor(s).
Unit <Substractor> synthesized.


Synthesizing Unit <Adder>.
    Related source file is "Adder.v".
    Found 32-bit adder for signal <adder>.
    Summary:
	inferred   1 Adder/Subtractor(s).
Unit <Adder> synthesized.


Synthesizing Unit <Sum>.
    Related source file is "Sum.v".
    Found 32-bit register for signal <sum>.
    Summary:
	inferred  32 D-type flip-flop(s).
Unit <Sum> synthesized.


Synthesizing Unit <sad_reg>.
    Related source file is "sad_reg.v".
    Found 32-bit register for signal <sad>.
    Summary:
	inferred  32 D-type flip-flop(s).
Unit <sad_reg> synthesized.


Synthesizing Unit <Twos_Complement>.
    Related source file is "Twos_Complement.v".
    Found 8-bit adder for signal <B>.
    Summary:
	inferred   1 Adder/Subtractor(s).
Unit <Twos_Complement> synthesized.


Synthesizing Unit <ABS>.
    Related source file is "ABS.v".
Unit <ABS> synthesized.


Synthesizing Unit <SAD>.
    Related source file is "SAD.v".
WARNING:Xst:646 - Signal <AB_addr> is assigned but never used. This unconnected signal will be trimmed during the optimization process.
Unit <SAD> synthesized.


=========================================================================
HDL Synthesis Report

Macro Statistics
# Adders/Subtractors                                   : 3
 32-bit adder                                          : 1
 8-bit adder                                           : 1
 8-bit subtractor                                      : 1
# Counters                                             : 1
 9-bit up counter                                      : 1
# Registers                                            : 2
 32-bit register                                       : 2
# Comparators                                          : 1
 9-bit comparator greatequal                           : 1

=========================================================================

=========================================================================
*                       Advanced HDL Synthesis                          *
=========================================================================

Analyzing FSM <FSM_0> for best encoding.
Optimizing FSM <FSM1/STATE/FSM> on signal <STATE[1:3]> with gray encoding.
-------------------
 State | Encoding
-------------------
 000   | 000
 001   | 001
 010   | 011
 011   | 110
 100   | 010
-------------------
Reading core <ipcore_dir/Rom_A.ngc>.
Reading core <ipcore_dir/Rom_B.ngc>.
Loading core <Rom_A> for timing and area information for instance <r1>.
Loading core <Rom_B> for timing and area information for instance <r2>.

=========================================================================
Advanced HDL Synthesis Report

Macro Statistics
# FSMs                                                 : 1
# Adders/Subtractors                                   : 3
 32-bit adder                                          : 1
 8-bit adder                                           : 1
 8-bit subtractor                                      : 1
# Counters                                             : 1
 9-bit up counter                                      : 1
# Registers                                            : 64
 Flip-Flops                                            : 64
# Comparators                                          : 1
 9-bit comparator greatequal                           : 1

=========================================================================

=========================================================================
*                         Low Level Synthesis                           *
=========================================================================

Optimizing unit <SAD> ...

Optimizing unit <Sum> ...

Optimizing unit <sad_reg> ...

Optimizing unit <ABS> ...

Mapping all equations...
Building and optimizing final netlist ...
Found area constraint ratio of 100 (+ 5) on block SAD, actual ratio is 5.

Final Macro Processing ...

=========================================================================
Final Register Report

Macro Statistics
# Registers                                            : 76
 Flip-Flops                                            : 76

=========================================================================

=========================================================================
*                           Partition Report                            *
=========================================================================

Partition Implementation Status
-------------------------------

  No Partitions were found in this design.

-------------------------------

=========================================================================
*                            Final Report                               *
=========================================================================
Final Results
RTL Top Level Output File Name     : SAD.ngr
Top Level Output File Name         : SAD
Output Format                      : NGC
Optimization Goal                  : Speed
Keep Hierarchy                     : No

Design Statistics
# IOs                              : 35

Cell Usage :
# BELS                             : 162
#      GND                         : 3
#      INV                         : 1
#      LUT1                        : 32
#      LUT2                        : 14
#      LUT3                        : 8
#      LUT4                        : 8
#      MUXCY                       : 46
#      VCC                         : 1
#      XORCY                       : 49
# FlipFlops/Latches                : 76
#      FDR                         : 1
#      FDRE                        : 73
#      FDRS                        : 2
# Clock Buffers                    : 1
#      BUFGP                       : 1
# IO Buffers                       : 34
#      IBUF                        : 2
#      OBUF                        : 32
=========================================================================

Device utilization summary:
---------------------------

Selected Device : 3s50pq208-5 

 Number of Slices:                       46  out of    768     5%  
 Number of Slice Flip Flops:             76  out of   1536     4%  
 Number of 4 input LUTs:                 63  out of   1536     4%  
 Number of IOs:                          35
 Number of bonded IOBs:                  35  out of    124    28%  
 Number of GCLKs:                         1  out of      8    12%  

---------------------------
Partition Resource Summary:
---------------------------

  No Partitions were found in this design.

---------------------------


=========================================================================
TIMING REPORT

NOTE: THESE TIMING NUMBERS ARE ONLY A SYNTHESIS ESTIMATE.
      FOR ACCURATE TIMING INFORMATION PLEASE REFER TO THE TRACE REPORT
      GENERATED AFTER PLACE-and-ROUTE.

Clock Information:
------------------
-----------------------------------+------------------------+-------+
Clock Signal                       | Clock buffer(FF name)  | Load  |
-----------------------------------+------------------------+-------+
clk                                | BUFGP                  | 76    |
-----------------------------------+------------------------+-------+

Asynchronous Control Signals Information:
----------------------------------------
No asynchronous control signals found in this design

Timing Summary:
---------------
Speed Grade: -5

   Minimum period: 5.082ns (Maximum Frequency: 196.755MHz)
   Minimum input arrival time before clock: 5.008ns
   Maximum output required time after clock: 6.216ns
   Maximum combinational path delay: No path found

Timing Detail:
--------------
All values displayed in nanoseconds (ns)

=========================================================================
Timing constraint: Default period analysis for Clock 'clk'
  Clock period: 5.082ns (frequency: 196.755MHz)
  Total number of paths / destination ports: 896 / 224
-------------------------------------------------------------------------
Delay:               5.082ns (Levels of Logic = 33)
  Source:            sum1/sum_0 (FF)
  Destination:       sum1/sum_31 (FF)
  Source Clock:      clk rising
  Destination Clock: clk rising

  Data Path: sum1/sum_0 to sum1/sum_31
                                Gate     Net
    Cell:in->out      fanout   Delay   Delay  Logical Name (Net Name)
    ----------------------------------------  ------------
     FDRE:C->Q             2   0.626   0.915  sum1/sum_0 (sum1/sum_0)
     LUT2:I1->O            1   0.479   0.000  add1/Madd_adder_lut<0> (add1/Madd_adder_lut<0>)
     MUXCY:S->O            1   0.435   0.000  add1/Madd_adder_cy<0> (add1/Madd_adder_cy<0>)
     MUXCY:CI->O           1   0.056   0.000  add1/Madd_adder_cy<1> (add1/Madd_adder_cy<1>)
     MUXCY:CI->O           1   0.056   0.000  add1/Madd_adder_cy<2> (add1/Madd_adder_cy<2>)
     MUXCY:CI->O           1   0.056   0.000  add1/Madd_adder_cy<3> (add1/Madd_adder_cy<3>)
     MUXCY:CI->O           1   0.056   0.000  add1/Madd_adder_cy<4> (add1/Madd_adder_cy<4>)
     MUXCY:CI->O           1   0.056   0.000  add1/Madd_adder_cy<5> (add1/Madd_adder_cy<5>)
     MUXCY:CI->O           1   0.056   0.000  add1/Madd_adder_cy<6> (add1/Madd_adder_cy<6>)
     MUXCY:CI->O           1   0.056   0.000  add1/Madd_adder_cy<7> (add1/Madd_adder_cy<7>)
     MUXCY:CI->O           1   0.056   0.000  add1/Madd_adder_cy<8> (add1/Madd_adder_cy<8>)
     MUXCY:CI->O           1   0.056   0.000  add1/Madd_adder_cy<9> (add1/Madd_adder_cy<9>)
     MUXCY:CI->O           1   0.056   0.000  add1/Madd_adder_cy<10> (add1/Madd_adder_cy<10>)
     MUXCY:CI->O           1   0.056   0.000  add1/Madd_adder_cy<11> (add1/Madd_adder_cy<11>)
     MUXCY:CI->O           1   0.055   0.000  add1/Madd_adder_cy<12> (add1/Madd_adder_cy<12>)
     MUXCY:CI->O           1   0.056   0.000  add1/Madd_adder_cy<13> (add1/Madd_adder_cy<13>)
     MUXCY:CI->O           1   0.056   0.000  add1/Madd_adder_cy<14> (add1/Madd_adder_cy<14>)
     MUXCY:CI->O           1   0.056   0.000  add1/Madd_adder_cy<15> (add1/Madd_adder_cy<15>)
     MUXCY:CI->O           1   0.056   0.000  add1/Madd_adder_cy<16> (add1/Madd_adder_cy<16>)
     MUXCY:CI->O           1   0.056   0.000  add1/Madd_adder_cy<17> (add1/Madd_adder_cy<17>)
     MUXCY:CI->O           1   0.056   0.000  add1/Madd_adder_cy<18> (add1/Madd_adder_cy<18>)
     MUXCY:CI->O           1   0.056   0.000  add1/Madd_adder_cy<19> (add1/Madd_adder_cy<19>)
     MUXCY:CI->O           1   0.056   0.000  add1/Madd_adder_cy<20> (add1/Madd_adder_cy<20>)
     MUXCY:CI->O           1   0.056   0.000  add1/Madd_adder_cy<21> (add1/Madd_adder_cy<21>)
     MUXCY:CI->O           1   0.056   0.000  add1/Madd_adder_cy<22> (add1/Madd_adder_cy<22>)
     MUXCY:CI->O           1   0.056   0.000  add1/Madd_adder_cy<23> (add1/Madd_adder_cy<23>)
     MUXCY:CI->O           1   0.056   0.000  add1/Madd_adder_cy<24> (add1/Madd_adder_cy<24>)
     MUXCY:CI->O           1   0.056   0.000  add1/Madd_adder_cy<25> (add1/Madd_adder_cy<25>)
     MUXCY:CI->O           1   0.056   0.000  add1/Madd_adder_cy<26> (add1/Madd_adder_cy<26>)
     MUXCY:CI->O           1   0.056   0.000  add1/Madd_adder_cy<27> (add1/Madd_adder_cy<27>)
     MUXCY:CI->O           1   0.056   0.000  add1/Madd_adder_cy<28> (add1/Madd_adder_cy<28>)
     MUXCY:CI->O           1   0.056   0.000  add1/Madd_adder_cy<29> (add1/Madd_adder_cy<29>)
     MUXCY:CI->O           0   0.056   0.000  add1/Madd_adder_cy<30> (add1/Madd_adder_cy<30>)
     XORCY:CI->O           1   0.786   0.000  add1/Madd_adder_xor<31> (adder<31>)
     FDRE:D                    0.176          sum1/sum_31
    ----------------------------------------
    Total                      5.082ns (4.167ns logic, 0.915ns route)
                                       (82.0% logic, 18.0% route)

=========================================================================
Timing constraint: Default OFFSET IN BEFORE for Clock 'clk'
  Total number of paths / destination ports: 150 / 150
-------------------------------------------------------------------------
Offset:              5.008ns (Levels of Logic = 2)
  Source:            Mrst (PAD)
  Destination:       Count1/i_0 (FF)
  Destination Clock: clk rising

  Data Path: Mrst to Count1/i_0
                                Gate     Net
    Cell:in->out      fanout   Delay   Delay  Logical Name (Net Name)
    ----------------------------------------  ------------
     IBUF:I->O             6   0.715   1.148  Mrst_IBUF (Mrst_IBUF)
     LUT3:I0->O           73   0.479   1.775  FSM1/rst1 (rst)
     FDRE:R                    0.892          Count1/i_0
    ----------------------------------------
    Total                      5.008ns (2.086ns logic, 2.922ns route)
                                       (41.7% logic, 58.3% route)

=========================================================================
Timing constraint: Default OFFSET OUT AFTER for Clock 'clk'
  Total number of paths / destination ports: 32 / 32
-------------------------------------------------------------------------
Offset:              6.216ns (Levels of Logic = 1)
  Source:            sad1/sad_31 (FF)
  Destination:       sad<31> (PAD)
  Source Clock:      clk rising

  Data Path: sad1/sad_31 to sad<31>
                                Gate     Net
    Cell:in->out      fanout   Delay   Delay  Logical Name (Net Name)
    ----------------------------------------  ------------
     FDRE:C->Q             1   0.626   0.681  sad1/sad_31 (sad1/sad_31)
     OBUF:I->O                 4.909          sad_31_OBUF (sad<31>)
    ----------------------------------------
    Total                      6.216ns (5.535ns logic, 0.681ns route)
                                       (89.0% logic, 11.0% route)

=========================================================================


Total REAL time to Xst completion: 15.00 secs
Total CPU time to Xst completion: 14.56 secs
 
--> 

Total memory usage is 277896 kilobytes

Number of errors   :    0 (   0 filtered)
Number of warnings :    5 (   0 filtered)
Number of infos    :    0 (   0 filtered)

