#! c:/iverilog-x64/bin/vvp
:ivl_version "10.1 (stable)" "(v10_1_1)";
:ivl_delay_selection "TYPICAL";
:vpi_time_precision + 0;
:vpi_module "system";
:vpi_module "vhdl_sys";
:vpi_module "v2005_math";
:vpi_module "va_math";
S_0000000002782d20 .scope module, "test" "test" 2 1;
 .timescale 0 0;
v000000000284a780_0 .var "clk", 0 0;
v000000000284a820_0 .net "data", 31 0, L_000000000285b4e0;  1 drivers
v0000000002848a20_0 .net "flag", 0 0, L_000000000285b580;  1 drivers
v0000000002848ac0_0 .var "rst", 0 0;
v0000000002848ca0_0 .var "start", 0 0;
S_0000000002782ea0 .scope module, "uut" "top" 2 14, 3 1 0, S_0000000002782d20;
 .timescale 0 0;
    .port_info 0 /INPUT 1 "clk"
    .port_info 1 /INPUT 1 "start"
    .port_info 2 /INPUT 1 "rst"
    .port_info 3 /OUTPUT 32 "data"
    .port_info 4 /OUTPUT 1 "flag"
v000000000284a3c0_0 .var "NXT_STATE", 2 0;
v00000000028499c0_0 .var "STATE", 2 0;
v0000000002849a60_0 .net *"_s12", 31 0, L_0000000002849560;  1 drivers
L_0000000002c901a8 .functor BUFT 1, C4<00000000000000000000000000000>, C4<0>, C4<0>, C4<0>;
v0000000002849880_0 .net *"_s15", 28 0, L_0000000002c901a8;  1 drivers
L_0000000002c901f0 .functor BUFT 1, C4<00000000000000000000000000000010>, C4<0>, C4<0>, C4<0>;
v00000000028492e0_0 .net/2u *"_s16", 31 0, L_0000000002c901f0;  1 drivers
v000000000284a6e0_0 .net *"_s20", 31 0, L_000000000285c5c0;  1 drivers
L_0000000002c90238 .functor BUFT 1, C4<00000000000000000000000000000>, C4<0>, C4<0>, C4<0>;
v000000000284a320_0 .net *"_s23", 28 0, L_0000000002c90238;  1 drivers
L_0000000002c90280 .functor BUFT 1, C4<00000000000000000000000000000011>, C4<0>, C4<0>, C4<0>;
v000000000284a460_0 .net/2u *"_s24", 31 0, L_0000000002c90280;  1 drivers
v0000000002849b00_0 .net *"_s28", 31 0, L_000000000285c160;  1 drivers
L_0000000002c902c8 .functor BUFT 1, C4<00000000000000000000000000000>, C4<0>, C4<0>, C4<0>;
v0000000002849100_0 .net *"_s31", 28 0, L_0000000002c902c8;  1 drivers
L_0000000002c90310 .functor BUFT 1, C4<00000000000000000000000000000100>, C4<0>, C4<0>, C4<0>;
v0000000002849380_0 .net/2u *"_s32", 31 0, L_0000000002c90310;  1 drivers
v0000000002848c00_0 .net *"_s4", 31 0, L_0000000002848f20;  1 drivers
L_0000000002c90118 .functor BUFT 1, C4<00000000000000000000000000000>, C4<0>, C4<0>, C4<0>;
v0000000002849600_0 .net *"_s7", 28 0, L_0000000002c90118;  1 drivers
L_0000000002c90160 .functor BUFT 1, C4<00000000000000000000000000000000>, C4<0>, C4<0>, C4<0>;
v0000000002849ce0_0 .net/2u *"_s8", 31 0, L_0000000002c90160;  1 drivers
v00000000028491a0_0 .net "clk", 0 0, v000000000284a780_0;  1 drivers
v000000000284a000_0 .net "count", 3 0, v00000000027e79e0_0;  1 drivers
v000000000284a5a0_0 .net "data", 31 0, L_000000000285b4e0;  alias, 1 drivers
v00000000028497e0_0 .net "enableCounter", 0 0, L_0000000002849740;  1 drivers
v000000000284a0a0_0 .net "enableRegister", 0 0, L_000000000285ba80;  1 drivers
v0000000002849e20_0 .net "flag", 0 0, L_000000000285b580;  alias, 1 drivers
L_0000000002c90088 .functor BUFT 1, C4<00000000000000000000000000000000>, C4<0>, C4<0>, C4<0>;
v000000000284a140_0 .net "num", 31 0, L_0000000002c90088;  1 drivers
L_0000000002c900d0 .functor BUFT 1, C4<0000>, C4<0>, C4<0>, C4<0>;
v000000000284a640_0 .net "readAddress", 3 0, L_0000000002c900d0;  1 drivers
v0000000002849ba0_0 .net "reset", 0 0, L_0000000002849420;  1 drivers
v0000000002848d40_0 .net "rst", 0 0, v0000000002848ac0_0;  1 drivers
v0000000002849d80_0 .net "start", 0 0, v0000000002848ca0_0;  1 drivers
E_00000000027f1dd0 .event edge, v00000000028499c0_0, v0000000002849d80_0, v00000000027e79e0_0;
L_0000000002848f20 .concat [ 3 29 0 0], v00000000028499c0_0, L_0000000002c90118;
L_0000000002849420 .cmp/eq 32, L_0000000002848f20, L_0000000002c90160;
L_0000000002849560 .concat [ 3 29 0 0], v00000000028499c0_0, L_0000000002c901a8;
L_0000000002849740 .cmp/eq 32, L_0000000002849560, L_0000000002c901f0;
L_000000000285c5c0 .concat [ 3 29 0 0], v00000000028499c0_0, L_0000000002c90238;
L_000000000285ba80 .cmp/eq 32, L_000000000285c5c0, L_0000000002c90280;
L_000000000285c160 .concat [ 3 29 0 0], v00000000028499c0_0, L_0000000002c902c8;
L_000000000285b580 .cmp/eq 32, L_000000000285c160, L_0000000002c90310;
S_00000000027c8db0 .scope module, "CounterA" "counter" 3 54, 4 1 0, S_0000000002782ea0;
 .timescale 0 0;
    .port_info 0 /INPUT 1 "clock"
    .port_info 1 /INPUT 1 "rst"
    .port_info 2 /INPUT 1 "en_count"
    .port_info 3 /OUTPUT 4 "count"
v00000000027e7120_0 .net "clock", 0 0, v000000000284a780_0;  alias, 1 drivers
v00000000027e79e0_0 .var "count", 3 0;
v00000000027e8ac0_0 .net "en_count", 0 0, L_0000000002849740;  alias, 1 drivers
v00000000027e7da0_0 .net "rst", 0 0, L_0000000002849420;  alias, 1 drivers
E_00000000027f2550 .event posedge, v00000000027e7120_0;
S_00000000027c8f30 .scope module, "registerA" "registerFile" 3 55, 5 1 0, S_0000000002782ea0;
 .timescale 0 0;
    .port_info 0 /INPUT 1 "clk"
    .port_info 1 /INPUT 1 "write"
    .port_info 2 /INPUT 4 "wrAddr"
    .port_info 3 /INPUT 32 "wrData"
    .port_info 4 /INPUT 4 "rdAddrA"
    .port_info 5 /OUTPUT 32 "rdDataA"
L_0000000002c90820 .functor BUFT 1, C4<00000000000000000000000000000000>, C4<0>, C4<0>, C4<0>;
v00000000027e8de0_0 .net *"_s0", 31 0, L_0000000002c90820;  1 drivers
L_0000000002c906b8 .functor BUFT 1, C4<00000000000000000000000000001100>, C4<0>, C4<0>, C4<0>;
v00000000027e8520_0 .net/2u *"_s100", 31 0, L_0000000002c906b8;  1 drivers
v00000000027e7300_0 .net *"_s102", 0 0, L_000000000285aea0;  1 drivers
L_0000000002c90bc8 .functor BUFT 1, C4<00000000000000000000000000000000>, C4<0>, C4<0>, C4<0>;
v00000000027e74e0_0 .net *"_s104", 31 0, L_0000000002c90bc8;  1 drivers
L_0000000002c90700 .functor BUFT 1, C4<00000000000000000000000000001101>, C4<0>, C4<0>, C4<0>;
v00000000027e7760_0 .net/2u *"_s108", 31 0, L_0000000002c90700;  1 drivers
v00000000027e7b20_0 .net *"_s110", 0 0, L_000000000285b080;  1 drivers
L_0000000002c90c10 .functor BUFT 1, C4<00000000000000000000000000000000>, C4<0>, C4<0>, C4<0>;
v00000000027e8020_0 .net *"_s112", 31 0, L_0000000002c90c10;  1 drivers
L_0000000002c90748 .functor BUFT 1, C4<00000000000000000000000000001110>, C4<0>, C4<0>, C4<0>;
v00000000027e8200_0 .net/2u *"_s116", 31 0, L_0000000002c90748;  1 drivers
v00000000027d9770_0 .net *"_s118", 0 0, L_000000000285b6c0;  1 drivers
L_0000000002c903a0 .functor BUFT 1, C4<00000000000000000000000000000001>, C4<0>, C4<0>, C4<0>;
v00000000027d8cd0_0 .net/2u *"_s12", 31 0, L_0000000002c903a0;  1 drivers
L_0000000002c90c58 .functor BUFT 1, C4<00000000000000000000000000000000>, C4<0>, C4<0>, C4<0>;
v00000000027d8910_0 .net *"_s120", 31 0, L_0000000002c90c58;  1 drivers
L_0000000002c90790 .functor BUFT 1, C4<00000000000000000000000000001111>, C4<0>, C4<0>, C4<0>;
v00000000027d8eb0_0 .net/2u *"_s124", 31 0, L_0000000002c90790;  1 drivers
v00000000027d8ff0_0 .net *"_s126", 0 0, L_000000000285a9a0;  1 drivers
L_0000000002c907d8 .functor BUFT 1, C4<00000000000000000000000000000000>, C4<0>, C4<0>, C4<0>;
v00000000027d9450_0 .net/2u *"_s128", 31 0, L_0000000002c907d8;  1 drivers
v00000000027d91d0_0 .net *"_s130", 31 0, L_000000000285c200;  1 drivers
v00000000027d8a50_0 .net *"_s132", 31 0, L_000000000285c840;  1 drivers
v00000000027d8c30_0 .net *"_s134", 31 0, L_000000000285aa40;  1 drivers
v00000000027d9090_0 .net *"_s136", 31 0, L_000000000285c700;  1 drivers
v00000000027d9130_0 .net *"_s138", 31 0, L_000000000285b300;  1 drivers
v00000000027d9310_0 .net *"_s14", 0 0, L_000000000285c480;  1 drivers
v0000000002847d70_0 .net *"_s140", 31 0, L_000000000285b120;  1 drivers
v0000000002848770_0 .net *"_s142", 31 0, L_000000000285acc0;  1 drivers
v0000000002846e70_0 .net *"_s144", 31 0, L_000000000285bda0;  1 drivers
v0000000002846970_0 .net *"_s146", 31 0, L_000000000285b620;  1 drivers
v0000000002847c30_0 .net *"_s148", 31 0, L_000000000285b8a0;  1 drivers
v0000000002846b50_0 .net *"_s150", 31 0, L_000000000285c0c0;  1 drivers
v0000000002847910_0 .net *"_s152", 31 0, L_000000000285b9e0;  1 drivers
v0000000002846f10_0 .net *"_s154", 31 0, L_000000000285be40;  1 drivers
v0000000002847230_0 .net *"_s156", 31 0, L_000000000285bee0;  1 drivers
v0000000002846dd0_0 .net *"_s158", 31 0, L_000000000285c7a0;  1 drivers
L_0000000002c908b0 .functor BUFT 1, C4<00000000000000000000000000000000>, C4<0>, C4<0>, C4<0>;
v0000000002847050_0 .net *"_s16", 31 0, L_0000000002c908b0;  1 drivers
L_0000000002c903e8 .functor BUFT 1, C4<00000000000000000000000000000010>, C4<0>, C4<0>, C4<0>;
v00000000028475f0_0 .net/2u *"_s20", 31 0, L_0000000002c903e8;  1 drivers
v0000000002846fb0_0 .net *"_s22", 0 0, L_000000000285bb20;  1 drivers
L_0000000002c908f8 .functor BUFT 1, C4<00000000000000000000000000000000>, C4<0>, C4<0>, C4<0>;
v0000000002846ab0_0 .net *"_s24", 31 0, L_0000000002c908f8;  1 drivers
L_0000000002c90430 .functor BUFT 1, C4<00000000000000000000000000000011>, C4<0>, C4<0>, C4<0>;
v0000000002847690_0 .net/2u *"_s28", 31 0, L_0000000002c90430;  1 drivers
v0000000002847e10_0 .net *"_s30", 0 0, L_000000000285b3a0;  1 drivers
L_0000000002c90940 .functor BUFT 1, C4<00000000000000000000000000000000>, C4<0>, C4<0>, C4<0>;
v0000000002847550_0 .net *"_s32", 31 0, L_0000000002c90940;  1 drivers
L_0000000002c90478 .functor BUFT 1, C4<00000000000000000000000000000100>, C4<0>, C4<0>, C4<0>;
v00000000028479b0_0 .net/2u *"_s36", 31 0, L_0000000002c90478;  1 drivers
v0000000002847410_0 .net *"_s38", 0 0, L_000000000285c660;  1 drivers
L_0000000002c90358 .functor BUFT 1, C4<00000000000000000000000000000000>, C4<0>, C4<0>, C4<0>;
v00000000028470f0_0 .net/2u *"_s4", 31 0, L_0000000002c90358;  1 drivers
L_0000000002c90988 .functor BUFT 1, C4<00000000000000000000000000000000>, C4<0>, C4<0>, C4<0>;
v0000000002847b90_0 .net *"_s40", 31 0, L_0000000002c90988;  1 drivers
L_0000000002c904c0 .functor BUFT 1, C4<00000000000000000000000000000101>, C4<0>, C4<0>, C4<0>;
v0000000002846d30_0 .net/2u *"_s44", 31 0, L_0000000002c904c0;  1 drivers
v0000000002846bf0_0 .net *"_s46", 0 0, L_000000000285ac20;  1 drivers
L_0000000002c909d0 .functor BUFT 1, C4<00000000000000000000000000000000>, C4<0>, C4<0>, C4<0>;
v0000000002847870_0 .net *"_s48", 31 0, L_0000000002c909d0;  1 drivers
L_0000000002c90508 .functor BUFT 1, C4<00000000000000000000000000000110>, C4<0>, C4<0>, C4<0>;
v0000000002848590_0 .net/2u *"_s52", 31 0, L_0000000002c90508;  1 drivers
v0000000002847a50_0 .net *"_s54", 0 0, L_000000000285c020;  1 drivers
L_0000000002c90a18 .functor BUFT 1, C4<00000000000000000000000000000000>, C4<0>, C4<0>, C4<0>;
v0000000002847af0_0 .net *"_s56", 31 0, L_0000000002c90a18;  1 drivers
v0000000002847cd0_0 .net *"_s6", 0 0, L_000000000285bc60;  1 drivers
L_0000000002c90550 .functor BUFT 1, C4<00000000000000000000000000000111>, C4<0>, C4<0>, C4<0>;
v0000000002847eb0_0 .net/2u *"_s60", 31 0, L_0000000002c90550;  1 drivers
v0000000002847f50_0 .net *"_s62", 0 0, L_000000000285c3e0;  1 drivers
L_0000000002c90a60 .functor BUFT 1, C4<00000000000000000000000000000000>, C4<0>, C4<0>, C4<0>;
v0000000002847190_0 .net *"_s64", 31 0, L_0000000002c90a60;  1 drivers
L_0000000002c90598 .functor BUFT 1, C4<00000000000000000000000000001000>, C4<0>, C4<0>, C4<0>;
v00000000028472d0_0 .net/2u *"_s68", 31 0, L_0000000002c90598;  1 drivers
v0000000002847ff0_0 .net *"_s70", 0 0, L_000000000285ae00;  1 drivers
L_0000000002c90aa8 .functor BUFT 1, C4<00000000000000000000000000000000>, C4<0>, C4<0>, C4<0>;
v00000000028483b0_0 .net *"_s72", 31 0, L_0000000002c90aa8;  1 drivers
L_0000000002c905e0 .functor BUFT 1, C4<00000000000000000000000000001001>, C4<0>, C4<0>, C4<0>;
v0000000002848090_0 .net/2u *"_s76", 31 0, L_0000000002c905e0;  1 drivers
v0000000002847370_0 .net *"_s78", 0 0, L_000000000285b260;  1 drivers
L_0000000002c90868 .functor BUFT 1, C4<00000000000000000000000000000000>, C4<0>, C4<0>, C4<0>;
v0000000002846c90_0 .net *"_s8", 31 0, L_0000000002c90868;  1 drivers
L_0000000002c90af0 .functor BUFT 1, C4<00000000000000000000000000000000>, C4<0>, C4<0>, C4<0>;
v0000000002847730_0 .net *"_s80", 31 0, L_0000000002c90af0;  1 drivers
L_0000000002c90628 .functor BUFT 1, C4<00000000000000000000000000001010>, C4<0>, C4<0>, C4<0>;
v00000000028477d0_0 .net/2u *"_s84", 31 0, L_0000000002c90628;  1 drivers
v0000000002846a10_0 .net *"_s86", 0 0, L_000000000285afe0;  1 drivers
L_0000000002c90b38 .functor BUFT 1, C4<00000000000000000000000000000000>, C4<0>, C4<0>, C4<0>;
v0000000002848630_0 .net *"_s88", 31 0, L_0000000002c90b38;  1 drivers
L_0000000002c90670 .functor BUFT 1, C4<00000000000000000000000000001011>, C4<0>, C4<0>, C4<0>;
v0000000002848450_0 .net/2u *"_s92", 31 0, L_0000000002c90670;  1 drivers
v00000000028484f0_0 .net *"_s94", 0 0, L_000000000285b940;  1 drivers
L_0000000002c90b80 .functor BUFT 1, C4<00000000000000000000000000000000>, C4<0>, C4<0>, C4<0>;
v00000000028474b0_0 .net *"_s96", 31 0, L_0000000002c90b80;  1 drivers
v0000000002848130_0 .net "clk", 0 0, v000000000284a780_0;  alias, 1 drivers
v00000000028481d0_0 .net "rdAddrA", 3 0, L_0000000002c900d0;  alias, 1 drivers
v0000000002848270_0 .net "rdDataA", 31 0, L_000000000285b4e0;  alias, 1 drivers
v0000000002848310_0 .var "reg0", 31 0;
v00000000028486d0_0 .var "reg1", 31 0;
v0000000002848810_0 .var "reg10", 31 0;
v000000000284a500_0 .var "reg11", 31 0;
v0000000002848de0_0 .var "reg12", 31 0;
v000000000284a280_0 .var "reg13", 31 0;
v0000000002849240_0 .var "reg14", 31 0;
v0000000002849ec0_0 .var "reg15", 31 0;
v0000000002848fc0_0 .var "reg2", 31 0;
v0000000002849c40_0 .var "reg3", 31 0;
v0000000002849920_0 .var "reg4", 31 0;
v0000000002848b60_0 .var "reg5", 31 0;
v0000000002848e80_0 .var "reg6", 31 0;
v0000000002849f60_0 .var "reg7", 31 0;
v0000000002849060_0 .var "reg8", 31 0;
v00000000028494c0_0 .var "reg9", 31 0;
v00000000028496a0_0 .net "wrAddr", 3 0, v00000000027e79e0_0;  alias, 1 drivers
v000000000284a1e0_0 .net "wrData", 31 0, L_0000000002c90088;  alias, 1 drivers
v0000000002848980_0 .net "write", 0 0, L_000000000285ba80;  alias, 1 drivers
L_000000000285bc60 .cmp/eq 32, L_0000000002c90820, L_0000000002c90358;
L_000000000285c480 .cmp/eq 32, L_0000000002c90868, L_0000000002c903a0;
L_000000000285bb20 .cmp/eq 32, L_0000000002c908b0, L_0000000002c903e8;
L_000000000285b3a0 .cmp/eq 32, L_0000000002c908f8, L_0000000002c90430;
L_000000000285c660 .cmp/eq 32, L_0000000002c90940, L_0000000002c90478;
L_000000000285ac20 .cmp/eq 32, L_0000000002c90988, L_0000000002c904c0;
L_000000000285c020 .cmp/eq 32, L_0000000002c909d0, L_0000000002c90508;
L_000000000285c3e0 .cmp/eq 32, L_0000000002c90a18, L_0000000002c90550;
L_000000000285ae00 .cmp/eq 32, L_0000000002c90a60, L_0000000002c90598;
L_000000000285b260 .cmp/eq 32, L_0000000002c90aa8, L_0000000002c905e0;
L_000000000285afe0 .cmp/eq 32, L_0000000002c90af0, L_0000000002c90628;
L_000000000285b940 .cmp/eq 32, L_0000000002c90b38, L_0000000002c90670;
L_000000000285aea0 .cmp/eq 32, L_0000000002c90b80, L_0000000002c906b8;
L_000000000285b080 .cmp/eq 32, L_0000000002c90bc8, L_0000000002c90700;
L_000000000285b6c0 .cmp/eq 32, L_0000000002c90c10, L_0000000002c90748;
L_000000000285a9a0 .cmp/eq 32, L_0000000002c90c58, L_0000000002c90790;
L_000000000285c200 .functor MUXZ 32, L_0000000002c907d8, v0000000002849ec0_0, L_000000000285a9a0, C4<>;
L_000000000285c840 .functor MUXZ 32, L_000000000285c200, v0000000002849240_0, L_000000000285b6c0, C4<>;
L_000000000285aa40 .functor MUXZ 32, L_000000000285c840, v000000000284a280_0, L_000000000285b080, C4<>;
L_000000000285c700 .functor MUXZ 32, L_000000000285aa40, v0000000002848de0_0, L_000000000285aea0, C4<>;
L_000000000285b300 .functor MUXZ 32, L_000000000285c700, v000000000284a500_0, L_000000000285b940, C4<>;
L_000000000285b120 .functor MUXZ 32, L_000000000285b300, v0000000002848810_0, L_000000000285afe0, C4<>;
L_000000000285acc0 .functor MUXZ 32, L_000000000285b120, v00000000028494c0_0, L_000000000285b260, C4<>;
L_000000000285bda0 .functor MUXZ 32, L_000000000285acc0, v0000000002849060_0, L_000000000285ae00, C4<>;
L_000000000285b620 .functor MUXZ 32, L_000000000285bda0, v0000000002849f60_0, L_000000000285c3e0, C4<>;
L_000000000285b8a0 .functor MUXZ 32, L_000000000285b620, v0000000002848e80_0, L_000000000285c020, C4<>;
L_000000000285c0c0 .functor MUXZ 32, L_000000000285b8a0, v0000000002848b60_0, L_000000000285ac20, C4<>;
L_000000000285b9e0 .functor MUXZ 32, L_000000000285c0c0, v0000000002849920_0, L_000000000285c660, C4<>;
L_000000000285be40 .functor MUXZ 32, L_000000000285b9e0, v0000000002849c40_0, L_000000000285b3a0, C4<>;
L_000000000285bee0 .functor MUXZ 32, L_000000000285be40, v0000000002848fc0_0, L_000000000285bb20, C4<>;
L_000000000285c7a0 .functor MUXZ 32, L_000000000285bee0, v00000000028486d0_0, L_000000000285c480, C4<>;
L_000000000285b4e0 .functor MUXZ 32, L_000000000285c7a0, v0000000002848310_0, L_000000000285bc60, C4<>;
    .scope S_00000000027c8db0;
T_0 ;
    %wait E_00000000027f2550;
    %load/vec4 v00000000027e8ac0_0;
    %flag_set/vec4 8;
    %jmp/0xz  T_0.0, 8;
    %load/vec4 v00000000027e79e0_0;
    %addi 1, 0, 4;
    %assign/vec4 v00000000027e79e0_0, 0;
    %jmp T_0.1;
T_0.0 ;
    %load/vec4 v00000000027e7da0_0;
    %flag_set/vec4 8;
    %jmp/0xz  T_0.2, 8;
    %pushi/vec4 0, 0, 4;
    %assign/vec4 v00000000027e79e0_0, 0;
T_0.2 ;
T_0.1 ;
    %jmp T_0;
    .thread T_0;
    .scope S_00000000027c8f30;
T_1 ;
    %wait E_00000000027f2550;
    %load/vec4 v0000000002848980_0;
    %flag_set/vec4 8;
    %jmp/0xz  T_1.0, 8;
    %load/vec4 v00000000028496a0_0;
    %dup/vec4;
    %pushi/vec4 0, 0, 4;
    %cmp/u;
    %jmp/1 T_1.2, 6;
    %dup/vec4;
    %pushi/vec4 1, 0, 4;
    %cmp/u;
    %jmp/1 T_1.3, 6;
    %dup/vec4;
    %pushi/vec4 2, 0, 4;
    %cmp/u;
    %jmp/1 T_1.4, 6;
    %dup/vec4;
    %pushi/vec4 3, 0, 4;
    %cmp/u;
    %jmp/1 T_1.5, 6;
    %dup/vec4;
    %pushi/vec4 4, 0, 4;
    %cmp/u;
    %jmp/1 T_1.6, 6;
    %dup/vec4;
    %pushi/vec4 5, 0, 4;
    %cmp/u;
    %jmp/1 T_1.7, 6;
    %dup/vec4;
    %pushi/vec4 6, 0, 4;
    %cmp/u;
    %jmp/1 T_1.8, 6;
    %dup/vec4;
    %pushi/vec4 7, 0, 4;
    %cmp/u;
    %jmp/1 T_1.9, 6;
    %dup/vec4;
    %pushi/vec4 8, 0, 4;
    %cmp/u;
    %jmp/1 T_1.10, 6;
    %dup/vec4;
    %pushi/vec4 9, 0, 4;
    %cmp/u;
    %jmp/1 T_1.11, 6;
    %dup/vec4;
    %pushi/vec4 10, 0, 4;
    %cmp/u;
    %jmp/1 T_1.12, 6;
    %dup/vec4;
    %pushi/vec4 11, 0, 4;
    %cmp/u;
    %jmp/1 T_1.13, 6;
    %dup/vec4;
    %pushi/vec4 12, 0, 4;
    %cmp/u;
    %jmp/1 T_1.14, 6;
    %dup/vec4;
    %pushi/vec4 13, 0, 4;
    %cmp/u;
    %jmp/1 T_1.15, 6;
    %dup/vec4;
    %pushi/vec4 14, 0, 4;
    %cmp/u;
    %jmp/1 T_1.16, 6;
    %dup/vec4;
    %pushi/vec4 15, 0, 4;
    %cmp/u;
    %jmp/1 T_1.17, 6;
    %jmp T_1.18;
T_1.2 ;
    %load/vec4 v000000000284a1e0_0;
    %assign/vec4 v0000000002848310_0, 0;
    %jmp T_1.18;
T_1.3 ;
    %load/vec4 v000000000284a1e0_0;
    %assign/vec4 v00000000028486d0_0, 0;
    %jmp T_1.18;
T_1.4 ;
    %load/vec4 v000000000284a1e0_0;
    %assign/vec4 v0000000002848fc0_0, 0;
    %jmp T_1.18;
T_1.5 ;
    %load/vec4 v000000000284a1e0_0;
    %assign/vec4 v0000000002849c40_0, 0;
    %jmp T_1.18;
T_1.6 ;
    %load/vec4 v000000000284a1e0_0;
    %assign/vec4 v0000000002849920_0, 0;
    %jmp T_1.18;
T_1.7 ;
    %load/vec4 v000000000284a1e0_0;
    %assign/vec4 v0000000002848b60_0, 0;
    %jmp T_1.18;
T_1.8 ;
    %load/vec4 v000000000284a1e0_0;
    %assign/vec4 v0000000002848e80_0, 0;
    %jmp T_1.18;
T_1.9 ;
    %load/vec4 v000000000284a1e0_0;
    %assign/vec4 v0000000002849f60_0, 0;
    %jmp T_1.18;
T_1.10 ;
    %load/vec4 v000000000284a1e0_0;
    %assign/vec4 v0000000002849060_0, 0;
    %jmp T_1.18;
T_1.11 ;
    %load/vec4 v000000000284a1e0_0;
    %assign/vec4 v00000000028494c0_0, 0;
    %jmp T_1.18;
T_1.12 ;
    %load/vec4 v000000000284a1e0_0;
    %assign/vec4 v0000000002848810_0, 0;
    %jmp T_1.18;
T_1.13 ;
    %load/vec4 v000000000284a1e0_0;
    %assign/vec4 v000000000284a500_0, 0;
    %jmp T_1.18;
T_1.14 ;
    %load/vec4 v000000000284a1e0_0;
    %assign/vec4 v0000000002848de0_0, 0;
    %jmp T_1.18;
T_1.15 ;
    %load/vec4 v000000000284a1e0_0;
    %assign/vec4 v000000000284a280_0, 0;
    %jmp T_1.18;
T_1.16 ;
    %load/vec4 v000000000284a1e0_0;
    %assign/vec4 v0000000002849240_0, 0;
    %jmp T_1.18;
T_1.17 ;
    %load/vec4 v000000000284a1e0_0;
    %assign/vec4 v0000000002849ec0_0, 0;
    %jmp T_1.18;
T_1.18 ;
    %pop/vec4 1;
T_1.0 ;
    %jmp T_1;
    .thread T_1;
    .scope S_0000000002782ea0;
T_2 ;
    %wait E_00000000027f1dd0;
    %load/vec4 v00000000028499c0_0;
    %dup/vec4;
    %pushi/vec4 0, 0, 3;
    %cmp/u;
    %jmp/1 T_2.0, 6;
    %dup/vec4;
    %pushi/vec4 1, 0, 3;
    %cmp/u;
    %jmp/1 T_2.1, 6;
    %dup/vec4;
    %pushi/vec4 2, 0, 3;
    %cmp/u;
    %jmp/1 T_2.2, 6;
    %dup/vec4;
    %pushi/vec4 3, 0, 3;
    %cmp/u;
    %jmp/1 T_2.3, 6;
    %dup/vec4;
    %pushi/vec4 4, 0, 3;
    %cmp/u;
    %jmp/1 T_2.4, 6;
    %jmp T_2.5;
T_2.0 ;
    %pushi/vec4 1, 0, 3;
    %store/vec4 v000000000284a3c0_0, 0, 3;
    %jmp T_2.5;
T_2.1 ;
    %load/vec4 v0000000002849d80_0;
    %flag_set/vec4 8;
    %jmp/0xz  T_2.6, 8;
    %pushi/vec4 3, 0, 3;
    %store/vec4 v000000000284a3c0_0, 0, 3;
T_2.6 ;
    %jmp T_2.5;
T_2.2 ;
    %pushi/vec4 3, 0, 3;
    %store/vec4 v000000000284a3c0_0, 0, 3;
    %jmp T_2.5;
T_2.3 ;
    %load/vec4 v000000000284a000_0;
    %pad/u 32;
    %cmpi/e 16, 0, 32;
    %jmp/0xz  T_2.8, 4;
    %pushi/vec4 4, 0, 3;
    %store/vec4 v000000000284a3c0_0, 0, 3;
    %jmp T_2.9;
T_2.8 ;
    %pushi/vec4 2, 0, 3;
    %store/vec4 v000000000284a3c0_0, 0, 3;
T_2.9 ;
    %jmp T_2.5;
T_2.4 ;
    %pushi/vec4 4, 0, 3;
    %store/vec4 v000000000284a3c0_0, 0, 3;
    %jmp T_2.5;
T_2.5 ;
    %pop/vec4 1;
    %jmp T_2;
    .thread T_2, $push;
    .scope S_0000000002782ea0;
T_3 ;
    %wait E_00000000027f2550;
    %load/vec4 v0000000002848d40_0;
    %flag_set/vec4 8;
    %jmp/0xz  T_3.0, 8;
    %pushi/vec4 0, 0, 3;
    %assign/vec4 v00000000028499c0_0, 0;
    %jmp T_3.1;
T_3.0 ;
    %load/vec4 v000000000284a3c0_0;
    %assign/vec4 v00000000028499c0_0, 0;
T_3.1 ;
    %jmp T_3;
    .thread T_3;
    .scope S_0000000002782d20;
T_4 ;
    %pushi/vec4 0, 0, 1;
    %store/vec4 v000000000284a780_0, 0, 1;
    %pushi/vec4 1, 0, 1;
    %store/vec4 v0000000002848ac0_0, 0, 1;
    %pushi/vec4 0, 0, 1;
    %store/vec4 v0000000002848ca0_0, 0, 1;
    %delay 100, 0;
    %pushi/vec4 0, 0, 1;
    %store/vec4 v0000000002848ac0_0, 0, 1;
    %pushi/vec4 1, 0, 1;
    %store/vec4 v0000000002848ca0_0, 0, 1;
    %delay 100, 0;
    %pushi/vec4 0, 0, 1;
    %store/vec4 v0000000002848ca0_0, 0, 1;
    %end;
    .thread T_4;
    .scope S_0000000002782d20;
T_5 ;
T_5.0 ;
    %delay 5, 0;
    %load/vec4 v000000000284a780_0;
    %inv;
    %store/vec4 v000000000284a780_0, 0, 1;
    %jmp T_5.0;
    %end;
    .thread T_5;
# The file index is used to find the file name in the following table.
:file_names 6;
    "N/A";
    "<interactive>";
    "test.v";
    "top.v";
    "counter.v";
    "registerFile.v";
