INFO:sim:172 - Generating IP...
Resolving generics for 'Rom_B'...
Applying external generics to 'Rom_B'...
Delivering associated files for 'Rom_B'...
Delivering EJava files for 'Rom_B'...
Generating implementation netlist for 'Rom_B'...
INFO:sim - Pre-processing HDL files for 'Rom_B'...
Running synthesis for 'Rom_B'
Running ngcbuild...
Writing VEO instantiation template for 'Rom_B'...
Writing Verilog behavioral simulation model for 'Rom_B'...
WARNING:sim - Overwriting existing file
   D:/Verilog/SAD/ipcore_dir/tmp/_cg/Rom_B/doc/dist_mem_gen_v7_2_vinfo.html with
   file from view xilinx_documentation
Delivered 2 files into directory D:/Verilog/SAD/ipcore_dir/tmp/_cg/Rom_B
Generating ASY schematic symbol...
INFO:sim:949 - Finished generation of ASY schematic symbol.
Generating SYM schematic symbol for 'Rom_B'...
Generating metadata file...
Generating ISE project file for 'Rom_B'...
Generating ISE project...
XCO file found: Rom_B.xco
XMDF file found: Rom_B_xmdf.tcl
Adding D:/Verilog/SAD/ipcore_dir/tmp/_cg/Rom_B.asy -view all -origin_type
imported
Adding D:/Verilog/SAD/ipcore_dir/tmp/_cg/Rom_B.ngc -view all -origin_type
created
Checking file "D:/Verilog/SAD/ipcore_dir/tmp/_cg/Rom_B.ngc" for project device
match ...
File "D:/Verilog/SAD/ipcore_dir/tmp/_cg/Rom_B.ngc" device information matches
project device.
Adding D:/Verilog/SAD/ipcore_dir/tmp/_cg/Rom_B.sym -view all -origin_type
imported
Adding D:/Verilog/SAD/ipcore_dir/tmp/_cg/Rom_B.v -view all -origin_type created
INFO:HDLCompiler:1845 - Analyzing Verilog file
   "D:/Verilog/SAD/ipcore_dir/tmp/_cg/Rom_B.v" into library work
INFO:ProjectMgmt - Parsing design hierarchy completed successfully.
Adding D:/Verilog/SAD/ipcore_dir/tmp/_cg/Rom_B.veo -view all -origin_type
imported
INFO:TclTasksC:2116 - The automatic calculation of top has been turned-off.
   Please set the new top explicitly by running the "project set top" command.
   To re-calculate the new top automatically, set the "Auto Implementation Top"
   property to true.
Top level has been set to "/Rom_B"
Generating README file...
Generating FLIST file...
INFO:sim:948 - Finished FLIST file generation.
Launching README viewer...
Moving files to output directory...
Finished moving files to output directory
Wrote CGP file for project 'Rom_B'.
