Command line:
   Text_1_isim_beh.exe
     -simmode  gui
     -simrunnum  0
     -socket  50373

Thu Aug 17 22:11:48 2017


 Elaboration Time: 0.109375 sec

 Current Memory Usage: 684.589 Meg

 Total Signals          : 29
 Total Nets             : 58
 Total Signal Drivers   : 11
 Total Blocks           : 3
 Total Primitive Blocks : 2
 Total Processes        : 13
 Total Traceable Variables  : 21
 Total Scalar Nets and Variables : 147
Total Line Count : 30

 Total Simulation Time: 0.125 sec

 Current Memory Usage: 999.162 Meg

Thu Aug 17 22:12:26 2017

