Release 14.7 - xst P.20131013 (nt64)
Copyright (c) 1995-2013 Xilinx, Inc.  All rights reserved.
--> Parameter TMPDIR set to xst/projnav.tmp


Total REAL time to Xst completion: 0.00 secs
Total CPU time to Xst completion: 0.23 secs
 
--> Parameter xsthdpdir set to xst


Total REAL time to Xst completion: 0.00 secs
Total CPU time to Xst completion: 0.23 secs
 
--> Reading design: counter2.prj

TABLE OF CONTENTS
  1) Synthesis Options Summary
  2) HDL Compilation
  3) Design Hierarchy Analysis
  4) HDL Analysis
  5) HDL Synthesis
     5.1) HDL Synthesis Report
  6) Advanced HDL Synthesis
     6.1) Advanced HDL Synthesis Report
  7) Low Level Synthesis
  8) Partition Report
  9) Final Report
	9.1) Device utilization summary
	9.2) Partition Resource Summary
	9.3) TIMING REPORT


=========================================================================
*                      Synthesis Options Summary                        *
=========================================================================
---- Source Parameters
Input File Name                    : "counter2.prj"
Input Format                       : mixed
Ignore Synthesis Constraint File   : NO

---- Target Parameters
Output File Name                   : "counter2"
Output Format                      : NGC
Target Device                      : xc3s50-5-pq208

---- Source Options
Top Module Name                    : counter2
Automatic FSM Extraction           : YES
FSM Encoding Algorithm             : Auto
Safe Implementation                : No
FSM Style                          : LUT
RAM Extraction                     : Yes
RAM Style                          : Auto
ROM Extraction                     : Yes
Mux Style                          : Auto
Decoder Extraction                 : YES
Priority Encoder Extraction        : Yes
Shift Register Extraction          : YES
Logical Shifter Extraction         : YES
XOR Collapsing                     : YES
ROM Style                          : Auto
Mux Extraction                     : Yes
Resource Sharing                   : YES
Asynchronous To Synchronous        : NO
Multiplier Style                   : Auto
Automatic Register Balancing       : No

---- Target Options
Add IO Buffers                     : YES
Global Maximum Fanout              : 100000
Add Generic Clock Buffer(BUFG)     : 8
Register Duplication               : YES
Slice Packing                      : YES
Optimize Instantiated Primitives   : NO
Use Clock Enable                   : Yes
Use Synchronous Set                : Yes
Use Synchronous Reset              : Yes
Pack IO Registers into IOBs        : Auto
Equivalent register Removal        : YES

---- General Options
Optimization Goal                  : Speed
Optimization Effort                : 1
Keep Hierarchy                     : No
Netlist Hierarchy                  : As_Optimized
RTL Output                         : Yes
Global Optimization                : AllClockNets
Read Cores                         : YES
Write Timing Constraints           : NO
Cross Clock Analysis               : NO
Hierarchy Separator                : /
Bus Delimiter                      : <>
Case Specifier                     : Maintain
Slice Utilization Ratio            : 100
BRAM Utilization Ratio             : 100
Verilog 2001                       : YES
Auto BRAM Packing                  : NO
Slice Utilization Ratio Delta      : 5

=========================================================================


=========================================================================
*                          HDL Compilation                              *
=========================================================================
Compiling verilog file "counter2.v" in library work
Module <counter2> compiled
No errors in compilation
Analysis of file <"counter2.prj"> succeeded.
 

=========================================================================
*                     Design Hierarchy Analysis                         *
=========================================================================
Analyzing hierarchy for module <counter2> in library <work>.


=========================================================================
*                            HDL Analysis                               *
=========================================================================
Analyzing top module <counter2>.
Module <counter2> is correct for synthesis.
 

=========================================================================
*                           HDL Synthesis                               *
=========================================================================

Performing bidirectional port resolution...

Synthesizing Unit <counter2>.
    Related source file is "counter2.v".
    Found 8-bit updown counter for signal <count>.
    Summary:
	inferred   1 Counter(s).
Unit <counter2> synthesized.


=========================================================================
HDL Synthesis Report

Macro Statistics
# Counters                                             : 1
 8-bit updown counter                                  : 1

=========================================================================

=========================================================================
*                       Advanced HDL Synthesis                          *
=========================================================================


=========================================================================
Advanced HDL Synthesis Report

Macro Statistics
# Counters                                             : 1
 8-bit updown counter                                  : 1

=========================================================================

=========================================================================
*                         Low Level Synthesis                           *
=========================================================================

Optimizing unit <counter2> ...

Mapping all equations...
Building and optimizing final netlist ...
Found area constraint ratio of 100 (+ 5) on block counter2, actual ratio is 0.

Final Macro Processing ...

=========================================================================
Final Register Report

Macro Statistics
# Registers                                            : 8
 Flip-Flops                                            : 8

=========================================================================

=========================================================================
*                           Partition Report                            *
=========================================================================

Partition Implementation Status
-------------------------------

  No Partitions were found in this design.

-------------------------------

=========================================================================
*                            Final Report                               *
=========================================================================
Final Results
RTL Top Level Output File Name     : counter2.ngr
Top Level Output File Name         : counter2
Output Format                      : NGC
Optimization Goal                  : Speed
Keep Hierarchy                     : No

Design Statistics
# IOs                              : 11

Cell Usage :
# BELS                             : 24
#      INV                         : 1
#      LUT2                        : 8
#      MUXCY                       : 7
#      XORCY                       : 8
# FlipFlops/Latches                : 8
#      FDR                         : 8
# Clock Buffers                    : 1
#      BUFGP                       : 1
# IO Buffers                       : 10
#      IBUF                        : 2
#      OBUF                        : 8
=========================================================================

Device utilization summary:
---------------------------

Selected Device : 3s50pq208-5 

 Number of Slices:                        4  out of    768     0%  
 Number of Slice Flip Flops:              8  out of   1536     0%  
 Number of 4 input LUTs:                  9  out of   1536     0%  
 Number of IOs:                          11
 Number of bonded IOBs:                  11  out of    124     8%  
 Number of GCLKs:                         1  out of      8    12%  

---------------------------
Partition Resource Summary:
---------------------------

  No Partitions were found in this design.

---------------------------


=========================================================================
TIMING REPORT

NOTE: THESE TIMING NUMBERS ARE ONLY A SYNTHESIS ESTIMATE.
      FOR ACCURATE TIMING INFORMATION PLEASE REFER TO THE TRACE REPORT
      GENERATED AFTER PLACE-and-ROUTE.

Clock Information:
------------------
-----------------------------------+------------------------+-------+
Clock Signal                       | Clock buffer(FF name)  | Load  |
-----------------------------------+------------------------+-------+
clk                                | BUFGP                  | 8     |
-----------------------------------+------------------------+-------+

Asynchronous Control Signals Information:
----------------------------------------
No asynchronous control signals found in this design

Timing Summary:
---------------
Speed Grade: -5

   Minimum period: 3.750ns (Maximum Frequency: 266.635MHz)
   Minimum input arrival time before clock: 5.364ns
   Maximum output required time after clock: 6.280ns
   Maximum combinational path delay: No path found

Timing Detail:
--------------
All values displayed in nanoseconds (ns)

=========================================================================
Timing constraint: Default period analysis for Clock 'clk'
  Clock period: 3.750ns (frequency: 266.635MHz)
  Total number of paths / destination ports: 64 / 8
-------------------------------------------------------------------------
Delay:               3.750ns (Levels of Logic = 9)
  Source:            count_0 (FF)
  Destination:       count_7 (FF)
  Source Clock:      clk rising
  Destination Clock: clk rising

  Data Path: count_0 to count_7
                                Gate     Net
    Cell:in->out      fanout   Delay   Delay  Logical Name (Net Name)
    ----------------------------------------  ------------
     FDR:C->Q              2   0.626   0.915  count_0 (count_0)
     LUT2:I1->O            1   0.479   0.000  Mcount_count_lut<0> (Mcount_count_lut<0>)
     MUXCY:S->O            1   0.435   0.000  Mcount_count_cy<0> (Mcount_count_cy<0>)
     MUXCY:CI->O           1   0.056   0.000  Mcount_count_cy<1> (Mcount_count_cy<1>)
     MUXCY:CI->O           1   0.056   0.000  Mcount_count_cy<2> (Mcount_count_cy<2>)
     MUXCY:CI->O           1   0.056   0.000  Mcount_count_cy<3> (Mcount_count_cy<3>)
     MUXCY:CI->O           1   0.056   0.000  Mcount_count_cy<4> (Mcount_count_cy<4>)
     MUXCY:CI->O           1   0.056   0.000  Mcount_count_cy<5> (Mcount_count_cy<5>)
     MUXCY:CI->O           0   0.056   0.000  Mcount_count_cy<6> (Mcount_count_cy<6>)
     XORCY:CI->O           1   0.786   0.000  Mcount_count_xor<7> (Result<7>)
     FDR:D                     0.176          count_7
    ----------------------------------------
    Total                      3.750ns (2.835ns logic, 0.915ns route)
                                       (75.6% logic, 24.4% route)

=========================================================================
Timing constraint: Default OFFSET IN BEFORE for Clock 'clk'
  Total number of paths / destination ports: 52 / 16
-------------------------------------------------------------------------
Offset:              5.364ns (Levels of Logic = 11)
  Source:            up_down (PAD)
  Destination:       count_7 (FF)
  Destination Clock: clk rising

  Data Path: up_down to count_7
                                Gate     Net
    Cell:in->out      fanout   Delay   Delay  Logical Name (Net Name)
    ----------------------------------------  ------------
     IBUF:I->O             2   0.715   0.745  up_down_IBUF (up_down_IBUF)
     INV:I->O              8   0.479   1.216  up_down_inv2_INV_0 (up_down_inv)
     LUT2:I0->O            1   0.479   0.000  Mcount_count_lut<0> (Mcount_count_lut<0>)
     MUXCY:S->O            1   0.435   0.000  Mcount_count_cy<0> (Mcount_count_cy<0>)
     MUXCY:CI->O           1   0.056   0.000  Mcount_count_cy<1> (Mcount_count_cy<1>)
     MUXCY:CI->O           1   0.056   0.000  Mcount_count_cy<2> (Mcount_count_cy<2>)
     MUXCY:CI->O           1   0.056   0.000  Mcount_count_cy<3> (Mcount_count_cy<3>)
     MUXCY:CI->O           1   0.056   0.000  Mcount_count_cy<4> (Mcount_count_cy<4>)
     MUXCY:CI->O           1   0.056   0.000  Mcount_count_cy<5> (Mcount_count_cy<5>)
     MUXCY:CI->O           0   0.056   0.000  Mcount_count_cy<6> (Mcount_count_cy<6>)
     XORCY:CI->O           1   0.786   0.000  Mcount_count_xor<7> (Result<7>)
     FDR:D                     0.176          count_7
    ----------------------------------------
    Total                      5.364ns (3.403ns logic, 1.961ns route)
                                       (63.4% logic, 36.6% route)

=========================================================================
Timing constraint: Default OFFSET OUT AFTER for Clock 'clk'
  Total number of paths / destination ports: 8 / 8
-------------------------------------------------------------------------
Offset:              6.280ns (Levels of Logic = 1)
  Source:            count_7 (FF)
  Destination:       count<7> (PAD)
  Source Clock:      clk rising

  Data Path: count_7 to count<7>
                                Gate     Net
    Cell:in->out      fanout   Delay   Delay  Logical Name (Net Name)
    ----------------------------------------  ------------
     FDR:C->Q              2   0.626   0.745  count_7 (count_7)
     OBUF:I->O                 4.909          count_7_OBUF (count<7>)
    ----------------------------------------
    Total                      6.280ns (5.535ns logic, 0.745ns route)
                                       (88.1% logic, 11.9% route)

=========================================================================


Total REAL time to Xst completion: 10.00 secs
Total CPU time to Xst completion: 10.11 secs
 
--> 

Total memory usage is 288708 kilobytes

Number of errors   :    0 (   0 filtered)
Number of warnings :    0 (   0 filtered)
Number of infos    :    0 (   0 filtered)

