Command line:
   tes_alu_multi_isim_beh.exe
     -simmode  gui
     -simrunnum  0
     -socket  49829

Fri Sep 01 07:13:15 2017


 Elaboration Time: 0.171875 sec

 Current Memory Usage: 684.134 Meg

 Total Signals          : 111
 Total Nets             : 457
 Total Signal Drivers   : 75
 Total Blocks           : 18
 Total Primitive Blocks : 12
 Total Processes        : 120
 Total Traceable Variables  : 95
 Total Scalar Nets and Variables : 993
Total Line Count : 639

 Total Simulation Time: 0.34375 sec

 Current Memory Usage: 684.134 Meg

Fri Sep 01 07:14:46 2017

