Release 14.7 - xst P.20131013 (nt64)
Copyright (c) 1995-2013 Xilinx, Inc.  All rights reserved.
--> Parameter TMPDIR set to xst/projnav.tmp


Total REAL time to Xst completion: 0.00 secs
Total CPU time to Xst completion: 0.23 secs
 
--> Parameter xsthdpdir set to xst


Total REAL time to Xst completion: 0.00 secs
Total CPU time to Xst completion: 0.23 secs
 
--> Reading design: Exercise_2.prj

TABLE OF CONTENTS
  1) Synthesis Options Summary
  2) HDL Parsing
  3) HDL Elaboration
  4) HDL Synthesis
       4.1) HDL Synthesis Report
  5) Advanced HDL Synthesis
       5.1) Advanced HDL Synthesis Report
  6) Low Level Synthesis
  7) Partition Report
  8) Design Summary
       8.1) Primitive and Black Box Usage
       8.2) Device utilization summary
       8.3) Partition Resource Summary
       8.4) Timing Report
            8.4.1) Clock Information
            8.4.2) Asynchronous Control Signals Information
            8.4.3) Timing Summary
            8.4.4) Timing Details
            8.4.5) Cross Clock Domains Report


=========================================================================
*                      Synthesis Options Summary                        *
=========================================================================
---- Source Parameters
Input File Name                    : "Exercise_2.prj"
Ignore Synthesis Constraint File   : NO

---- Target Parameters
Output File Name                   : "Exercise_2"
Output Format                      : NGC
Target Device                      : xa7a100t-2I-csg324

---- Source Options
Top Module Name                    : Exercise_2
Automatic FSM Extraction           : YES
FSM Encoding Algorithm             : Auto
Safe Implementation                : No
FSM Style                          : LUT
RAM Extraction                     : Yes
RAM Style                          : Auto
ROM Extraction                     : Yes
Shift Register Extraction          : YES
ROM Style                          : Auto
Resource Sharing                   : YES
Asynchronous To Synchronous        : NO
Shift Register Minimum Size        : 2
Use DSP Block                      : Auto
Automatic Register Balancing       : No

---- Target Options
LUT Combining                      : Auto
Reduce Control Sets                : Auto
Add IO Buffers                     : YES
Global Maximum Fanout              : 100000
Add Generic Clock Buffer(BUFG)     : 32
Register Duplication               : YES
Optimize Instantiated Primitives   : NO
Use Clock Enable                   : Auto
Use Synchronous Set                : Auto
Use Synchronous Reset              : Auto
Pack IO Registers into IOBs        : Auto
Equivalent register Removal        : YES

---- General Options
Optimization Goal                  : Speed
Optimization Effort                : 1
Power Reduction                    : NO
Keep Hierarchy                     : No
Netlist Hierarchy                  : As_Optimized
RTL Output                         : Yes
Global Optimization                : AllClockNets
Read Cores                         : YES
Write Timing Constraints           : NO
Cross Clock Analysis               : NO
Hierarchy Separator                : /
Bus Delimiter                      : <>
Case Specifier                     : Maintain
Slice Utilization Ratio            : 100
BRAM Utilization Ratio             : 100
DSP48 Utilization Ratio            : 100
Auto BRAM Packing                  : NO
Slice Utilization Ratio Delta      : 5

=========================================================================


=========================================================================
*                          HDL Parsing                                  *
=========================================================================
Analyzing Verilog file "D:\Verilog\Lab2_exercise_4\Exercise_2.v" into library work
Parsing module <Exercise_2>.

=========================================================================
*                            HDL Elaboration                            *
=========================================================================

Elaborating module <Exercise_2>.

=========================================================================
*                           HDL Synthesis                               *
=========================================================================

Synthesizing Unit <Exercise_2>.
    Related source file is "D:\Verilog\Lab2_exercise_4\Exercise_2.v".
    Found 5-bit adder for signal <n0256> created at line 36.
    Found 5-bit adder for signal <LED_R> created at line 36.
    Found 1-bit adder for signal <n0262> created at line 39.
    Found 1-bit adder for signal <n0265> created at line 39.
    Found 1-bit adder for signal <LED_9> created at line 39.
    Found 1-bit adder for signal <n0271> created at line 42.
    Found 1-bit adder for signal <HEX_5<0>> created at line 42.
    Found 1-bit adder for signal <n0277> created at line 43.
    Found 1-bit adder for signal <n0280> created at line 43.
    Found 1-bit adder for signal <HEX_5<1>> created at line 43.
    Found 1-bit adder for signal <n0286> created at line 44.
    Found 1-bit adder for signal <HEX_5<2>> created at line 44.
    Found 1-bit adder for signal <n0292> created at line 45.
    Found 1-bit adder for signal <n0295> created at line 45.
    Found 1-bit adder for signal <HEX_5<3>> created at line 45.
    Found 1-bit adder for signal <HEX_5<4>> created at line 46.
    Found 1-bit adder for signal <HEX_5<5>> created at line 47.
    Found 1-bit adder for signal <n0301> created at line 48.
    Found 1-bit adder for signal <n0310> created at line 48.
    Found 1-bit adder for signal <HEX_5<6>> created at line 48.
    Found 1-bit adder for signal <n0316> created at line 51.
    Found 1-bit adder for signal <HEX_3<0>> created at line 51.
    Found 1-bit adder for signal <n0322> created at line 52.
    Found 1-bit adder for signal <n0325> created at line 52.
    Found 1-bit adder for signal <HEX_3<1>> created at line 52.
    Found 1-bit adder for signal <n0331> created at line 53.
    Found 1-bit adder for signal <HEX_3<2>> created at line 53.
    Found 1-bit adder for signal <n0337> created at line 54.
    Found 1-bit adder for signal <n0340> created at line 54.
    Found 1-bit adder for signal <HEX_3<3>> created at line 54.
    Found 1-bit adder for signal <HEX_3<4>> created at line 55.
    Found 1-bit adder for signal <HEX_3<5>> created at line 56.
    Found 1-bit adder for signal <n0346> created at line 57.
    Found 1-bit adder for signal <n0355> created at line 57.
    Found 1-bit adder for signal <HEX_3<6>> created at line 57.
    Found 1-bit adder for signal <n0361> created at line 62.
    Found 1-bit adder for signal <HEX_1<2>> created at line 62.
    Found 1-bit adder for signal <HEX_1<5>> created at line 65.
    Found 1-bit adder for signal <n0370> created at line 69.
    Found 1-bit adder for signal <n0373> created at line 69.
    Found 1-bit adder for signal <n0376> created at line 69.
    Found 1-bit adder for signal <HEX_0<0>> created at line 69.
    Found 1-bit adder for signal <n0382> created at line 70.
    Found 1-bit adder for signal <n0385> created at line 70.
    Found 1-bit adder for signal <n0388> created at line 70.
    Found 1-bit adder for signal <n0391> created at line 70.
    Found 1-bit adder for signal <n0394> created at line 70.
    Found 1-bit adder for signal <HEX_0<1>> created at line 70.
    Found 1-bit adder for signal <n0400> created at line 71.
    Found 1-bit adder for signal <n0403> created at line 71.
    Found 1-bit adder for signal <n0406> created at line 71.
    Found 1-bit adder for signal <n0409> created at line 71.
    Found 1-bit adder for signal <HEX_0<2>> created at line 71.
    Found 1-bit adder for signal <n0415> created at line 72.
    Found 1-bit adder for signal <n0418> created at line 72.
    Found 1-bit adder for signal <n0421> created at line 72.
    Found 1-bit adder for signal <n0424> created at line 72.
    Found 1-bit adder for signal <HEX_0<3>> created at line 72.
    Found 1-bit adder for signal <n0367> created at line 73.
    Found 1-bit adder for signal <n0433> created at line 73.
    Found 1-bit adder for signal <HEX_0<4>> created at line 73.
    Found 1-bit adder for signal <n0439> created at line 74.
    Found 1-bit adder for signal <n0442> created at line 74.
    Found 1-bit adder for signal <n0445> created at line 74.
    Found 1-bit adder for signal <n0448> created at line 74.
    Found 1-bit adder for signal <n0451> created at line 74.
    Found 1-bit adder for signal <HEX_0<5>> created at line 74.
    Found 1-bit adder for signal <n0457> created at line 75.
    Found 1-bit adder for signal <n0460> created at line 75.
    Found 1-bit adder for signal <n0463> created at line 75.
    Found 1-bit adder for signal <n0466> created at line 75.
    Found 1-bit adder for signal <HEX_0<6>> created at line 75.
    Summary:
	inferred  72 Adder/Subtractor(s).
Unit <Exercise_2> synthesized.

=========================================================================
HDL Synthesis Report

Macro Statistics
# Adders/Subtractors                                   : 72
 1-bit adder                                           : 70
 5-bit adder                                           : 2

=========================================================================

=========================================================================
*                       Advanced HDL Synthesis                          *
=========================================================================

WARNING:Xst - The specified part-type was not generated at build time. XST is loading the full part-type and will therefore consume more CPU and memory.
Loading device for application Rf_Device from file '7a100t.nph' in environment C:\Xilinx\14.7\ISE_DS\ISE\.
Loading device for application Rf_Device from file '7a100t.nph' in environment C:\Xilinx\14.7\ISE_DS\ISE\.

=========================================================================
Advanced HDL Synthesis Report

Macro Statistics
# Adders/Subtractors                                   : 44
 1-bit adder                                           : 16
 1-bit adder carry in                                  : 27
 5-bit adder carry in                                  : 1

=========================================================================

=========================================================================
*                         Low Level Synthesis                           *
=========================================================================

Optimizing unit <Exercise_2> ...

Mapping all equations...
Building and optimizing final netlist ...
Found area constraint ratio of 100 (+ 5) on block Exercise_2, actual ratio is 0.

Final Macro Processing ...

=========================================================================
Final Register Report

Found no macro
=========================================================================

=========================================================================
*                           Partition Report                            *
=========================================================================

Partition Implementation Status
-------------------------------

  No Partitions were found in this design.

-------------------------------

=========================================================================
*                            Design Summary                             *
=========================================================================

Top Level Output File Name         : Exercise_2.ngc

Primitive and Black Box Usage:
------------------------------
# BELS                             : 55
#      GND                         : 1
#      LUT2                        : 3
#      LUT3                        : 2
#      LUT4                        : 15
#      LUT5                        : 11
#      LUT6                        : 23
# IO Buffers                       : 44
#      IBUF                        : 9
#      OBUF                        : 35

Device utilization summary:
---------------------------

Selected Device : xa7a100tcsg324-2i 


Slice Logic Utilization: 
 Number of Slice LUTs:                   54  out of  63400     0%  
    Number used as Logic:                54  out of  63400     0%  

Slice Logic Distribution: 
 Number of LUT Flip Flop pairs used:     54
   Number with an unused Flip Flop:      54  out of     54   100%  
   Number with an unused LUT:             0  out of     54     0%  
   Number of fully used LUT-FF pairs:     0  out of     54     0%  
   Number of unique control sets:         0

IO Utilization: 
 Number of IOs:                          44
 Number of bonded IOBs:                  44  out of    210    20%  

Specific Feature Utilization:

---------------------------
Partition Resource Summary:
---------------------------

  No Partitions were found in this design.

---------------------------


=========================================================================
Timing Report

NOTE: THESE TIMING NUMBERS ARE ONLY A SYNTHESIS ESTIMATE.
      FOR ACCURATE TIMING INFORMATION PLEASE REFER TO THE TRACE REPORT
      GENERATED AFTER PLACE-and-ROUTE.

Clock Information:
------------------
No clock signals found in this design

Asynchronous Control Signals Information:
----------------------------------------
No asynchronous control signals found in this design

Timing Summary:
---------------
Speed Grade: -2

   Minimum period: No path found
   Minimum input arrival time before clock: No path found
   Maximum output required time after clock: No path found
   Maximum combinational path delay: 5.188ns

Timing Details:
---------------
All values displayed in nanoseconds (ns)

=========================================================================
Timing constraint: Default path analysis
  Total number of paths / destination ports: 973 / 34
-------------------------------------------------------------------------
Delay:               5.188ns (Levels of Logic = 8)
  Source:            SW_X<2> (PAD)
  Destination:       HEX_0<2> (PAD)

  Data Path: SW_X<2> to HEX_0<2>
                                Gate     Net
    Cell:in->out      fanout   Delay   Delay  Logical Name (Net Name)
    ----------------------------------------  ------------
     IBUF:I->O            18   0.001   0.534  SW_X_2_IBUF (SW_X_2_IBUF)
     LUT2:I0->O            1   0.097   0.616  Madd_LED_R_Madd_lut<2>1 (Madd_LED_R_Madd_lut<2>)
     LUT6:I2->O           17   0.097   0.843  Madd_LED_R_Madd_xor<2>11 (LED_R_2_OBUF)
     LUT6:I0->O            5   0.097   0.766  suma[3]_suma[2]_AND_108_o1 (suma[3]_suma[2]_AND_108_o)
     LUT6:I1->O            1   0.097   0.753  Madd_n0406_Madd_lut<0>1 (Madd_n0406_Madd_lut<0>)
     LUT6:I0->O            1   0.097   0.753  Madd_HEX_0<2>_Madd_lut<0>1 (Madd_HEX_0<2>_Madd_lut<0>)
     LUT6:I0->O            1   0.097   0.339  Madd_HEX_0<2>_Madd_xor<0>11 (HEX_0_2_OBUF)
     OBUF:I->O                 0.000          HEX_0_2_OBUF (HEX_0<2>)
    ----------------------------------------
    Total                      5.188ns (0.583ns logic, 4.605ns route)
                                       (11.2% logic, 88.8% route)

=========================================================================

Cross Clock Domains Report:
--------------------------

=========================================================================


Total REAL time to Xst completion: 104.00 secs
Total CPU time to Xst completion: 103.85 secs
 
--> 

Total memory usage is 801960 kilobytes

Number of errors   :    0 (   0 filtered)
Number of warnings :    1 (   0 filtered)
Number of infos    :    0 (   0 filtered)

