Release 14.7 - xst P.20131013 (nt64)
Copyright (c) 1995-2013 Xilinx, Inc.  All rights reserved.
--> Parameter TMPDIR set to xst/projnav.tmp


Total REAL time to Xst completion: 0.00 secs
Total CPU time to Xst completion: 0.28 secs
 
--> Parameter xsthdpdir set to xst


Total REAL time to Xst completion: 0.00 secs
Total CPU time to Xst completion: 0.28 secs
 
--> Reading design: DataPath.prj

TABLE OF CONTENTS
  1) Synthesis Options Summary
  2) HDL Compilation
  3) Design Hierarchy Analysis
  4) HDL Analysis
  5) HDL Synthesis
     5.1) HDL Synthesis Report
  6) Advanced HDL Synthesis
     6.1) Advanced HDL Synthesis Report
  7) Low Level Synthesis
  8) Partition Report
  9) Final Report
	9.1) Device utilization summary
	9.2) Partition Resource Summary
	9.3) TIMING REPORT


=========================================================================
*                      Synthesis Options Summary                        *
=========================================================================
---- Source Parameters
Input File Name                    : "DataPath.prj"
Input Format                       : mixed
Ignore Synthesis Constraint File   : NO

---- Target Parameters
Output File Name                   : "DataPath"
Output Format                      : NGC
Target Device                      : xc3s50-5-pq208

---- Source Options
Top Module Name                    : DataPath
Automatic FSM Extraction           : YES
FSM Encoding Algorithm             : Auto
Safe Implementation                : No
FSM Style                          : LUT
RAM Extraction                     : Yes
RAM Style                          : Auto
ROM Extraction                     : Yes
Mux Style                          : Auto
Decoder Extraction                 : YES
Priority Encoder Extraction        : Yes
Shift Register Extraction          : YES
Logical Shifter Extraction         : YES
XOR Collapsing                     : YES
ROM Style                          : Auto
Mux Extraction                     : Yes
Resource Sharing                   : YES
Asynchronous To Synchronous        : NO
Multiplier Style                   : Auto
Automatic Register Balancing       : No

---- Target Options
Add IO Buffers                     : YES
Global Maximum Fanout              : 100000
Add Generic Clock Buffer(BUFG)     : 8
Register Duplication               : YES
Slice Packing                      : YES
Optimize Instantiated Primitives   : NO
Use Clock Enable                   : Yes
Use Synchronous Set                : Yes
Use Synchronous Reset              : Yes
Pack IO Registers into IOBs        : Auto
Equivalent register Removal        : YES

---- General Options
Optimization Goal                  : Speed
Optimization Effort                : 1
Keep Hierarchy                     : No
Netlist Hierarchy                  : As_Optimized
RTL Output                         : Yes
Global Optimization                : AllClockNets
Read Cores                         : YES
Write Timing Constraints           : NO
Cross Clock Analysis               : NO
Hierarchy Separator                : /
Bus Delimiter                      : <>
Case Specifier                     : Maintain
Slice Utilization Ratio            : 100
BRAM Utilization Ratio             : 100
Verilog 2001                       : YES
Auto BRAM Packing                  : NO
Slice Utilization Ratio Delta      : 5

=========================================================================


=========================================================================
*                          HDL Compilation                              *
=========================================================================
Compiling verilog file "Shift_register2.v" in library work
Compiling verilog file "Shifter.v" in library work
Module <Shift_register2> compiled
Compiling verilog file "FSM.v" in library work
Module <Shift_register> compiled
Compiling verilog file "counter.v" in library work
Module <FSM> compiled
Compiling verilog file "DataPath.v" in library work
Module <counter> compiled
Module <DataPath> compiled
No errors in compilation
Analysis of file <"DataPath.prj"> succeeded.
 

=========================================================================
*                     Design Hierarchy Analysis                         *
=========================================================================
Analyzing hierarchy for module <DataPath> in library <work>.

Analyzing hierarchy for module <Shift_register> in library <work>.

Analyzing hierarchy for module <Shift_register2> in library <work>.

Analyzing hierarchy for module <FSM> in library <work>.

Analyzing hierarchy for module <counter> in library <work>.


=========================================================================
*                            HDL Analysis                               *
=========================================================================
Analyzing top module <DataPath>.
Module <DataPath> is correct for synthesis.
 
Analyzing module <Shift_register> in library <work>.
Module <Shift_register> is correct for synthesis.
 
Analyzing module <Shift_register2> in library <work>.
Module <Shift_register2> is correct for synthesis.
 
Analyzing module <FSM> in library <work>.
Module <FSM> is correct for synthesis.
 
Analyzing module <counter> in library <work>.
Module <counter> is correct for synthesis.
 

=========================================================================
*                           HDL Synthesis                               *
=========================================================================

Performing bidirectional port resolution...

Synthesizing Unit <Shift_register>.
    Related source file is "Shifter.v".
    Found 8-bit register for signal <register>.
    Summary:
	inferred   8 D-type flip-flop(s).
Unit <Shift_register> synthesized.


Synthesizing Unit <Shift_register2>.
    Related source file is "Shift_register2.v".
    Found 9-bit register for signal <register>.
    Summary:
	inferred   9 D-type flip-flop(s).
Unit <Shift_register2> synthesized.


Synthesizing Unit <FSM>.
    Related source file is "FSM.v".
WARNING:Xst:737 - Found 2-bit latch for signal <NXT_STATE>. Latches may be generated from incomplete case or if statements. We do not recommend the use of latches in FPGA/CPLD designs, as they may lead to timing problems.
INFO:Xst:2371 - HDL ADVISOR - Logic functions respectively driving the data and gate enable inputs of this latch share common terms. This situation will potentially lead to setup/hold violations and, as a result, to simulation problems. This situation may come from an incomplete case statement (all selector values are not covered). You should carefully review if it was in your intentions to describe such a latch.
WARNING:Xst:737 - Found 1-bit latch for signal <rst_sum>. Latches may be generated from incomplete case or if statements. We do not recommend the use of latches in FPGA/CPLD designs, as they may lead to timing problems.
INFO:Xst:2371 - HDL ADVISOR - Logic functions respectively driving the data and gate enable inputs of this latch share common terms. This situation will potentially lead to setup/hold violations and, as a result, to simulation problems. This situation may come from an incomplete case statement (all selector values are not covered). You should carefully review if it was in your intentions to describe such a latch.
WARNING:Xst:737 - Found 1-bit latch for signal <rst_reg>. Latches may be generated from incomplete case or if statements. We do not recommend the use of latches in FPGA/CPLD designs, as they may lead to timing problems.
INFO:Xst:2371 - HDL ADVISOR - Logic functions respectively driving the data and gate enable inputs of this latch share common terms. This situation will potentially lead to setup/hold violations and, as a result, to simulation problems. This situation may come from an incomplete case statement (all selector values are not covered). You should carefully review if it was in your intentions to describe such a latch.
WARNING:Xst:737 - Found 1-bit latch for signal <load>. Latches may be generated from incomplete case or if statements. We do not recommend the use of latches in FPGA/CPLD designs, as they may lead to timing problems.
INFO:Xst:2371 - HDL ADVISOR - Logic functions respectively driving the data and gate enable inputs of this latch share common terms. This situation will potentially lead to setup/hold violations and, as a result, to simulation problems. This situation may come from an incomplete case statement (all selector values are not covered). You should carefully review if it was in your intentions to describe such a latch.
WARNING:Xst:737 - Found 1-bit latch for signal <enable>. Latches may be generated from incomplete case or if statements. We do not recommend the use of latches in FPGA/CPLD designs, as they may lead to timing problems.
INFO:Xst:2371 - HDL ADVISOR - Logic functions respectively driving the data and gate enable inputs of this latch share common terms. This situation will potentially lead to setup/hold violations and, as a result, to simulation problems. This situation may come from an incomplete case statement (all selector values are not covered). You should carefully review if it was in your intentions to describe such a latch.
    Found 2-bit register for signal <STATE>.
    Found 2-bit 3-to-1 multiplexer for signal <NXT_STATE$mux0000>.
    Summary:
	inferred   2 D-type flip-flop(s).
	inferred   2 Multiplexer(s).
Unit <FSM> synthesized.


Synthesizing Unit <counter>.
    Related source file is "counter.v".
    Found 4-bit up counter for signal <count>.
    Summary:
	inferred   1 Counter(s).
Unit <counter> synthesized.


Synthesizing Unit <DataPath>.
    Related source file is "DataPath.v".
    Found 1-bit register for signal <carry>.
    Found 2-bit adder for signal <suma>.
    Found 1-bit adder carry out for signal <suma$addsub0001> created at line 80.
    Summary:
	inferred   1 D-type flip-flop(s).
	inferred   2 Adder/Subtractor(s).
Unit <DataPath> synthesized.


=========================================================================
HDL Synthesis Report

Macro Statistics
# Adders/Subtractors                                   : 2
 1-bit adder carry out                                 : 1
 2-bit adder                                           : 1
# Counters                                             : 1
 4-bit up counter                                      : 1
# Registers                                            : 5
 1-bit register                                        : 1
 2-bit register                                        : 1
 8-bit register                                        : 2
 9-bit register                                        : 1
# Latches                                              : 5
 1-bit latch                                           : 4
 2-bit latch                                           : 1
# Multiplexers                                         : 1
 2-bit 3-to-1 multiplexer                              : 1

=========================================================================

=========================================================================
*                       Advanced HDL Synthesis                          *
=========================================================================


=========================================================================
Advanced HDL Synthesis Report

Macro Statistics
# Adders/Subtractors                                   : 2
 1-bit adder carry out                                 : 1
 2-bit adder                                           : 1
# Counters                                             : 1
 4-bit up counter                                      : 1
# Registers                                            : 28
 Flip-Flops                                            : 28
# Latches                                              : 5
 1-bit latch                                           : 4
 2-bit latch                                           : 1
# Multiplexers                                         : 1
 2-bit 3-to-1 multiplexer                              : 1

=========================================================================

=========================================================================
*                         Low Level Synthesis                           *
=========================================================================

Optimizing unit <DataPath> ...

Optimizing unit <Shift_register> ...

Optimizing unit <Shift_register2> ...

Optimizing unit <FSM> ...

Mapping all equations...
Building and optimizing final netlist ...
Found area constraint ratio of 100 (+ 5) on block DataPath, actual ratio is 2.

Final Macro Processing ...

=========================================================================
Final Register Report

Macro Statistics
# Registers                                            : 32
 Flip-Flops                                            : 32

=========================================================================

=========================================================================
*                           Partition Report                            *
=========================================================================

Partition Implementation Status
-------------------------------

  No Partitions were found in this design.

-------------------------------

=========================================================================
*                            Final Report                               *
=========================================================================
Final Results
RTL Top Level Output File Name     : DataPath.ngr
Top Level Output File Name         : DataPath
Output Format                      : NGC
Optimization Goal                  : Speed
Keep Hierarchy                     : No

Design Statistics
# IOs                              : 28

Cell Usage :
# BELS                             : 33
#      INV                         : 1
#      LUT2                        : 5
#      LUT3                        : 18
#      LUT4                        : 9
# FlipFlops/Latches                : 38
#      FDR                         : 3
#      FDRE                        : 29
#      LD                          : 4
#      LD_1                        : 2
# Clock Buffers                    : 1
#      BUFGP                       : 1
# IO Buffers                       : 27
#      IBUF                        : 18
#      OBUF                        : 9
=========================================================================

Device utilization summary:
---------------------------

Selected Device : 3s50pq208-5 

 Number of Slices:                       22  out of    768     2%  
 Number of Slice Flip Flops:             38  out of   1536     2%  
 Number of 4 input LUTs:                 33  out of   1536     2%  
 Number of IOs:                          28
 Number of bonded IOBs:                  28  out of    124    22%  
 Number of GCLKs:                         1  out of      8    12%  

---------------------------
Partition Resource Summary:
---------------------------

  No Partitions were found in this design.

---------------------------


=========================================================================
TIMING REPORT

NOTE: THESE TIMING NUMBERS ARE ONLY A SYNTHESIS ESTIMATE.
      FOR ACCURATE TIMING INFORMATION PLEASE REFER TO THE TRACE REPORT
      GENERATED AFTER PLACE-and-ROUTE.

Clock Information:
------------------
---------------------------------------------------+------------------------+-------+
Clock Signal                                       | Clock buffer(FF name)  | Load  |
---------------------------------------------------+------------------------+-------+
clk                                                | BUFGP                  | 32    |
fs/NXT_STATE_cmp_eq0000(fs/NXT_STATE_cmp_eq00001:O)| NONE(*)(fs/NXT_STATE_1)| 2     |
fs/rst_sum_not0001(fs/rst_sum_not00011:O)          | NONE(*)(fs/rst_sum)    | 3     |
fs/rst_reg_not0001(fs/rst_reg_not00011:O)          | NONE(*)(fs/rst_reg)    | 1     |
---------------------------------------------------+------------------------+-------+
(*) These 3 clock signal(s) are generated by combinatorial logic,
and XST is not able to identify which are the primary clock signals.
Please use the CLOCK_SIGNAL constraint to specify the clock signal(s) generated by combinatorial logic.
INFO:Xst:2169 - HDL ADVISOR - Some clock signals were not automatically buffered by XST with BUFG/BUFR resources. Please use the buffer_type constraint in order to insert these buffers to the clock signals to help prevent skew problems.

Asynchronous Control Signals Information:
----------------------------------------
No asynchronous control signals found in this design

Timing Summary:
---------------
Speed Grade: -5

   Minimum period: 2.745ns (Maximum Frequency: 364.339MHz)
   Minimum input arrival time before clock: 2.620ns
   Maximum output required time after clock: 6.280ns
   Maximum combinational path delay: No path found

Timing Detail:
--------------
All values displayed in nanoseconds (ns)

=========================================================================
Timing constraint: Default period analysis for Clock 'clk'
  Clock period: 2.745ns (frequency: 364.339MHz)
  Total number of paths / destination ports: 38 / 28
-------------------------------------------------------------------------
Delay:               2.745ns (Levels of Logic = 1)
  Source:            c1/count_0 (FF)
  Destination:       c1/count_0 (FF)
  Source Clock:      clk rising
  Destination Clock: clk rising

  Data Path: c1/count_0 to c1/count_0
                                Gate     Net
    Cell:in->out      fanout   Delay   Delay  Logical Name (Net Name)
    ----------------------------------------  ------------
     FDRE:C->Q             5   0.626   0.783  c1/count_0 (c1/count_0)
     INV:I->O              1   0.479   0.681  c1/Mcount_count_xor<0>11_INV_0 (Result<0>)
     FDRE:D                    0.176          c1/count_0
    ----------------------------------------
    Total                      2.745ns (1.281ns logic, 1.464ns route)
                                       (46.7% logic, 53.3% route)

=========================================================================
Timing constraint: Default OFFSET IN BEFORE for Clock 'clk'
  Total number of paths / destination ports: 19 / 19
-------------------------------------------------------------------------
Offset:              2.562ns (Levels of Logic = 1)
  Source:            rst (PAD)
  Destination:       carry (FF)
  Destination Clock: clk rising

  Data Path: rst to carry
                                Gate     Net
    Cell:in->out      fanout   Delay   Delay  Logical Name (Net Name)
    ----------------------------------------  ------------
     IBUF:I->O             9   0.715   0.955  rst_IBUF (rst_IBUF)
     FDR:R                     0.892          carry
    ----------------------------------------
    Total                      2.562ns (1.607ns logic, 0.955ns route)
                                       (62.7% logic, 37.3% route)

=========================================================================
Timing constraint: Default OFFSET IN BEFORE for Clock 'fs/NXT_STATE_cmp_eq0000'
  Total number of paths / destination ports: 2 / 2
-------------------------------------------------------------------------
Offset:              2.299ns (Levels of Logic = 2)
  Source:            go (PAD)
  Destination:       fs/NXT_STATE_1 (LATCH)
  Destination Clock: fs/NXT_STATE_cmp_eq0000 rising

  Data Path: go to fs/NXT_STATE_1
                                Gate     Net
    Cell:in->out      fanout   Delay   Delay  Logical Name (Net Name)
    ----------------------------------------  ------------
     IBUF:I->O             7   0.715   0.929  go_IBUF (go_IBUF)
     LUT4:I3->O            1   0.479   0.000  fs/Mmux_NXT_STATE_mux000031 (fs/NXT_STATE_mux0000<1>)
     LD_1:D                    0.176          fs/NXT_STATE_1
    ----------------------------------------
    Total                      2.299ns (1.370ns logic, 0.929ns route)
                                       (59.6% logic, 40.4% route)

=========================================================================
Timing constraint: Default OFFSET IN BEFORE for Clock 'fs/rst_sum_not0001'
  Total number of paths / destination ports: 6 / 3
-------------------------------------------------------------------------
Offset:              2.620ns (Levels of Logic = 2)
  Source:            rst (PAD)
  Destination:       fs/rst_sum (LATCH)
  Destination Clock: fs/rst_sum_not0001 falling

  Data Path: rst to fs/rst_sum
                                Gate     Net
    Cell:in->out      fanout   Delay   Delay  Logical Name (Net Name)
    ----------------------------------------  ------------
     IBUF:I->O             9   0.715   1.250  rst_IBUF (rst_IBUF)
     LUT4:I0->O            1   0.479   0.000  fs/rst_sum_mux00001 (fs/rst_sum_mux0000)
     LD:D                      0.176          fs/rst_sum
    ----------------------------------------
    Total                      2.620ns (1.370ns logic, 1.250ns route)
                                       (52.3% logic, 47.7% route)

=========================================================================
Timing constraint: Default OFFSET IN BEFORE for Clock 'fs/rst_reg_not0001'
  Total number of paths / destination ports: 2 / 1
-------------------------------------------------------------------------
Offset:              2.620ns (Levels of Logic = 2)
  Source:            rst (PAD)
  Destination:       fs/rst_reg (LATCH)
  Destination Clock: fs/rst_reg_not0001 falling

  Data Path: rst to fs/rst_reg
                                Gate     Net
    Cell:in->out      fanout   Delay   Delay  Logical Name (Net Name)
    ----------------------------------------  ------------
     IBUF:I->O             9   0.715   1.250  rst_IBUF (rst_IBUF)
     LUT4:I0->O            1   0.479   0.000  fs/rst_reg_mux00001 (fs/rst_reg_mux0000)
     LD:D                      0.176          fs/rst_reg
    ----------------------------------------
    Total                      2.620ns (1.370ns logic, 1.250ns route)
                                       (52.3% logic, 47.7% route)

=========================================================================
Timing constraint: Default OFFSET OUT AFTER for Clock 'clk'
  Total number of paths / destination ports: 9 / 9
-------------------------------------------------------------------------
Offset:              6.280ns (Levels of Logic = 1)
  Source:            r3/register_8 (FF)
  Destination:       sum<8> (PAD)
  Source Clock:      clk rising

  Data Path: r3/register_8 to sum<8>
                                Gate     Net
    Cell:in->out      fanout   Delay   Delay  Logical Name (Net Name)
    ----------------------------------------  ------------
     FDRE:C->Q             2   0.626   0.745  r3/register_8 (r3/register_8)
     OBUF:I->O                 4.909          sum_8_OBUF (sum<8>)
    ----------------------------------------
    Total                      6.280ns (5.535ns logic, 0.745ns route)
                                       (88.1% logic, 11.9% route)

=========================================================================


Total REAL time to Xst completion: 12.00 secs
Total CPU time to Xst completion: 12.20 secs
 
--> 

Total memory usage is 290632 kilobytes

Number of errors   :    0 (   0 filtered)
Number of warnings :    5 (   0 filtered)
Number of infos    :    6 (   0 filtered)

