Command line:
   TwosComplement_12bits_isim_beh.exe
     -simmode  gui
     -simrunnum  0
     -socket  49824

Fri Sep 01 00:22:34 2017


 Elaboration Time: 0.109375 sec

 Current Memory Usage: 841.855 Meg

 Total Signals          : 15
 Total Nets             : 45
 Total Signal Drivers   : 6
 Total Blocks           : 2
 Total Primitive Blocks : 2
 Total Processes        : 7
 Total Traceable Variables  : 18
 Total Scalar Nets and Variables : 125
Total Line Count : 15

 Total Simulation Time: 0.109375 sec

 Current Memory Usage: 841.855 Meg

Fri Sep 01 00:22:40 2017

