Release 14.7 - xst P.20131013 (nt64)
Copyright (c) 1995-2013 Xilinx, Inc.  All rights reserved.
--> Parameter TMPDIR set to xst/projnav.tmp


Total REAL time to Xst completion: 1.00 secs
Total CPU time to Xst completion: 0.35 secs
 
--> Parameter xsthdpdir set to xst


Total REAL time to Xst completion: 1.00 secs
Total CPU time to Xst completion: 0.36 secs
 
--> Reading design: Divisor_6bits.prj

TABLE OF CONTENTS
  1) Synthesis Options Summary
  2) HDL Parsing
  3) HDL Elaboration
  4) HDL Synthesis
       4.1) HDL Synthesis Report
  5) Advanced HDL Synthesis
       5.1) Advanced HDL Synthesis Report
  6) Low Level Synthesis
  7) Partition Report
  8) Design Summary
       8.1) Primitive and Black Box Usage
       8.2) Device utilization summary
       8.3) Partition Resource Summary
       8.4) Timing Report
            8.4.1) Clock Information
            8.4.2) Asynchronous Control Signals Information
            8.4.3) Timing Summary
            8.4.4) Timing Details
            8.4.5) Cross Clock Domains Report


=========================================================================
*                      Synthesis Options Summary                        *
=========================================================================
---- Source Parameters
Input File Name                    : "Divisor_6bits.prj"
Ignore Synthesis Constraint File   : NO

---- Target Parameters
Output File Name                   : "Divisor_6bits"
Output Format                      : NGC
Target Device                      : xa7a100t-2I-csg324

---- Source Options
Top Module Name                    : Divisor_6bits
Automatic FSM Extraction           : YES
FSM Encoding Algorithm             : Auto
Safe Implementation                : No
FSM Style                          : LUT
RAM Extraction                     : Yes
RAM Style                          : Auto
ROM Extraction                     : Yes
Shift Register Extraction          : YES
ROM Style                          : Auto
Resource Sharing                   : YES
Asynchronous To Synchronous        : NO
Shift Register Minimum Size        : 2
Use DSP Block                      : Auto
Automatic Register Balancing       : No

---- Target Options
LUT Combining                      : Auto
Reduce Control Sets                : Auto
Add IO Buffers                     : YES
Global Maximum Fanout              : 100000
Add Generic Clock Buffer(BUFG)     : 32
Register Duplication               : YES
Optimize Instantiated Primitives   : NO
Use Clock Enable                   : Auto
Use Synchronous Set                : Auto
Use Synchronous Reset              : Auto
Pack IO Registers into IOBs        : Auto
Equivalent register Removal        : YES

---- General Options
Optimization Goal                  : Speed
Optimization Effort                : 1
Power Reduction                    : NO
Keep Hierarchy                     : No
Netlist Hierarchy                  : As_Optimized
RTL Output                         : Yes
Global Optimization                : AllClockNets
Read Cores                         : YES
Write Timing Constraints           : NO
Cross Clock Analysis               : NO
Hierarchy Separator                : /
Bus Delimiter                      : <>
Case Specifier                     : Maintain
Slice Utilization Ratio            : 100
BRAM Utilization Ratio             : 100
DSP48 Utilization Ratio            : 100
Auto BRAM Packing                  : NO
Slice Utilization Ratio Delta      : 5

=========================================================================


=========================================================================
*                          HDL Parsing                                  *
=========================================================================
Analyzing Verilog file "D:\Verilog\ALU\TwosComplement.v" into library work
Parsing module <TwosComplement>.
Analyzing Verilog file "D:\Verilog\ALU\Divisor.v" into library work
Parsing module <Divisor>.
Analyzing Verilog file "D:\Verilog\ALU\Divisor_6bits.v" into library work
Parsing module <Divisor_6bits>.

=========================================================================
*                            HDL Elaboration                            *
=========================================================================
WARNING:HDLCompiler:1016 - "D:\Verilog\ALU\Divisor_6bits.v" Line 64: Port neg is not connected to this instance

Elaborating module <Divisor_6bits>.

Elaborating module <Divisor>.
WARNING:HDLCompiler:413 - "D:\Verilog\ALU\Divisor.v" Line 100: Result of 5-bit expression is truncated to fit in 4-bit target.

Elaborating module <TwosComplement>.
WARNING:HDLCompiler:413 - "D:\Verilog\ALU\TwosComplement.v" Line 26: Result of 32-bit expression is truncated to fit in 8-bit target.
ERROR:HDLCompiler:1401 - "D:\Verilog\ALU\Divisor.v" Line 90: Signal regQ[7] in unit Divisor is connected to following multiple drivers:
Driver 0: output signal regQ[7] of instance Flip-flop (regQ).
Driver 1: output signal regQ[7] of instance Flip-flop (_i000034).
Driver 0: output signal regQ[6] of instance Flip-flop (regQ).
Driver 1: output signal regQ[6] of instance Flip-flop (_i000034).
Driver 0: output signal regQ[5] of instance Flip-flop (regQ).
Driver 1: output signal regQ[5] of instance Flip-flop (_i000034).
Driver 0: output signal regQ[4] of instance Flip-flop (regQ).
Driver 1: output signal regQ[4] of instance Flip-flop (_i000034).
Driver 0: output signal regQ[3] of instance Flip-flop (regQ).
Driver 1: output signal regQ[3] of instance Flip-flop (_i000034).
Driver 0: output signal regQ[2] of instance Flip-flop (regQ).
Driver 1: output signal regQ[2] of instance Flip-flop (_i000034).
Driver 0: output signal regQ[1] of instance Flip-flop (regQ).
Driver 1: output signal regQ[1] of instance Flip-flop (_i000034).
Driver 0: output signal regQ[0] of instance Flip-flop (regQ).
Driver 1: output signal regQ[0] of instance Flip-flop (_i000034).
Driver 0: output signal regA[7] of instance Flip-flop (regA).
Driver 1: output signal regA[7] of instance Flip-flop (_i000039).
Driver 0: output signal regA[6] of instance Flip-flop (regA).
Driver 1: output signal regA[6] of instance Flip-flop (_i000039).
Driver 0: output signal regA[5] of instance Flip-flop (regA).
Driver 1: output signal regA[5] of instance Flip-flop (_i000039).
Driver 0: output signal regA[4] of instance Flip-flop (regA).
Driver 1: output signal regA[4] of instance Flip-flop (_i000039).
Driver 0: output signal regA[3] of instance Flip-flop (regA).
Driver 1: output signal regA[3] of instance Flip-flop (_i000039).
Driver 0: output signal regA[2] of instance Flip-flop (regA).
Driver 1: output signal regA[2] of instance Flip-flop (_i000039).
Driver 0: output signal regA[1] of instance Flip-flop (regA).
Driver 1: output signal regA[1] of instance Flip-flop (_i000039).
Driver 0: output signal regA[0] of instance Flip-flop (regA).
Driver 1: output signal regA[0] of instance Flip-flop (_i000039).
Driver 0: output signal contador[3] of instance Flip-flop (contador).
Driver 1: output signal contador[3] of instance Flip-flop (_i000020).
Driver 0: output signal contador[2] of instance Flip-flop (contador).
Driver 1: output signal contador[2] of instance Flip-flop (_i000020).
Driver 0: output signal contador[1] of instance Flip-flop (contador).
Driver 1: output signal contador[1] of instance Flip-flop (_i000020).
Driver 0: output signal contador[0] of instance Flip-flop (contador).
Driver 1: output signal contador[0] of instance Flip-flop (_i000020).
Module Divisor remains a blackbox, due to errors in its contents
WARNING:HDLCompiler:1499 - "D:\Verilog\ALU\Divisor.v" Line 21: Empty module <Divisor> remains a black box.
WARNING:HDLCompiler:1127 - "D:\Verilog\ALU\Divisor_6bits.v" Line 69: Assignment to cociente ignored, since the identifier is never used
WARNING:HDLCompiler:1127 - "D:\Verilog\ALU\Divisor_6bits.v" Line 70: Assignment to residuo ignored, since the identifier is never used
--> 

Total memory usage is 272404 kilobytes

Number of errors   :    1 (   0 filtered)
Number of warnings :    6 (   0 filtered)
Number of infos    :    0 (   0 filtered)

